#
# A fatal error has been detected by the Java Runtime Environment:
#
#  EXCEPTION_ACCESS_VIOLATION (0xc0000005) at pc=0x00007ff995988cae, pid=30256, tid=17580
#
# JRE version: Java(TM) SE Runtime Environment (17.0.3+8) (build 17.0.3+8-LTS-111)
# Java VM: Java HotSpot(TM) 64-Bit Server VM (17.0.3+8-LTS-111, mixed mode, sharing, tiered, compressed oops, compressed class ptrs, g1 gc, windows-amd64)
# Problematic frame:
# V  [jvm.dll+0x558cae]
#
# No core dump will be written. Minidumps are not enabled by default on client versions of Windows
#
# If you would like to submit a bug report, please visit:
#   https://bugreport.java.com/bugreport/crash.jsp
#

---------------  S U M M A R Y ------------

Command Line: -Xverify:none -Dfile.encoding=windows-1252 -Duser.country=US -Duser.language=en -Duser.variant osnet.OSNetClient

Host: 12th Gen Intel(R) Core(TM) i9-12900K, 24 cores, 31G,  Windows 11 , 64 bit Build 22000 (10.0.22000.708)
Time: Wed Jul 27 22:56:13 2022 US Eastern Daylight Time elapsed time: 4.902929 seconds (0d 0h 0m 4s)

---------------  T H R E A D  ---------------

Current thread (0x000001e260ea7e80):  JavaThread "Thread-1" [_thread_in_vm, id=17580, stack(0x0000005818c10000,0x0000005818d10000)]

Stack: [0x0000005818c10000,0x0000005818d10000],  sp=0x0000005818d0eee0,  free space=1019k
Native frames: (J=compiled Java code, j=interpreted, Vv=VM code, C=native code)
V  [jvm.dll+0x558cae]
V  [jvm.dll+0x37f637]
V  [jvm.dll+0x37ec8f]
C  0x000001e232d09e42

Java frames: (J=compiled Java code, j=interpreted, Vv=VM code)
j  java.awt.image.BufferedImage.setRGB(III)V+12 java.desktop@17.0.3
j  Client.drawFull(I)V+56
j  Client.method9(Z)V+73
j  Game.run()V+472
j  Client.run()V+18
j  java.lang.Thread.run()V+11 java.base@17.0.3
v  ~StubRoutines::call_stub

siginfo: EXCEPTION_ACCESS_VIOLATION (0xc0000005), reading address 0x00000000c687a1c8


Register to memory mapping:

RIP=0x00007ff995988cae jvm.dll
RAX=0x0000005818d0ef40 is pointing into the stack for thread: 0x000001e260ea7e80
RBX=0x000001e259dd31d8 points into unknown readable memory: 0x00000000c687a1c0 | c0 a1 87 c6 00 00 00 00
RCX=0x0000005818d0eeb0 is pointing into the stack for thread: 0x000001e260ea7e80
RDX=0x0000005818d0eeb0 is pointing into the stack for thread: 0x000001e260ea7e80
RSP=0x0000005818d0eee0 is pointing into the stack for thread: 0x000001e260ea7e80
RBP=0x0000005818d0ef59 is pointing into the stack for thread: 0x000001e260ea7e80
RSI=0x0000005818d0f080 is pointing into the stack for thread: 0x000001e260ea7e80
RDI=0x00000000c687a1c0 is an unknown value
R8 =0x0 is NULL
R9 =0x000001e25992fba8 is pointing into metadata
R10=0x000001e25953d148 is pointing into metadata
R11=0x0 is NULL
R12=0x0 is NULL
R13=0x000001e2595416d4 is pointing into metadata
R14=0x000001e260ea7e80 is a thread
R15=0x000001e2595416d4 is pointing into metadata


Registers:
RAX=0x0000005818d0ef40, RBX=0x000001e259dd31d8, RCX=0x0000005818d0eeb0, RDX=0x0000005818d0eeb0
RSP=0x0000005818d0eee0, RBP=0x0000005818d0ef59, RSI=0x0000005818d0f080, RDI=0x00000000c687a1c0
R8 =0x0000000000000000, R9 =0x000001e25992fba8, R10=0x000001e25953d148, R11=0x0000000000000000
R12=0x0000000000000000, R13=0x000001e2595416d4, R14=0x000001e260ea7e80, R15=0x000001e2595416d4
RIP=0x00007ff995988cae, EFLAGS=0x0000000000010202

Top of Stack: (sp=0x0000005818d0eee0)
0x0000005818d0eee0:   000001e25954170a 000001e259dd31d8
0x0000005818d0eef0:   0000005818d0ef59 00007ff995b1c2e1
0x0000005818d0ef00:   0000000000000000 000001e260c79950
0x0000005818d0ef10:   000001e259541718 00007ff9956f656f
0x0000005818d0ef20:   0000000800494540 0000002700000015
0x0000005818d0ef30:   0000000000000027 000000030000000c
0x0000005818d0ef40:   000001e258072c48 0000000800494540
0x0000005818d0ef50:   0000000800c67e98 0000000800c56988
0x0000005818d0ef60:   0000000000000000 0000000000000000
0x0000005818d0ef70:   000001e2600a0101 00007ff99566a82e
0x0000005818d0ef80:   0000000800494540 00000000000000b6
0x0000005818d0ef90:   000001e260c79900 000001e259dd31d8
0x0000005818d0efa0:   0000005818d0f0b0 00007ff9957af637
0x0000005818d0efb0:   000001e260ea7e80 000001e260c79950
0x0000005818d0efc0:   000001e260ea7e80 00000000000000b6
0x0000005818d0efd0:   000001e2000000b6 000001e260ea7e80 

Instructions: (pc=0x00007ff995988cae)
0x00007ff995988bae:   b4 24 a8 00 00 00 48 98 0f b6 84 01 b4 8f 55 00
0x00007ff995988bbe:   8b 94 81 98 8f 55 00 48 03 d1 ff e2 48 8b 5d 7f
0x00007ff995988bce:   48 8d 4d e7 4c 8b cb 45 8b c2 49 8b d3 e8 60 d1
0x00007ff995988bde:   ff ff 48 83 7b 08 00 0f 85 89 03 00 00 4c 8b cb
0x00007ff995988bee:   48 8d 55 e7 41 b0 01 48 8b ce e8 63 0e 00 00 e9
0x00007ff995988bfe:   72 03 00 00 48 8b 7d 7f 48 8d 4d e7 4c 8b cf 45
0x00007ff995988c0e:   8b c2 49 8b d3 e8 28 d1 ff ff 48 83 7f 08 00 0f
0x00007ff995988c1e:   85 51 03 00 00 48 8b d7 48 8d 4d e7 e8 d1 e0 ff
0x00007ff995988c2e:   ff 48 83 7f 08 00 0f 85 3a 03 00 00 48 89 45 d7
0x00007ff995988c3e:   48 89 7d df 48 85 c0 74 14 48 8b 8f 40 02 00 00
0x00007ff995988c4e:   48 8d 55 c7 48 89 45 c7 e8 a5 1d ab ff 4c 8b cb
0x00007ff995988c5e:   48 89 7c 24 20 4c 8d 45 d7 48 8b ce 48 8d 55 e7
0x00007ff995988c6e:   e8 7d 17 00 00 e9 f3 02 00 00 4c 8b 75 7f 48 8d
0x00007ff995988c7e:   4d e7 4d 8b ce 45 8b c2 49 8b d3 e8 b2 d0 ff ff
0x00007ff995988c8e:   49 83 7e 08 00 0f 85 db 02 00 00 48 85 db 75 04
0x00007ff995988c9e:   33 ff eb 25 80 3d fa 1c 59 00 00 48 8b 3b 74 15
0x00007ff995988cae:   8b 7f 08 8b 0d 01 a6 52 00 48 d3 e7 48 03 3d ef
0x00007ff995988cbe:   a5 52 00 eb 04 48 8b 7f 08 49 8b d6 48 8d 4d e7
0x00007ff995988cce:   e8 9d e5 ff ff 49 83 7e 08 00 0f 85 96 02 00 00
0x00007ff995988cde:   48 89 45 d7 4c 89 75 df 48 85 c0 74 14 49 8b 8e
0x00007ff995988cee:   40 02 00 00 48 8d 55 c7 48 89 45 c7 e8 01 1d ab
0x00007ff995988cfe:   ff 4c 8b 45 f7 48 8d 55 d7 4c 89 74 24 30 4c 8b
0x00007ff995988d0e:   cb c6 44 24 28 01 48 8b ce 48 89 7c 24 20 e8 3f
0x00007ff995988d1e:   1c 00 00 e9 45 02 00 00 4c 8b 75 7f 48 8d 4d e7
0x00007ff995988d2e:   4d 8b ce 45 8b c2 49 8b d3 e8 04 d0 ff ff 49 83
0x00007ff995988d3e:   7e 08 00 0f 85 2d 02 00 00 48 83 3d 11 73 59 00
0x00007ff995988d4e:   00 0f 84 98 00 00 00 49 8b be 30 02 00 00 48 8b
0x00007ff995988d5e:   4d ef 4c 89 a4 24 d8 00 00 00 4c 89 ac 24 e0 00
0x00007ff995988d6e:   00 00 48 8b 47 28 4c 8b 67 18 4c 8b 6f 20 4c 89
0x00007ff995988d7e:   bc 24 a0 00 00 00 4c 8b 7f 10 48 89 45 c7 e8 ff
0x00007ff995988d8e:   4f 1e 00 48 8b 4d e7 48 8b d8 e8 f3 4f 1e 00 48
0x00007ff995988d9e:   8b d0 48 8d 0d 71 55 3d 00 4c 8b c3 e8 b1 cc ff 


Stack slot to memory mapping:
stack at sp + 0 slots: 0x000001e25954170a is pointing into metadata
stack at sp + 1 slots: 0x000001e259dd31d8 points into unknown readable memory: 0x00000000c687a1c0 | c0 a1 87 c6 00 00 00 00
stack at sp + 2 slots: 0x0000005818d0ef59 is pointing into the stack for thread: 0x000001e260ea7e80
stack at sp + 3 slots: 0x00007ff995b1c2e1 jvm.dll
stack at sp + 4 slots: 0x0 is NULL
stack at sp + 5 slots: 0x000001e260c79950 points into unknown readable memory: 0x7573002600000002 | 02 00 00 00 26 00 73 75
stack at sp + 6 slots: {method} {0x000001e259541720} 'setRGB' '(III)V' in 'java/awt/image/BufferedImage'
stack at sp + 7 slots: 0x00007ff9956f656f jvm.dll


---------------  P R O C E S S  ---------------

Threads class SMR info:
_java_thread_list=0x000001e2616b1ba0, length=24, elements={
0x000001e2580c6120, 0x000001e2580c6f90, 0x000001e258f61b50, 0x000001e258f63510,
0x000001e258f63ec0, 0x000001e258f64870, 0x000001e258f65600, 0x000001e258f660a0,
0x000001e258f68aa0, 0x000001e25907e2a0, 0x000001e2590a4c30, 0x000001e2590ae520,
0x000001e259de48c0, 0x000001e259e12480, 0x000001e259e1a040, 0x000001e259e1d320,
0x000001e260dfc110, 0x000001e260e60fc0, 0x000001e260ea7e80, 0x000001e260ea7010,
0x000001e260ea6b40, 0x000001e260ea8350, 0x000001e260ea79b0, 0x000001e260ea8cf0
}

Java Threads: ( => current thread )
  0x000001e2580c6120 JavaThread "Reference Handler" daemon [_thread_blocked, id=28456, stack(0x0000005817700000,0x0000005817800000)]
  0x000001e2580c6f90 JavaThread "Finalizer" daemon [_thread_blocked, id=26944, stack(0x0000005817800000,0x0000005817900000)]
  0x000001e258f61b50 JavaThread "Signal Dispatcher" daemon [_thread_blocked, id=31824, stack(0x0000005817900000,0x0000005817a00000)]
  0x000001e258f63510 JavaThread "Attach Listener" daemon [_thread_blocked, id=12056, stack(0x0000005817a00000,0x0000005817b00000)]
  0x000001e258f63ec0 JavaThread "Service Thread" daemon [_thread_blocked, id=2812, stack(0x0000005817b00000,0x0000005817c00000)]
  0x000001e258f64870 JavaThread "Monitor Deflation Thread" daemon [_thread_blocked, id=13380, stack(0x0000005817c00000,0x0000005817d00000)]
  0x000001e258f65600 JavaThread "C2 CompilerThread0" daemon [_thread_blocked, id=32220, stack(0x0000005817d00000,0x0000005817e00000)]
  0x000001e258f660a0 JavaThread "C1 CompilerThread0" daemon [_thread_blocked, id=19688, stack(0x0000005817e00000,0x0000005817f00000)]
  0x000001e258f68aa0 JavaThread "Sweeper thread" daemon [_thread_blocked, id=33036, stack(0x0000005817f00000,0x0000005818000000)]
  0x000001e25907e2a0 JavaThread "C1 CompilerThread1" daemon [_thread_blocked, id=32696, stack(0x0000005818000000,0x0000005818100000)]
  0x000001e2590a4c30 JavaThread "Notification Thread" daemon [_thread_blocked, id=13436, stack(0x0000005818100000,0x0000005818200000)]
  0x000001e2590ae520 JavaThread "Common-Cleaner" daemon [_thread_blocked, id=20768, stack(0x0000005818300000,0x0000005818400000)]
  0x000001e259de48c0 JavaThread "Thread-0" daemon [_thread_blocked, id=25960, stack(0x0000005818500000,0x0000005818600000)]
  0x000001e259e12480 JavaThread "Java2D Disposer" daemon [_thread_blocked, id=34592, stack(0x0000005818600000,0x0000005818700000)]
  0x000001e259e1a040 JavaThread "AWT-Shutdown" [_thread_blocked, id=27740, stack(0x0000005818700000,0x0000005818800000)]
  0x000001e259e1d320 JavaThread "AWT-Windows" daemon [_thread_in_native, id=34352, stack(0x0000005818800000,0x0000005818900000)]
  0x000001e260dfc110 JavaThread "AWT-EventQueue-0" [_thread_blocked, id=30384, stack(0x0000005818a10000,0x0000005818b10000)]
  0x000001e260e60fc0 JavaThread "D3D Screen Updater" daemon [_thread_blocked, id=18076, stack(0x0000005818b10000,0x0000005818c10000)]
=>0x000001e260ea7e80 JavaThread "Thread-1" [_thread_in_vm, id=17580, stack(0x0000005818c10000,0x0000005818d10000)]
  0x000001e260ea7010 JavaThread "DestroyJavaVM" [_thread_blocked, id=30408, stack(0x0000005817000000,0x0000005817100000)]
  0x000001e260ea6b40 JavaThread "Image Fetcher 0" daemon [_thread_blocked, id=25444, stack(0x0000005819920000,0x0000005819a20000)]
  0x000001e260ea8350 JavaThread "Thread-3" [_thread_blocked, id=22020, stack(0x0000005819c20000,0x0000005819d20000)]
  0x000001e260ea79b0 JavaThread "Thread-4" [_thread_blocked, id=6440, stack(0x000000581a220000,0x000000581a320000)]
  0x000001e260ea8cf0 JavaThread "Thread-5" [_thread_blocked, id=34776, stack(0x0000005819a20000,0x0000005819b20000)]

Other Threads:
  0x000001e2580c1520 VMThread "VM Thread" [stack: 0x0000005817600000,0x0000005817700000] [id=18960] _threads_hazard_ptr=0x000001e2616b1ba0
  0x000001e257f47aa0 WatcherThread [stack: 0x0000005818200000,0x0000005818300000] [id=14936]
  0x000001e22b52a210 GCTaskThread "GC Thread#0" [stack: 0x0000005817100000,0x0000005817200000] [id=31764]
  0x000001e260ea57b0 GCTaskThread "GC Thread#1" [stack: 0x0000005818d20000,0x0000005818e20000] [id=27060]
  0x000001e260ea5a60 GCTaskThread "GC Thread#2" [stack: 0x0000005818e20000,0x0000005818f20000] [id=31968]
  0x000001e260ea5d10 GCTaskThread "GC Thread#3" [stack: 0x0000005818f20000,0x0000005819020000] [id=6756]
  0x000001e260efb790 GCTaskThread "GC Thread#4" [stack: 0x0000005819020000,0x0000005819120000] [id=18140]
  0x000001e260efba40 GCTaskThread "GC Thread#5" [stack: 0x0000005819120000,0x0000005819220000] [id=11532]
  0x000001e260efdd00 GCTaskThread "GC Thread#6" [stack: 0x0000005819220000,0x0000005819320000] [id=16300]
  0x000001e260f00a70 GCTaskThread "GC Thread#7" [stack: 0x0000005819320000,0x0000005819420000] [id=18536]
  0x000001e260f00d20 GCTaskThread "GC Thread#8" [stack: 0x0000005819420000,0x0000005819520000] [id=32108]
  0x000001e260f00fd0 GCTaskThread "GC Thread#9" [stack: 0x0000005819520000,0x0000005819620000] [id=27624]
  0x000001e260f05af0 GCTaskThread "GC Thread#10" [stack: 0x0000005819620000,0x0000005819720000] [id=31044]
  0x000001e260f052e0 GCTaskThread "GC Thread#11" [stack: 0x0000005819720000,0x0000005819820000] [id=5928]
  0x000001e22b497640 ConcurrentGCThread "G1 Main Marker" [stack: 0x0000005817200000,0x0000005817300000] [id=33140]
  0x000001e22b53b730 ConcurrentGCThread "G1 Conc#0" [stack: 0x0000005817300000,0x0000005817400000] [id=28832]
  0x000001e260f05840 ConcurrentGCThread "G1 Conc#1" [stack: 0x0000005819d20000,0x0000005819e20000] [id=26856]
  0x000001e260f06b10 ConcurrentGCThread "G1 Conc#2" [stack: 0x0000005819e20000,0x0000005819f20000] [id=28548]
  0x000001e260f05da0 ConcurrentGCThread "G1 Conc#3" [stack: 0x0000005819f20000,0x000000581a020000] [id=16364]
  0x000001e260f05590 ConcurrentGCThread "G1 Conc#4" [stack: 0x000000581a020000,0x000000581a120000] [id=33256]
  0x000001e257ffcfa0 ConcurrentGCThread "G1 Refine#0" [stack: 0x0000005817400000,0x0000005817500000] [id=31168]
  0x000001e257ffd9c0 ConcurrentGCThread "G1 Service" [stack: 0x0000005817500000,0x0000005817600000] [id=34540]

Threads with active compile tasks:

VM state: synchronizing (normal execution)

VM Mutex/Monitor currently owned by a thread:  ([mutex/lock_event])
[0x000001e22b474620] Threads_lock - owner thread: 0x000001e2580c1520

Heap address: 0x0000000604000000, size: 8128 MB, Compressed Oops mode: Zero based, Oop shift amount: 3

CDS archive(s) mapped at: [0x0000000800000000-0x0000000800bc0000-0x0000000800bc0000), size 12320768, SharedBaseAddress: 0x0000000800000000, ArchiveRelocationMode: 0.
Compressed class space mapped at: 0x0000000800c00000-0x0000000840c00000, reserved size: 1073741824
Narrow klass base: 0x0000000800000000, Narrow klass shift: 0, Narrow klass range: 0x100000000

GC Precious Log:
 CPUs: 24 total, 24 available
 Memory: 32509M
 Large Page Support: Disabled
 NUMA Support: Disabled
 Compressed Oops: Enabled (Zero based)
 Heap Region Size: 4M
 Heap Min Capacity: 8M
 Heap Initial Capacity: 508M
 Heap Max Capacity: 8128M
 Pre-touch: Disabled
 Parallel Workers: 18
 Concurrent Workers: 5
 Concurrent Refinement Workers: 18
 Periodic GC: Disabled

Heap:
 garbage-first heap   total 98304K, used 54992K [0x0000000604000000, 0x0000000800000000)
  region size 4096K, 3 young (12288K), 1 survivors (4096K)
 Metaspace       used 7876K, committed 8000K, reserved 1056768K
  class space    used 713K, committed 768K, reserved 1048576K

Heap Regions: E=young(eden), S=young(survivor), O=old, HS=humongous(starts), HC=humongous(continues), CS=collection set, F=free, OA=open archive, CA=closed archive, TAMS=top-at-mark-start (previous, next)
|   0|0x0000000604000000, 0x0000000604400000, 0x0000000604400000|100%|HS|  |TAMS 0x0000000604400000, 0x0000000604000000| Complete 
|   1|0x0000000604400000, 0x0000000604800000, 0x0000000604800000|100%|HC|  |TAMS 0x0000000604800000, 0x0000000604400000| Complete 
|   2|0x0000000604800000, 0x0000000604c00000, 0x0000000604c00000|100%| O|  |TAMS 0x0000000604c00000, 0x0000000604800000| Untracked 
|   3|0x0000000604c00000, 0x0000000604ffd380, 0x0000000605000000| 99%| O|  |TAMS 0x0000000604ffd380, 0x0000000604c00000| Untracked 
|   4|0x0000000605000000, 0x0000000605400000, 0x0000000605400000|100%| O|  |TAMS 0x0000000605400000, 0x0000000605000000| Untracked 
|   5|0x0000000605400000, 0x0000000605800000, 0x0000000605800000|100%| O|  |TAMS 0x0000000605800000, 0x0000000605400000| Untracked 
|   6|0x0000000605800000, 0x0000000605c00000, 0x0000000605c00000|100%| O|  |TAMS 0x0000000605c00000, 0x0000000605800000| Untracked 
|   7|0x0000000605c00000, 0x0000000605c00000, 0x0000000606000000|  0%| F|  |TAMS 0x0000000605c00000, 0x0000000605c00000| Untracked 
|   8|0x0000000606000000, 0x0000000606400000, 0x0000000606400000|100%| O|  |TAMS 0x000000060608ce00, 0x0000000606000000| Untracked 
|   9|0x0000000606400000, 0x0000000606400000, 0x0000000606800000|  0%| F|  |TAMS 0x0000000606400000, 0x0000000606400000| Untracked 
|  10|0x0000000606800000, 0x0000000606c00000, 0x0000000606c00000|100%| O|  |TAMS 0x0000000606800000, 0x0000000606800000| Untracked 
|  11|0x0000000606c00000, 0x0000000607000000, 0x0000000607000000|100%| O|  |TAMS 0x0000000606c00000, 0x0000000606c00000| Untracked 
|  12|0x0000000607000000, 0x0000000607400000, 0x0000000607400000|100%| O|  |TAMS 0x0000000607000000, 0x0000000607000000| Untracked 
|  13|0x0000000607400000, 0x0000000607637e00, 0x0000000607800000| 55%| O|  |TAMS 0x0000000607400000, 0x0000000607400000| Untracked 
|  14|0x0000000607800000, 0x0000000607800000, 0x0000000607c00000|  0%| F|  |TAMS 0x0000000607800000, 0x0000000607800000| Untracked 
|  15|0x0000000607c00000, 0x0000000607c00000, 0x0000000608000000|  0%| F|  |TAMS 0x0000000607c00000, 0x0000000607c00000| Untracked 
|  16|0x0000000608000000, 0x0000000608000000, 0x0000000608400000|  0%| F|  |TAMS 0x0000000608000000, 0x0000000608000000| Untracked 
|  17|0x0000000608400000, 0x0000000608400000, 0x0000000608800000|  0%| F|  |TAMS 0x0000000608400000, 0x0000000608400000| Untracked 
|  18|0x0000000608800000, 0x0000000608800000, 0x0000000608c00000|  0%| F|  |TAMS 0x0000000608800000, 0x0000000608800000| Untracked 
|  19|0x0000000608c00000, 0x0000000608c00000, 0x0000000609000000|  0%| F|  |TAMS 0x0000000608c00000, 0x0000000608c00000| Untracked 
|  20|0x0000000609000000, 0x00000006092a0250, 0x0000000609400000| 65%| E|  |TAMS 0x0000000609000000, 0x0000000609000000| Complete 
|  21|0x0000000609400000, 0x0000000609592c70, 0x0000000609800000| 39%| S|CS|TAMS 0x0000000609400000, 0x0000000609400000| Complete 
|  22|0x0000000609800000, 0x0000000609c00000, 0x0000000609c00000|100%| E|CS|TAMS 0x0000000609800000, 0x0000000609800000| Complete 
|  32|0x000000060c000000, 0x000000060c1ec340, 0x000000060c400000| 48%| O|  |TAMS 0x000000060c1ec340, 0x000000060c000000| Untracked 

Card table byte_map: [0x000001e243ab0000,0x000001e244a90000] _byte_map_base: 0x000001e240a90000

Marking Bits (Prev, Next): (CMBitMap*) 0x000001e22b52a820, (CMBitMap*) 0x000001e22b52a860
 Prev Bits: [0x000001e245a70000, 0x000001e24d970000)
 Next Bits: [0x000001e24d970000, 0x000001e255870000)

Polling page: 0x000001e22ac50000

Metaspace:

Usage:
  Non-class:      7.00 MB used.
      Class:    713.08 KB used.
       Both:      7.69 MB used.

Virtual space:
  Non-class space:        8.00 MB reserved,       7.06 MB ( 88%) committed,  1 nodes.
      Class space:        1.00 GB reserved,     768.00 KB ( <1%) committed,  1 nodes.
             Both:        1.01 GB reserved,       7.81 MB ( <1%) committed. 

Chunk freelists:
   Non-Class:  720.00 KB
       Class:  3.20 MB
        Both:  3.91 MB

MaxMetaspaceSize: unlimited
CompressedClassSpaceSize: 1.00 GB
Initial GC threshold: 21.00 MB
Current GC threshold: 21.00 MB
CDS: on
MetaspaceReclaimPolicy: balanced
 - commit_granule_bytes: 65536.
 - commit_granule_words: 8192.
 - virtual_space_node_default_size: 1048576.
 - enlarge_chunks_in_place: 1.
 - new_chunks_are_fully_committed: 0.
 - uncommit_free_chunks: 1.
 - use_allocation_guard: 0.
 - handle_deallocations: 1.


Internal statistics:

num_allocs_failed_limit: 0.
num_arena_births: 100.
num_arena_deaths: 0.
num_vsnodes_births: 2.
num_vsnodes_deaths: 0.
num_space_committed: 125.
num_space_uncommitted: 0.
num_chunks_returned_to_freelist: 0.
num_chunks_taken_from_freelist: 169.
num_chunk_merges: 0.
num_chunk_splits: 111.
num_chunks_enlarged: 67.
num_purges: 0.
num_inconsistent_stats: 0.

CodeHeap 'non-profiled nmethods': size=119168Kb used=798Kb max_used=798Kb free=118369Kb
 bounds [0x000001e23a890000, 0x000001e23ab00000, 0x000001e241cf0000]
CodeHeap 'profiled nmethods': size=119104Kb used=3532Kb max_used=3532Kb free=115571Kb
 bounds [0x000001e233440000, 0x000001e2337c0000, 0x000001e23a890000]
CodeHeap 'non-nmethods': size=7488Kb used=1851Kb max_used=1892Kb free=5636Kb
 bounds [0x000001e232cf0000, 0x000001e232f60000, 0x000001e233440000]
 total_blobs=2324 nmethods=1703 adapters=533
 compilation: enabled
              stopped_count=0, restarted_count=0
 full_count=0

Compilation events (20 events):
Event: 4.778 Thread 0x000001e25907e2a0 1695       3       sun.java2d.SurfaceData::canRenderParallelograms (137 bytes)
Event: 4.779 Thread 0x000001e25907e2a0 nmethod 1695 0x000001e23379e110 code [0x000001e23379e320, 0x000001e23379eb38]
Event: 4.779 Thread 0x000001e25907e2a0 1696       3       sun.java2d.SurfaceData::getTextPipe (120 bytes)
Event: 4.780 Thread 0x000001e25907e2a0 nmethod 1696 0x000001e23379ed10 code [0x000001e23379ef00, 0x000001e23379f3c8]
Event: 4.780 Thread 0x000001e25907e2a0 1697       3       sun.awt.image.BufImgSurfaceData::getRenderLoops (26 bytes)
Event: 4.780 Thread 0x000001e25907e2a0 nmethod 1697 0x000001e23379f510 code [0x000001e23379f6c0, 0x000001e23379f8a8]
Event: 4.781 Thread 0x000001e258f660a0 nmethod 1694 0x000001e23379f990 code [0x000001e23379fe20, 0x000001e2337a3108]
Event: 4.791 Thread 0x000001e258f660a0 1699       3       java.math.BigInteger::implMulAdd (81 bytes)
Event: 4.792 Thread 0x000001e258f660a0 nmethod 1699 0x000001e2337a3310 code [0x000001e2337a34c0, 0x000001e2337a3718]
Event: 4.792 Thread 0x000001e258f660a0 1700       3       java.math.BigInteger::mulAdd (19 bytes)
Event: 4.792 Thread 0x000001e25907e2a0 1701       3       java.math.BigInteger::implMulAddCheck (176 bytes)
Event: 4.792 Thread 0x000001e258f660a0 nmethod 1700 0x000001e2337a3890 code [0x000001e2337a3a40, 0x000001e2337a3bd8]
Event: 4.792 Thread 0x000001e258f660a0 1702       3       java.math.BigInteger::addOne (77 bytes)
Event: 4.792 Thread 0x000001e258f65600 1703       4       java.math.BigInteger::implMulAdd (81 bytes)
Event: 4.792 Thread 0x000001e258f660a0 nmethod 1702 0x000001e2337a3c90 code [0x000001e2337a3e40, 0x000001e2337a41b8]
Event: 4.793 Thread 0x000001e25907e2a0 nmethod 1701 0x000001e2337a4310 code [0x000001e2337a47a0, 0x000001e2337a6298]
Event: 4.797 Thread 0x000001e258f65600 nmethod 1703 0x000001e23a957010 code [0x000001e23a957180, 0x000001e23a9573d8]
Event: 4.844 Thread 0x000001e25907e2a0 1704 % !   3       Client::method48 @ 1033 (1852 bytes)
Event: 4.850 Thread 0x000001e25907e2a0 nmethod 1704% 0x000001e2337a6c90 code [0x000001e2337a7960, 0x000001e2337afe38]
Event: 4.896 Thread 0x000001e258f65600 1705       4       Statics::method409 (35 bytes)

GC Heap History (14 events):
Event: 0.647 GC heap before
{Heap before GC invocations=0 (full 0):
 garbage-first heap   total 520192K, used 28672K [0x0000000604000000, 0x0000000800000000)
  region size 4096K, 6 young (24576K), 0 survivors (0K)
 Metaspace       used 5953K, committed 6144K, reserved 1056768K
  class space    used 586K, committed 704K, reserved 1048576K
}
Event: 0.650 GC heap after
{Heap after GC invocations=1 (full 0):
 garbage-first heap   total 520192K, used 18727K [0x0000000604000000, 0x0000000800000000)
  region size 4096K, 1 young (4096K), 1 survivors (4096K)
 Metaspace       used 5953K, committed 6144K, reserved 1056768K
  class space    used 586K, committed 704K, reserved 1048576K
}
Event: 0.697 GC heap before
{Heap before GC invocations=1 (full 0):
 garbage-first heap   total 520192K, used 18727K [0x0000000604000000, 0x0000000800000000)
  region size 4096K, 3 young (12288K), 1 survivors (4096K)
 Metaspace       used 6987K, committed 7168K, reserved 1056768K
  class space    used 667K, committed 768K, reserved 1048576K
}
Event: 0.701 GC heap after
{Heap after GC invocations=2 (full 1):
 garbage-first heap   total 98304K, used 19112K [0x0000000604000000, 0x0000000800000000)
  region size 4096K, 0 young (0K), 0 survivors (0K)
 Metaspace       used 6987K, committed 7168K, reserved 1056768K
  class space    used 667K, committed 768K, reserved 1048576K
}
Event: 1.055 GC heap before
{Heap before GC invocations=2 (full 1):
 garbage-first heap   total 98304K, used 31400K [0x0000000604000000, 0x0000000800000000)
  region size 4096K, 4 young (16384K), 0 survivors (0K)
 Metaspace       used 7136K, committed 7296K, reserved 1056768K
  class space    used 685K, committed 768K, reserved 1048576K
}
Event: 1.057 GC heap after
{Heap after GC invocations=3 (full 1):
 garbage-first heap   total 98304K, used 31581K [0x0000000604000000, 0x0000000800000000)
  region size 4096K, 1 young (4096K), 1 survivors (4096K)
 Metaspace       used 7136K, committed 7296K, reserved 1056768K
  class space    used 685K, committed 768K, reserved 1048576K
}
Event: 1.590 GC heap before
{Heap before GC invocations=3 (full 1):
 garbage-first heap   total 98304K, used 39773K [0x0000000604000000, 0x0000000800000000)
  region size 4096K, 3 young (12288K), 1 survivors (4096K)
 Metaspace       used 7158K, committed 7296K, reserved 1056768K
  class space    used 686K, committed 768K, reserved 1048576K
}
Event: 1.591 GC heap after
{Heap after GC invocations=4 (full 1):
 garbage-first heap   total 98304K, used 34497K [0x0000000604000000, 0x0000000800000000)
  region size 4096K, 1 young (4096K), 1 survivors (4096K)
 Metaspace       used 7158K, committed 7296K, reserved 1056768K
  class space    used 686K, committed 768K, reserved 1048576K
}
Event: 1.737 GC heap before
{Heap before GC invocations=4 (full 1):
 garbage-first heap   total 98304K, used 42689K [0x0000000604000000, 0x0000000800000000)
  region size 4096K, 4 young (16384K), 1 survivors (4096K)
 Metaspace       used 7204K, committed 7424K, reserved 1056768K
  class space    used 689K, committed 768K, reserved 1048576K
}
Event: 1.739 GC heap after
{Heap after GC invocations=5 (full 1):
 garbage-first heap   total 98304K, used 40966K [0x0000000604000000, 0x0000000800000000)
  region size 4096K, 1 young (4096K), 1 survivors (4096K)
 Metaspace       used 7204K, committed 7424K, reserved 1056768K
  class space    used 689K, committed 768K, reserved 1048576K
}
Event: 1.857 GC heap before
{Heap before GC invocations=6 (full 1):
 garbage-first heap   total 98304K, used 49158K [0x0000000604000000, 0x0000000800000000)
  region size 4096K, 4 young (16384K), 1 survivors (4096K)
 Metaspace       used 7330K, committed 7488K, reserved 1056768K
  class space    used 704K, committed 768K, reserved 1048576K
}
Event: 1.859 GC heap after
{Heap after GC invocations=7 (full 1):
 garbage-first heap   total 98304K, used 49181K [0x0000000604000000, 0x0000000800000000)
  region size 4096K, 1 young (4096K), 1 survivors (4096K)
 Metaspace       used 7330K, committed 7488K, reserved 1056768K
  class space    used 704K, committed 768K, reserved 1048576K
}
Event: 1.908 GC heap before
{Heap before GC invocations=7 (full 1):
 garbage-first heap   total 98304K, used 53277K [0x0000000604000000, 0x0000000800000000)
  region size 4096K, 2 young (8192K), 1 survivors (4096K)
 Metaspace       used 7330K, committed 7488K, reserved 1056768K
  class space    used 704K, committed 768K, reserved 1048576K
}
Event: 1.910 GC heap after
{Heap after GC invocations=8 (full 1):
 garbage-first heap   total 98304K, used 50896K [0x0000000604000000, 0x0000000800000000)
  region size 4096K, 1 young (4096K), 1 survivors (4096K)
 Metaspace       used 7330K, committed 7488K, reserved 1056768K
  class space    used 704K, committed 768K, reserved 1048576K
}

Deoptimization events (20 events):
Event: 3.528 Thread 0x000001e260dfc110 DEOPT PACKING pc=0x000001e23a94f760 sp=0x0000005818b0e580
Event: 3.528 Thread 0x000001e260dfc110 DEOPT UNPACKING pc=0x000001e232d423a3 sp=0x0000005818b0e4f8 mode 2
Event: 3.559 Thread 0x000001e260dfc110 Uncommon trap: trap_request=0xffffffde fr.pc=0x000001e23a94f760 relative=0x0000000000000520
Event: 3.559 Thread 0x000001e260dfc110 Uncommon trap: reason=class_check action=maybe_recompile pc=0x000001e23a94f760 method=java.util.HashMap.getNode(Ljava/lang/Object;)Ljava/util/HashMap$DualNode; @ 128 c2
Event: 3.559 Thread 0x000001e260dfc110 DEOPT PACKING pc=0x000001e23a94f760 sp=0x0000005818b0e580
Event: 3.559 Thread 0x000001e260dfc110 DEOPT UNPACKING pc=0x000001e232d423a3 sp=0x0000005818b0e4f8 mode 2
Event: 3.601 Thread 0x000001e260dfc110 Uncommon trap: trap_request=0xffffffde fr.pc=0x000001e23a94f760 relative=0x0000000000000520
Event: 3.601 Thread 0x000001e260dfc110 Uncommon trap: reason=class_check action=maybe_recompile pc=0x000001e23a94f760 method=java.util.HashMap.getNode(Ljava/lang/Object;)Ljava/util/HashMap$DualNode; @ 128 c2
Event: 3.601 Thread 0x000001e260dfc110 DEOPT PACKING pc=0x000001e23a94f760 sp=0x0000005818b0e580
Event: 3.601 Thread 0x000001e260dfc110 DEOPT UNPACKING pc=0x000001e232d423a3 sp=0x0000005818b0e4f8 mode 2
Event: 3.682 Thread 0x000001e260dfc110 Uncommon trap: trap_request=0xffffffde fr.pc=0x000001e23a94f760 relative=0x0000000000000520
Event: 3.682 Thread 0x000001e260dfc110 Uncommon trap: reason=class_check action=maybe_recompile pc=0x000001e23a94f760 method=java.util.HashMap.getNode(Ljava/lang/Object;)Ljava/util/HashMap$DualNode; @ 128 c2
Event: 3.682 Thread 0x000001e260dfc110 DEOPT PACKING pc=0x000001e23a94f760 sp=0x0000005818b0e590
Event: 3.682 Thread 0x000001e260dfc110 DEOPT UNPACKING pc=0x000001e232d423a3 sp=0x0000005818b0e508 mode 2
Event: 4.896 Thread 0x000001e260ea7e80 DEOPT PACKING pc=0x000001e23353c4ec sp=0x0000005818d0f1d0
Event: 4.896 Thread 0x000001e260ea7e80 DEOPT UNPACKING pc=0x000001e232d42b43 sp=0x0000005818d0e668 mode 0
Event: 4.896 Thread 0x000001e260ea7e80 Uncommon trap: trap_request=0xffffff45 fr.pc=0x000001e23a8bfb20 relative=0x00000000000001a0
Event: 4.896 Thread 0x000001e260ea7e80 Uncommon trap: reason=unstable_if action=reinterpret pc=0x000001e23a8bfb20 method=Statics.method409(I)V @ 19 c2
Event: 4.896 Thread 0x000001e260ea7e80 DEOPT PACKING pc=0x000001e23a8bfb20 sp=0x0000005818d0f1c0
Event: 4.896 Thread 0x000001e260ea7e80 DEOPT UNPACKING pc=0x000001e232d423a3 sp=0x0000005818d0f168 mode 2

Classes unloaded (0 events):
No events

Classes redefined (0 events):
No events

Internal exceptions (12 events):
Event: 0.097 Thread 0x000001e22b4793d0 Exception <a 'java/lang/ClassNotFoundException'{0x00000006236f03a0}: sun/awt/resources/spi/awtProvider> (0x00000006236f03a0) 
thrown [t:\workspace\open\src\hotspot\share\classfile\systemDictionary.cpp, line 256]
Event: 0.106 Thread 0x000001e22b4793d0 Exception <a 'java/io/FileNotFoundException'{0x00000006237417b8}> (0x00000006237417b8) 
thrown [t:\workspace\open\src\hotspot\share\prims\jni.cpp, line 516]
Event: 0.109 Thread 0x000001e22b4793d0 Exception <a 'java/io/FileNotFoundException'{0x000000062376e9c0}> (0x000000062376e9c0) 
thrown [t:\workspace\open\src\hotspot\share\prims\jni.cpp, line 516]
Event: 0.201 Thread 0x000001e22b4793d0 Exception <a 'java/lang/NoSuchMethodError'{0x0000000623373378}: 'java.lang.Object java.lang.invoke.DirectMethodHandle$Holder.invokeStaticInit(java.lang.Object)'> (0x0000000623373378) 
thrown [t:\workspace\open\src\hotspot\share\interpreter\linkResolver.cpp, line 766]
Event: 0.563 Thread 0x000001e259e1d320 Exception <a 'java/lang/NoSuchMethodError'{0x00000006233b6868}: 'void java.lang.invoke.DirectMethodHandle$Holder.invokeVirtual(java.lang.Object, java.lang.Object)'> (0x00000006233b6868) 
thrown [t:\workspace\open\src\hotspot\share\interpreter\linkResolver.cpp, line 766]
Event: 0.569 Thread 0x000001e22b4793d0 Exception <a 'java/lang/NoSuchMethodError'{0x0000000622c83a20}: 'void java.lang.invoke.DirectMethodHandle$Holder.invokeStaticInit(java.lang.Object)'> (0x0000000622c83a20) 
thrown [t:\workspace\open\src\hotspot\share\interpreter\linkResolver.cpp, line 766]
Event: 0.602 Thread 0x000001e22b4793d0 Exception <a 'java/lang/NoSuchMethodError'{0x0000000622e72298}: 'java.lang.Object java.lang.invoke.DirectMethodHandle$Holder.newInvokeSpecial(java.lang.Object, java.lang.Object, java.lang.Object, int, int, int, int, int)'> (0x0000000622e72298) 
thrown [t:\workspace\open\src\hotspot\share\interpreter\linkResolver.cpp, line 766]
Event: 0.669 Thread 0x000001e260ea7e80 Exception <a 'java/lang/NoSuchMethodError'{0x0000000623a53cf0}: 'void java.lang.invoke.DirectMethodHandle$Holder.invokeStatic(java.lang.Object, java.lang.Object)'> (0x0000000623a53cf0) 
thrown [t:\workspace\open\src\hotspot\share\interpreter\linkResolver.cpp, line 766]
Event: 0.705 Thread 0x000001e260ea7e80 Exception <a 'java/lang/NullPointerException'{0x000000060982a4d0}> (0x000000060982a4d0) 
thrown [t:\workspace\open\src\hotspot\share\interpreter\linkResolver.cpp, line 1440]
Event: 0.741 Thread 0x000001e260ea7e80 Exception <a 'java/lang/NullPointerException'{0x00000006092f73c8}> (0x00000006092f73c8) 
thrown [t:\workspace\open\src\hotspot\share\interpreter\linkResolver.cpp, line 1440]
Event: 1.636 Thread 0x000001e260ea7e80 Exception <a 'java/lang/ArrayIndexOutOfBoundsException'{0x0000000609a31ed0}: Index 2972 out of bounds for length 2972> (0x0000000609a31ed0) 
thrown [t:\workspace\open\src\hotspot\share\interpreter\interpreterRuntime.cpp, line 428]
Event: 1.672 Thread 0x000001e260ea7e80 Exception <a 'java/lang/ArrayIndexOutOfBoundsException'{0x0000000609bf33f8}: Index 12602 out of bounds for length 12602> (0x0000000609bf33f8) 
thrown [t:\workspace\open\src\hotspot\share\interpreter\interpreterRuntime.cpp, line 428]

VM Operations (20 events):
Event: 0.686 Executing VM operation: HandshakeAllThreads
Event: 0.686 Executing VM operation: HandshakeAllThreads done
Event: 0.697 Executing VM operation: G1CollectFull
Event: 0.701 Executing VM operation: G1CollectFull done
Event: 1.055 Executing VM operation: G1CollectForAllocation
Event: 1.057 Executing VM operation: G1CollectForAllocation done
Event: 1.589 Executing VM operation: G1CollectForAllocation
Event: 1.591 Executing VM operation: G1CollectForAllocation done
Event: 1.737 Executing VM operation: G1CollectForAllocation
Event: 1.739 Executing VM operation: G1CollectForAllocation done
Event: 1.740 Executing VM operation: G1Concurrent
Event: 1.741 Executing VM operation: G1Concurrent done
Event: 1.742 Executing VM operation: G1Concurrent
Event: 1.742 Executing VM operation: G1Concurrent done
Event: 1.857 Executing VM operation: G1CollectForAllocation
Event: 1.859 Executing VM operation: G1CollectForAllocation done
Event: 1.908 Executing VM operation: G1CollectForAllocation
Event: 1.910 Executing VM operation: G1CollectForAllocation done
Event: 3.909 Executing VM operation: Cleanup
Event: 3.910 Executing VM operation: Cleanup done

Events (20 events):
Event: 3.025 loading class java/awt/event/MouseEvent$1
Event: 3.025 loading class sun/awt/AWTAccessor$MouseEventAccessor
Event: 3.025 loading class sun/awt/AWTAccessor$MouseEventAccessor done
Event: 3.026 loading class java/awt/event/MouseEvent$1 done
Event: 3.026 loading class java/awt/Cursor$CursorDisposer
Event: 3.026 loading class java/awt/Cursor$CursorDisposer done
Event: 3.026 loading class java/awt/event/ContainerEvent
Event: 3.026 loading class java/awt/event/ContainerEvent done
Event: 3.026 loading class java/awt/event/MouseWheelEvent
Event: 3.026 loading class java/awt/event/MouseWheelEvent done
Event: 3.415 loading class java/awt/event/KeyEvent$1
Event: 3.415 loading class sun/awt/AWTAccessor$KeyEventAccessor
Event: 3.415 loading class sun/awt/AWTAccessor$KeyEventAccessor done
Event: 3.415 loading class java/awt/event/KeyEvent$1 done
Event: 3.415 loading class sun/awt/DebugSettings
Event: 3.415 loading class sun/awt/DebugSettings done
Event: 4.789 Thread 0x000001e260ea8cf0 Thread added: 0x000001e260ea8cf0
Event: 4.790 loading class java/math/MutableBigInteger
Event: 4.791 loading class java/math/MutableBigInteger done
Event: 4.851 Thread 0x000001e260ea61a0 Thread exited: 0x000001e260ea61a0


Dynamic libraries:
0x00007ff7c72c0000 - 0x00007ff7c72d0000 	C:\Program Files\Java\jdk-17.0.3\bin\java.exe
0x00007ff9e28c0000 - 0x00007ff9e2ac9000 	C:\Windows\SYSTEM32\ntdll.dll
0x00007ff9e12a0000 - 0x00007ff9e135d000 	C:\Windows\System32\KERNEL32.DLL
0x00007ff9e0260000 - 0x00007ff9e05d9000 	C:\Windows\System32\KERNELBASE.dll
0x00007ff9dfda0000 - 0x00007ff9dfeb1000 	C:\Windows\System32\ucrtbase.dll
0x00007ff9bbe70000 - 0x00007ff9bbe88000 	C:\Program Files\Java\jdk-17.0.3\bin\jli.dll
0x00007ff9bbe50000 - 0x00007ff9bbe6a000 	C:\Program Files\Java\jdk-17.0.3\bin\VCRUNTIME140.dll
0x00007ff9e1df0000 - 0x00007ff9e1e9e000 	C:\Windows\System32\ADVAPI32.dll
0x00007ff9e0950000 - 0x00007ff9e09f3000 	C:\Windows\System32\msvcrt.dll
0x00007ff9e1360000 - 0x00007ff9e13fe000 	C:\Windows\System32\sechost.dll
0x00007ff9e1ea0000 - 0x00007ff9e1fc0000 	C:\Windows\System32\RPCRT4.dll
0x00007ff9e0a00000 - 0x00007ff9e0bac000 	C:\Windows\System32\USER32.dll
0x00007ff9e0140000 - 0x00007ff9e0166000 	C:\Windows\System32\win32u.dll
0x00007ff9e1400000 - 0x00007ff9e1429000 	C:\Windows\System32\GDI32.dll
0x00007ff9dff80000 - 0x00007ff9e0092000 	C:\Windows\System32\gdi32full.dll
0x00007ff9cd970000 - 0x00007ff9cdc15000 	C:\Windows\WinSxS\amd64_microsoft.windows.common-controls_6595b64144ccf1df_6.0.22000.120_none_9d947278b86cc467\COMCTL32.dll
0x00007ff9e00a0000 - 0x00007ff9e013d000 	C:\Windows\System32\msvcp_win.dll
0x00007ff9d6470000 - 0x00007ff9d647a000 	C:\Windows\SYSTEM32\VERSION.dll
0x00007ff9e0910000 - 0x00007ff9e0941000 	C:\Windows\System32\IMM32.DLL
0x00007ff9cd510000 - 0x00007ff9cd51c000 	C:\Program Files\Java\jdk-17.0.3\bin\vcruntime140_1.dll
0x00007ff9bbdc0000 - 0x00007ff9bbe4d000 	C:\Program Files\Java\jdk-17.0.3\bin\msvcp140.dll
0x00007ff995430000 - 0x00007ff995ff1000 	C:\Program Files\Java\jdk-17.0.3\bin\server\jvm.dll
0x00007ff9e1440000 - 0x00007ff9e1448000 	C:\Windows\System32\PSAPI.DLL
0x00007ff9c7750000 - 0x00007ff9c7759000 	C:\Windows\SYSTEM32\WSOCK32.dll
0x00007ff9d57a0000 - 0x00007ff9d57d3000 	C:\Windows\SYSTEM32\WINMM.dll
0x00007ff9e1fc0000 - 0x00007ff9e202f000 	C:\Windows\System32\WS2_32.dll
0x00007ff9def50000 - 0x00007ff9def68000 	C:\Windows\SYSTEM32\kernel.appcore.dll
0x00007ff9bbdb0000 - 0x00007ff9bbdba000 	C:\Program Files\Java\jdk-17.0.3\bin\jimage.dll
0x00007ff995200000 - 0x00007ff995421000 	C:\Program Files\Java\jdk-17.0.3\bin\DBGHELP.DLL
0x00007ff9d4d00000 - 0x00007ff9d4d31000 	C:\Windows\SYSTEM32\dbgcore.DLL
0x00007ff9e01e0000 - 0x00007ff9e025f000 	C:\Windows\System32\bcryptPrimitives.dll
0x00007ff99aa30000 - 0x00007ff99aa55000 	C:\Program Files\Java\jdk-17.0.3\bin\java.dll
0x00007ff995120000 - 0x00007ff9951f6000 	C:\Program Files\Java\jdk-17.0.3\bin\jsvml.dll
0x00007ff9e1630000 - 0x00007ff9e1de8000 	C:\Windows\System32\SHELL32.dll
0x00007ff9ddee0000 - 0x00007ff9de747000 	C:\Windows\SYSTEM32\windows.storage.dll
0x00007ff9e0f20000 - 0x00007ff9e1299000 	C:\Windows\System32\combase.dll
0x00007ff9ddd70000 - 0x00007ff9dded6000 	C:\Windows\SYSTEM32\wintypes.dll
0x00007ff9e0c20000 - 0x00007ff9e0d0a000 	C:\Windows\System32\SHCORE.dll
0x00007ff9e20e0000 - 0x00007ff9e213d000 	C:\Windows\System32\shlwapi.dll
0x00007ff9dfcd0000 - 0x00007ff9dfcf1000 	C:\Windows\SYSTEM32\profapi.dll
0x00007ff9bbd90000 - 0x00007ff9bbda9000 	C:\Program Files\Java\jdk-17.0.3\bin\net.dll
0x00007ff9d95d0000 - 0x00007ff9d96dc000 	C:\Windows\SYSTEM32\WINHTTP.dll
0x00007ff9df370000 - 0x00007ff9df3d7000 	C:\Windows\system32\mswsock.dll
0x00007ff99a9e0000 - 0x00007ff99a9f6000 	C:\Program Files\Java\jdk-17.0.3\bin\nio.dll
0x00007ff99a9c0000 - 0x00007ff99a9d8000 	C:\Program Files\Java\jdk-17.0.3\bin\zip.dll
0x00007ff9aac50000 - 0x00007ff9aaddf000 	C:\Program Files\Java\jdk-17.0.3\bin\awt.dll
0x00007ff9e1550000 - 0x00007ff9e1626000 	C:\Windows\System32\OLEAUT32.dll
0x00007ff9dd300000 - 0x00007ff9dd391000 	C:\Windows\SYSTEM32\apphelp.dll
0x00007ff9b4100000 - 0x00007ff9b4117000 	C:\Windows\system32\napinsp.dll
0x00007ff9b40e0000 - 0x00007ff9b40fb000 	C:\Windows\system32\pnrpnsp.dll
0x00007ff9dea30000 - 0x00007ff9deb18000 	C:\Windows\SYSTEM32\DNSAPI.dll
0x00007ff9dea00000 - 0x00007ff9dea2d000 	C:\Windows\SYSTEM32\IPHLPAPI.DLL
0x00007ff9e1430000 - 0x00007ff9e1439000 	C:\Windows\System32\NSI.dll
0x00007ff9b40c0000 - 0x00007ff9b40d2000 	C:\Windows\System32\winrnr.dll
0x00007ff9d9530000 - 0x00007ff9d9545000 	C:\Windows\system32\wshbth.dll
0x00007ff9b40a0000 - 0x00007ff9b40bf000 	C:\Windows\system32\nlansp_c.dll
0x00007ff9d6d10000 - 0x00007ff9d6d1a000 	C:\Windows\System32\rasadhlp.dll
0x00007ff9d8170000 - 0x00007ff9d81f1000 	C:\Windows\System32\fwpuclnt.dll
0x00007ff9dd780000 - 0x00007ff9dd7af000 	C:\Windows\system32\DWMAPI.DLL
0x00007ff9dd3f0000 - 0x00007ff9dd49c000 	C:\Windows\system32\uxtheme.dll
0x00007ff95feb0000 - 0x00007ff95ffb1000 	C:\Windows\system32\opengl32.dll
0x00007ff95fc10000 - 0x00007ff95fc3d000 	C:\Windows\SYSTEM32\GLU32.dll
0x00007ff9dd6a0000 - 0x00007ff9dd6d8000 	C:\Windows\SYSTEM32\dxcore.dll
0x00007ff985290000 - 0x00007ff9853c1000 	C:\ProgramData\A-Volute\A-Volute.28054DF1F58B4\Modules\ScheduledModules\x64\AudioDevProps2.dll
0x00007ff9e26d0000 - 0x00007ff9e286a000 	C:\Windows\System32\ole32.dll
0x00007ff986980000 - 0x00007ff986a2e000 	C:\ProgramData\A-Volute\A-Volute.28054DF1F58B4\Modules\ScheduledModules\x64\NahimicOSD.dll
0x00007ff986b50000 - 0x00007ff986b70000 	C:\ProgramData\A-Volute\A-Volute.28054DF1F58B4\Modules\ScheduledModules\x64\ProductInfo.dll
0x00007ff98edb0000 - 0x00007ff98eee1000 	C:\ProgramData\A-Volute\A-Volute.SonicStudio3\Modules\ScheduledModules\x64\AudioDevProps2.dll
0x00007ff9e0d10000 - 0x00007ff9e0e2e000 	C:\Windows\System32\MSCTF.dll
0x00007ff9d5490000 - 0x00007ff9d5636000 	C:\Windows\system32\d3d9.dll
0x00007ff9d6230000 - 0x00007ff9d62e0000 	C:\Windows\System32\DriverStore\FileRepository\nv_dispi.inf_amd64_d5d5b9f929f4cb65\nvldumdx.dll
0x00007ff9df690000 - 0x00007ff9df6a2000 	C:\Windows\SYSTEM32\msasn1.dll
0x00007ff9d6430000 - 0x00007ff9d6461000 	C:\Windows\SYSTEM32\cryptnet.dll
0x00007ff9e05e0000 - 0x00007ff9e0742000 	C:\Windows\System32\CRYPT32.dll
0x00007ff9d62e0000 - 0x00007ff9d6429000 	C:\Windows\SYSTEM32\drvstore.dll
0x00007ff9dfac0000 - 0x00007ff9dfaec000 	C:\Windows\SYSTEM32\devobj.dll
0x00007ff9dfa70000 - 0x00007ff9dfabc000 	C:\Windows\SYSTEM32\cfgmgr32.dll
0x00007ff9df5f0000 - 0x00007ff9df630000 	C:\Windows\SYSTEM32\wldp.dll
0x00007ff9df560000 - 0x00007ff9df56c000 	C:\Windows\SYSTEM32\cryptbase.dll
0x000001e25aa40000 - 0x000001e25aaa7000 	C:\Windows\System32\WINTRUST.DLL
0x00007ff9e1530000 - 0x00007ff9e154f000 	C:\Windows\System32\imagehlp.dll
0x00007ff9df640000 - 0x00007ff9df658000 	C:\Windows\SYSTEM32\CRYPTSP.dll
0x00007ff9deeb0000 - 0x00007ff9deee5000 	C:\Windows\system32\rsaenh.dll
0x00007ff9df780000 - 0x00007ff9df7a7000 	C:\Windows\SYSTEM32\bcrypt.dll
0x00007ff940fc0000 - 0x00007ff942748000 	C:\Windows\System32\DriverStore\FileRepository\nv_dispi.inf_amd64_d5d5b9f929f4cb65\nvd3dumx.dll
0x00007ff9da820000 - 0x00007ff9da864000 	C:\Windows\SYSTEM32\directxdatabasehelper.dll
0x00007ff9dd720000 - 0x00007ff9dd754000 	C:\Windows\SYSTEM32\ntmarta.dll
0x00007ff98bba0000 - 0x00007ff98be67000 	C:\Windows\system32\nvspcap64.dll
0x00007ff9df3e0000 - 0x00007ff9df404000 	C:\Windows\SYSTEM32\gpapi.dll
0x00007ff9cb910000 - 0x00007ff9cb999000 	C:\Program Files\Java\jdk-17.0.3\bin\freetype.dll
0x00007ff9c5810000 - 0x00007ff9c58b8000 	C:\Program Files\Java\jdk-17.0.3\bin\fontmanager.dll
0x00007ff9cb790000 - 0x00007ff9cb8bd000 	C:\Windows\SYSTEM32\textinputframework.dll
0x00007ff9cb8e0000 - 0x00007ff9cb90d000 	C:\Program Files\Java\jdk-17.0.3\bin\javajpeg.dll

dbghelp: loaded successfully - version: 4.0.5 - missing functions: none
symbol engine: initialized successfully - sym options: 0x614 - pdb path: .;C:\Program Files\Java\jdk-17.0.3\bin;C:\Windows\SYSTEM32;C:\Windows\WinSxS\amd64_microsoft.windows.common-controls_6595b64144ccf1df_6.0.22000.120_none_9d947278b86cc467;C:\Program Files\Java\jdk-17.0.3\bin\server;C:\ProgramData\A-Volute\A-Volute.28054DF1F58B4\Modules\ScheduledModules\x64;C:\ProgramData\A-Volute\A-Volute.SonicStudio3\Modules\ScheduledModules\x64;C:\Windows\System32\DriverStore\FileRepository\nv_dispi.inf_amd64_d5d5b9f929f4cb65

VM Arguments:
jvm_args: -Xverify:none -Dfile.encoding=windows-1252 -Duser.country=US -Duser.language=en -Duser.variant 
java_command: osnet.OSNetClient
java_class_path (initial): C:\repo\meteor-api\client\build\classes\java\main;C:\repo\meteor-api\client\build\classes\kotlin\main;C:\repo\meteor-api\client\build\resources\main;C:\repo\meteor-api\client\src\main\resources\injected-client.osrs;C:\repo\meteor-api\api-rs\build\libs\api-rs-1.0.0.jar;C:\repo\meteor-api\api\build\libs\api-1.0.4.jar;C:\Users\Tyler\.gradle\caches\7.4.2\generated-gradle-jars\gradle-api-7.4.2.jar;C:\Users\Tyler\.gradle\wrapper\dists\gradle-7.4.2-bin\48ivgl02cpt2ed3fh9dbalvx8\gradle-7.4.2\lib\groovy-3.0.9.jar;C:\Users\Tyler\.gradle\wrapper\dists\gradle-7.4.2-bin\48ivgl02cpt2ed3fh9dbalvx8\gradle-7.4.2\lib\groovy-ant-3.0.9.jar;C:\Users\Tyler\.gradle\wrapper\dists\gradle-7.4.2-bin\48ivgl02cpt2ed3fh9dbalvx8\gradle-7.4.2\lib\groovy-astbuilder-3.0.9.jar;C:\Users\Tyler\.gradle\wrapper\dists\gradle-7.4.2-bin\48ivgl02cpt2ed3fh9dbalvx8\gradle-7.4.2\lib\groovy-console-3.0.9.jar;C:\Users\Tyler\.gradle\wrapper\dists\gradle-7.4.2-bin\48ivgl02cpt2ed3fh9dbalvx8\gradle-7.4.2\lib\groovy-datetime-3.0.9.jar;C:\Users\Tyler\.gradle\wrapper\dists\gradle-7.4.2-bin\48ivgl02cpt2ed3fh9dbalvx8\gradle-7.4.2\lib\groovy-dateutil-3.0.9.jar;C:\Users\Tyler\.gradle\wrapper\dists\gradle-7.4.2-bin\48ivgl02cpt2ed3fh9dbalvx8\gradle-7.4.2\lib\groovy-groovydoc-3.0.9.jar;C:\Users\Tyler\.gradle\wrapper\dists\gradle-7.4.2-bin\48ivgl02cpt2ed3fh9dbalvx8\gradle-7.4.2\lib\groovy-json-3.0.9.jar;C:\Users\Tyler\.gradle\wrapper\dists\gradle-7.4.2-bin\48ivgl02cpt2ed3fh9dbalvx8\gradle-7.4.2\lib\groovy-nio-3.0.9.jar;C:\Users\Tyler\.gradle\wrapper\dists\gradle-7.4.2-bin\48ivgl02cpt2ed3fh9dbalvx8\gradle-7.4.2\lib\groovy-sql-3.0.9.jar;C:\Users\Tyler\.gradle\wrapper\dists\gradle-7.4.2-bin\48ivgl02cpt2ed3fh9dbalvx8\gradle-7.4.2\lib\groovy-templates-3.0.9.jar;C:\Users\Tyler\.gradle\wrapper\dists\gradle-7.4.2-bin\48ivgl02cpt2ed3fh9dbalvx8\gradle-7.4.2\lib\groovy-test-3.0.9.jar;C:\Users\Tyler\.gradle\wrapper\dists\gradle-7.4.2-bin\48ivgl02cpt2ed3fh9dbalvx8\gradle-7.4.2\lib\groovy-xml-3.0.9.jar;C:\Users\T
Launcher Type: SUN_STANDARD

[Global flags]
     intx CICompilerCount                          = 12                                        {product} {ergonomic}
     uint ConcGCThreads                            = 5                                         {product} {ergonomic}
     uint G1ConcRefinementThreads                  = 18                                        {product} {ergonomic}
   size_t G1HeapRegionSize                         = 4194304                                   {product} {ergonomic}
    uintx GCDrainStackTargetSize                   = 64                                        {product} {ergonomic}
   size_t InitialHeapSize                          = 532676608                                 {product} {ergonomic}
   size_t MarkStackSize                            = 4194304                                   {product} {ergonomic}
   size_t MaxHeapSize                              = 8522825728                                {product} {ergonomic}
   size_t MaxNewSize                               = 5112856576                                {product} {ergonomic}
   size_t MinHeapDeltaBytes                        = 4194304                                   {product} {ergonomic}
   size_t MinHeapSize                              = 8388608                                   {product} {ergonomic}
    uintx NonNMethodCodeHeapSize                   = 7602480                                {pd product} {ergonomic}
    uintx NonProfiledCodeHeapSize                  = 122027880                              {pd product} {ergonomic}
    uintx ProfiledCodeHeapSize                     = 122027880                              {pd product} {ergonomic}
    uintx ReservedCodeCacheSize                    = 251658240                              {pd product} {ergonomic}
     bool SegmentedCodeCache                       = true                                      {product} {ergonomic}
   size_t SoftMaxHeapSize                          = 8522825728                             {manageable} {ergonomic}
     bool UseCompressedClassPointers               = true                           {product lp64_product} {ergonomic}
     bool UseCompressedOops                        = true                           {product lp64_product} {ergonomic}
     bool UseG1GC                                  = true                                      {product} {ergonomic}
     bool UseLargePagesIndividualAllocation        = false                                  {pd product} {ergonomic}

Logging:
Log output configuration:
 #0: stdout all=warning uptime,level,tags
 #1: stderr all=off uptime,level,tags

Environment Variables:
PATH=C:\Program Files\Common Files\Oracle\Java\javapath;C:\Program Files (x86)\Common Files\Oracle\Java\javapath;C:\Program Files (x86)\VMware\VMware Workstation\bin\;C:\Program Files\Java\jdk-17.0.2\bin;C:\Program Files (x86)\Razer Chroma SDK\bin;C:\Program Files\Razer Chroma SDK\bin;C:\Program Files (x86)\Razer\ChromaBroadcast\bin;C:\Program Files\Razer\ChromaBroadcast\bin;C:\Windows\system32;C:\Windows;C:\Windows\System32\Wbem;C:\Windows\System32\WindowsPowerShell\v1.0\;C:\Windows\System32\OpenSSH\;C:\Program Files\NVIDIA Corporation\NVIDIA NvDLISR;C:\Program Files (x86)\NVIDIA Corporation\PhysX\Common;C:\Program Files\dotnet\;C:\Program Files\Git\cmd;C:\Windows\system32\config\systemprofile\AppData\Local\Microsoft\WindowsApps;C:\Program Files\LLVM\bin;C:\Program Files (x86)\Windows Kits\10\Windows Performance Toolkit\;C:\Users\Tyler\.cargo\bin;C:\Users\Tyler\AppData\Local\Microsoft\WindowsApps;
USERNAME=Tyler
OS=Windows_NT
PROCESSOR_IDENTIFIER=Intel64 Family 6 Model 151 Stepping 2, GenuineIntel



---------------  S Y S T E M  ---------------

OS:
 Windows 11 , 64 bit Build 22000 (10.0.22000.708)
OS uptime: 0 days 6:39 hours
Hyper-V role detected

CPU: total 24 (initial active 24) (12 cores per cpu, 2 threads per core) family 6 model 151 stepping 2 microcode 0xf, cx8, cmov, fxsr, ht, mmx, 3dnowpref, sse, sse2, sse3, ssse3, sse4.1, sse4.2, popcnt, lzcnt, tsc, tscinvbit, avx, avx2, aes, erms, clmul, bmi1, bmi2, adx, sha, fma, vzeroupper, clflush, clflushopt, clwb, hv

Memory: 4k page, system-wide physical 32509M (17544M free)
TotalPageFile size 40605M (AvailPageFile size 17054M)
current process WorkingSet (physical memory assigned to process): 178M, peak: 186M
current process commit charge ("private bytes"): 267M, peak: 713M

vm_info: Java HotSpot(TM) 64-Bit Server VM (17.0.3+8-LTS-111) for windows-amd64 JRE (17.0.3+8-LTS-111), built on Mar  9 2022 22:40:21 by "mach5one" with MS VC++ 16.8 / 16.9 (VS2019)

END.
