#
# A fatal error has been detected by the Java Runtime Environment:
#
#  EXCEPTION_ACCESS_VIOLATION (0xc0000005) at pc=0x00007ff995988cae, pid=29336, tid=34760
#
# JRE version: Java(TM) SE Runtime Environment (17.0.3+8) (build 17.0.3+8-LTS-111)
# Java VM: Java HotSpot(TM) 64-Bit Server VM (17.0.3+8-LTS-111, mixed mode, sharing, tiered, compressed oops, compressed class ptrs, g1 gc, windows-amd64)
# Problematic frame:
# V  [jvm.dll+0x558cae]
#
# No core dump will be written. Minidumps are not enabled by default on client versions of Windows
#
# If you would like to submit a bug report, please visit:
#   https://bugreport.java.com/bugreport/crash.jsp
#

---------------  S U M M A R Y ------------

Command Line: -Xverify:none -Dfile.encoding=windows-1252 -Duser.country=US -Duser.language=en -Duser.variant osnet.OSNetClient

Host: 12th Gen Intel(R) Core(TM) i9-12900K, 24 cores, 31G,  Windows 11 , 64 bit Build 22000 (10.0.22000.708)
Time: Wed Jul 27 22:55:52 2022 US Eastern Daylight Time elapsed time: 8.191551 seconds (0d 0h 0m 8s)

---------------  T H R E A D  ---------------

Current thread (0x0000025e74b64ff0):  JavaThread "Thread-1" [_thread_in_vm, id=34760, stack(0x000000fcc1420000,0x000000fcc1520000)]

Stack: [0x000000fcc1420000,0x000000fcc1520000],  sp=0x000000fcc151ec60,  free space=1019k
Native frames: (J=compiled Java code, j=interpreted, Vv=VM code, C=native code)
V  [jvm.dll+0x558cae]
V  [jvm.dll+0x37f637]
V  [jvm.dll+0x37ec8f]
C  0x0000025e4e7c9e42

Java frames: (J=compiled Java code, j=interpreted, Vv=VM code)
j  java.awt.image.BufferedImage.getRGB(II)I+11 java.desktop@17.0.3
j  Client.drawFull(I)V+61
J 1749 c1 Client.method9(Z)V (82 bytes) @ 0x0000025e4f27435c [0x0000025e4f274080+0x00000000000002dc]
j  Game.run()V+472
j  Client.run()V+18
j  java.lang.Thread.run()V+11 java.base@17.0.3
v  ~StubRoutines::call_stub

siginfo: EXCEPTION_ACCESS_VIOLATION (0xc0000005), reading address 0x00000006001625b8


Register to memory mapping:

RIP=0x00007ff995988cae jvm.dll
RAX=0x000000fcc151ecc0 is pointing into the stack for thread: 0x0000025e74b64ff0
RBX=0x0000025e7585bb78 points into unknown readable memory: 0x00000006001625b0 | b0 25 16 00 06 00 00 00
RCX=0x000000fcc151ec30 is pointing into the stack for thread: 0x0000025e74b64ff0
RDX=0x000000fcc151ec30 is pointing into the stack for thread: 0x0000025e74b64ff0
RSP=0x000000fcc151ec60 is pointing into the stack for thread: 0x0000025e74b64ff0
RBP=0x000000fcc151ecd9 is pointing into the stack for thread: 0x0000025e74b64ff0
RSI=0x000000fcc151ee00 is pointing into the stack for thread: 0x0000025e74b64ff0
RDI=0x00000006001625b0 is an unknown value
R8 =0x0 is NULL
R9 =0x0000025e7552f100 is pointing into metadata
R10=0x0000025e7513c718 is pointing into metadata
R11=0x0 is NULL
R12=0x0 is NULL
R13=0x0000025e75140963 is pointing into metadata
R14=0x0000025e74b64ff0 is a thread
R15=0x0000025e75140963 is pointing into metadata


Registers:
RAX=0x000000fcc151ecc0, RBX=0x0000025e7585bb78, RCX=0x000000fcc151ec30, RDX=0x000000fcc151ec30
RSP=0x000000fcc151ec60, RBP=0x000000fcc151ecd9, RSI=0x000000fcc151ee00, RDI=0x00000006001625b0
R8 =0x0000000000000000, R9 =0x0000025e7552f100, R10=0x0000025e7513c718, R11=0x0000000000000000
R12=0x0000000000000000, R13=0x0000025e75140963, R14=0x0000025e74b64ff0, R15=0x0000025e75140963
RIP=0x00007ff995988cae, EFLAGS=0x0000000000010202

Top of Stack: (sp=0x000000fcc151ec60)
0x000000fcc151ec60:   0000025e7514090a 0000025e7585bb78
0x000000fcc151ec70:   000000fcc151ecd9 00007ff995b1c2e1
0x000000fcc151ec80:   0000000000000000 0000025e7c943380
0x000000fcc151ec90:   0000025e75140998 00007ff9956f656f
0x000000fcc151eca0:   00000008005198d0 0000002800000016
0x000000fcc151ecb0:   0000000000000028 000000030000000c
0x000000fcc151ecc0:   0000025e73a21958 00000008005198d0
0x000000fcc151ecd0:   0000000800c8a4b8 0000000800c56988
0x000000fcc151ece0:   0000000000000000 0000000000000000
0x000000fcc151ecf0:   0000025e740a0101 00007ff99566a82e
0x000000fcc151ed00:   00000008005198d0 00000000000000b6
0x000000fcc151ed10:   0000025e7c943300 0000025e7585bb78
0x000000fcc151ed20:   000000fcc151ee30 00007ff9957af637
0x000000fcc151ed30:   0000025e74b64ff0 0000025e7c943380
0x000000fcc151ed40:   0000025e74b64ff0 00000000000000b6
0x000000fcc151ed50:   0000025e000000b6 0000025e74b64ff0 

Instructions: (pc=0x00007ff995988cae)
0x00007ff995988bae:   b4 24 a8 00 00 00 48 98 0f b6 84 01 b4 8f 55 00
0x00007ff995988bbe:   8b 94 81 98 8f 55 00 48 03 d1 ff e2 48 8b 5d 7f
0x00007ff995988bce:   48 8d 4d e7 4c 8b cb 45 8b c2 49 8b d3 e8 60 d1
0x00007ff995988bde:   ff ff 48 83 7b 08 00 0f 85 89 03 00 00 4c 8b cb
0x00007ff995988bee:   48 8d 55 e7 41 b0 01 48 8b ce e8 63 0e 00 00 e9
0x00007ff995988bfe:   72 03 00 00 48 8b 7d 7f 48 8d 4d e7 4c 8b cf 45
0x00007ff995988c0e:   8b c2 49 8b d3 e8 28 d1 ff ff 48 83 7f 08 00 0f
0x00007ff995988c1e:   85 51 03 00 00 48 8b d7 48 8d 4d e7 e8 d1 e0 ff
0x00007ff995988c2e:   ff 48 83 7f 08 00 0f 85 3a 03 00 00 48 89 45 d7
0x00007ff995988c3e:   48 89 7d df 48 85 c0 74 14 48 8b 8f 40 02 00 00
0x00007ff995988c4e:   48 8d 55 c7 48 89 45 c7 e8 a5 1d ab ff 4c 8b cb
0x00007ff995988c5e:   48 89 7c 24 20 4c 8d 45 d7 48 8b ce 48 8d 55 e7
0x00007ff995988c6e:   e8 7d 17 00 00 e9 f3 02 00 00 4c 8b 75 7f 48 8d
0x00007ff995988c7e:   4d e7 4d 8b ce 45 8b c2 49 8b d3 e8 b2 d0 ff ff
0x00007ff995988c8e:   49 83 7e 08 00 0f 85 db 02 00 00 48 85 db 75 04
0x00007ff995988c9e:   33 ff eb 25 80 3d fa 1c 59 00 00 48 8b 3b 74 15
0x00007ff995988cae:   8b 7f 08 8b 0d 01 a6 52 00 48 d3 e7 48 03 3d ef
0x00007ff995988cbe:   a5 52 00 eb 04 48 8b 7f 08 49 8b d6 48 8d 4d e7
0x00007ff995988cce:   e8 9d e5 ff ff 49 83 7e 08 00 0f 85 96 02 00 00
0x00007ff995988cde:   48 89 45 d7 4c 89 75 df 48 85 c0 74 14 49 8b 8e
0x00007ff995988cee:   40 02 00 00 48 8d 55 c7 48 89 45 c7 e8 01 1d ab
0x00007ff995988cfe:   ff 4c 8b 45 f7 48 8d 55 d7 4c 89 74 24 30 4c 8b
0x00007ff995988d0e:   cb c6 44 24 28 01 48 8b ce 48 89 7c 24 20 e8 3f
0x00007ff995988d1e:   1c 00 00 e9 45 02 00 00 4c 8b 75 7f 48 8d 4d e7
0x00007ff995988d2e:   4d 8b ce 45 8b c2 49 8b d3 e8 04 d0 ff ff 49 83
0x00007ff995988d3e:   7e 08 00 0f 85 2d 02 00 00 48 83 3d 11 73 59 00
0x00007ff995988d4e:   00 0f 84 98 00 00 00 49 8b be 30 02 00 00 48 8b
0x00007ff995988d5e:   4d ef 4c 89 a4 24 d8 00 00 00 4c 89 ac 24 e0 00
0x00007ff995988d6e:   00 00 48 8b 47 28 4c 8b 67 18 4c 8b 6f 20 4c 89
0x00007ff995988d7e:   bc 24 a0 00 00 00 4c 8b 7f 10 48 89 45 c7 e8 ff
0x00007ff995988d8e:   4f 1e 00 48 8b 4d e7 48 8b d8 e8 f3 4f 1e 00 48
0x00007ff995988d9e:   8b d0 48 8d 0d 71 55 3d 00 4c 8b c3 e8 b1 cc ff 


Stack slot to memory mapping:
stack at sp + 0 slots: 0x0000025e7514090a is pointing into metadata
stack at sp + 1 slots: 0x0000025e7585bb78 points into unknown readable memory: 0x00000006001625b0 | b0 25 16 00 06 00 00 00
stack at sp + 2 slots: 0x000000fcc151ecd9 is pointing into the stack for thread: 0x0000025e74b64ff0
stack at sp + 3 slots: 0x00007ff995b1c2e1 jvm.dll
stack at sp + 4 slots: 0x0 is NULL
stack at sp + 5 slots: 0x0000025e7c943380 points into unknown readable memory: 0x6e75735f00000002 | 02 00 00 00 5f 73 75 6e
stack at sp + 6 slots: {method} {0x0000025e751409a0} 'getRGB' '(II)I' in 'java/awt/image/BufferedImage'
stack at sp + 7 slots: 0x00007ff9956f656f jvm.dll


---------------  P R O C E S S  ---------------

Threads class SMR info:
_java_thread_list=0x0000025e7cb61880, length=23, elements={
0x0000025e73a755d0, 0x0000025e73a76440, 0x0000025e74a01f00, 0x0000025e74a038c0,
0x0000025e74a06a50, 0x0000025e74a0b410, 0x0000025e74a14ef0, 0x0000025e74a04270,
0x0000025e74a05440, 0x0000025e74b28800, 0x0000025e74b64180, 0x0000025e74b671a0,
0x0000025e74b637e0, 0x0000025e74b66330, 0x0000025e74b64650, 0x0000025e74b63cb0,
0x0000025e74b66800, 0x0000025e74b64b20, 0x0000025e74b64ff0, 0x0000025e74b654c0,
0x0000025e7cb6fe20, 0x0000025e7cb6ce00, 0x0000025e7cb69440
}

Java Threads: ( => current thread )
  0x0000025e73a755d0 JavaThread "Reference Handler" daemon [_thread_blocked, id=8128, stack(0x000000fcbfe00000,0x000000fcbff00000)]
  0x0000025e73a76440 JavaThread "Finalizer" daemon [_thread_blocked, id=17572, stack(0x000000fcbff00000,0x000000fcc0000000)]
  0x0000025e74a01f00 JavaThread "Signal Dispatcher" daemon [_thread_blocked, id=24144, stack(0x000000fcc0000000,0x000000fcc0100000)]
  0x0000025e74a038c0 JavaThread "Attach Listener" daemon [_thread_blocked, id=28228, stack(0x000000fcc0100000,0x000000fcc0200000)]
  0x0000025e74a06a50 JavaThread "Service Thread" daemon [_thread_blocked, id=15016, stack(0x000000fcc0200000,0x000000fcc0300000)]
  0x0000025e74a0b410 JavaThread "Monitor Deflation Thread" daemon [_thread_blocked, id=4864, stack(0x000000fcc0300000,0x000000fcc0400000)]
  0x0000025e74a14ef0 JavaThread "C2 CompilerThread0" daemon [_thread_blocked, id=32680, stack(0x000000fcc0400000,0x000000fcc0500000)]
  0x0000025e74a04270 JavaThread "C1 CompilerThread0" daemon [_thread_blocked, id=32008, stack(0x000000fcc0500000,0x000000fcc0600000)]
  0x0000025e74a05440 JavaThread "Sweeper thread" daemon [_thread_blocked, id=6440, stack(0x000000fcc0600000,0x000000fcc0700000)]
  0x0000025e74b28800 JavaThread "C1 CompilerThread1" daemon [_thread_blocked, id=34752, stack(0x000000fcc0700000,0x000000fcc0800000)]
  0x0000025e74b64180 JavaThread "Notification Thread" daemon [_thread_blocked, id=31236, stack(0x000000fcc0900000,0x000000fcc0a00000)]
  0x0000025e74b671a0 JavaThread "Common-Cleaner" daemon [_thread_blocked, id=21580, stack(0x000000fcc0b00000,0x000000fcc0c00000)]
  0x0000025e74b637e0 JavaThread "Thread-0" daemon [_thread_blocked, id=30064, stack(0x000000fcc0d00000,0x000000fcc0e00000)]
  0x0000025e74b66330 JavaThread "Java2D Disposer" daemon [_thread_blocked, id=34000, stack(0x000000fcc0e00000,0x000000fcc0f00000)]
  0x0000025e74b64650 JavaThread "AWT-Shutdown" [_thread_blocked, id=33000, stack(0x000000fcc0f00000,0x000000fcc1000000)]
  0x0000025e74b63cb0 JavaThread "AWT-Windows" daemon [_thread_in_native, id=30232, stack(0x000000fcc1000000,0x000000fcc1100000)]
  0x0000025e74b66800 JavaThread "AWT-EventQueue-0" [_thread_blocked, id=12792, stack(0x000000fcc1220000,0x000000fcc1320000)]
  0x0000025e74b64b20 JavaThread "D3D Screen Updater" daemon [_thread_blocked, id=21496, stack(0x000000fcc1320000,0x000000fcc1420000)]
=>0x0000025e74b64ff0 JavaThread "Thread-1" [_thread_in_vm, id=34760, stack(0x000000fcc1420000,0x000000fcc1520000)]
  0x0000025e74b654c0 JavaThread "DestroyJavaVM" [_thread_blocked, id=13120, stack(0x000000fcbf700000,0x000000fcbf800000)]
  0x0000025e7cb6fe20 JavaThread "Thread-3" [_thread_blocked, id=30136, stack(0x000000fcc2430000,0x000000fcc2530000)]
  0x0000025e7cb6ce00 JavaThread "Thread-4" [_thread_blocked, id=29600, stack(0x000000fcc2830000,0x000000fcc2930000)]
  0x0000025e7cb69440 JavaThread "Thread-5" [_thread_blocked, id=31216, stack(0x000000fcc0800000,0x000000fcc0900000)]

Other Threads:
  0x0000025e73a70230 VMThread "VM Thread" [stack: 0x000000fcbfd00000,0x000000fcbfe00000] [id=33256]
  0x0000025e738963b0 WatcherThread [stack: 0x000000fcc0a00000,0x000000fcc0b00000] [id=30340]
  0x0000025e46fea210 GCTaskThread "GC Thread#0" [stack: 0x000000fcbf800000,0x000000fcbf900000] [id=23024]
  0x0000025e7cc54c90 GCTaskThread "GC Thread#1" [stack: 0x000000fcc1530000,0x000000fcc1630000] [id=31636]
  0x0000025e7cb7cec0 GCTaskThread "GC Thread#2" [stack: 0x000000fcc1630000,0x000000fcc1730000] [id=32792]
  0x0000025e7cb7d170 GCTaskThread "GC Thread#3" [stack: 0x000000fcc1730000,0x000000fcc1830000] [id=26724]
  0x0000025e7cb7d420 GCTaskThread "GC Thread#4" [stack: 0x000000fcc1830000,0x000000fcc1930000] [id=13624]
  0x0000025e7cb7d6d0 GCTaskThread "GC Thread#5" [stack: 0x000000fcc1930000,0x000000fcc1a30000] [id=29764]
  0x0000025e7cb7f990 GCTaskThread "GC Thread#6" [stack: 0x000000fcc1a30000,0x000000fcc1b30000] [id=29700]
  0x0000025e7cb82700 GCTaskThread "GC Thread#7" [stack: 0x000000fcc1b30000,0x000000fcc1c30000] [id=29412]
  0x0000025e7cb881f0 GCTaskThread "GC Thread#8" [stack: 0x000000fcc1c30000,0x000000fcc1d30000] [id=8564]
  0x0000025e7cb96b60 GCTaskThread "GC Thread#9" [stack: 0x000000fcc1d30000,0x000000fcc1e30000] [id=33916]
  0x0000025e7cb97bd0 GCTaskThread "GC Thread#10" [stack: 0x000000fcc1e30000,0x000000fcc1f30000] [id=21824]
  0x0000025e7cb973c0 GCTaskThread "GC Thread#11" [stack: 0x000000fcc1f30000,0x000000fcc2030000] [id=8092]
  0x0000025e46f57370 ConcurrentGCThread "G1 Main Marker" [stack: 0x000000fcbf900000,0x000000fcbfa00000] [id=6460]
  0x0000025e46ffbed0 ConcurrentGCThread "G1 Conc#0" [stack: 0x000000fcbfa00000,0x000000fcbfb00000] [id=26856]
  0x0000025e7cb97670 ConcurrentGCThread "G1 Conc#1" [stack: 0x000000fcc2130000,0x000000fcc2230000] [id=12964]
  0x0000025e7cb98940 ConcurrentGCThread "G1 Conc#2" [stack: 0x000000fcc2530000,0x000000fcc2630000] [id=34148]
  0x0000025e7cb96e60 ConcurrentGCThread "G1 Conc#3" [stack: 0x000000fcc2630000,0x000000fcc2730000] [id=27012]
  0x0000025e7cb97920 ConcurrentGCThread "G1 Conc#4" [stack: 0x000000fcc2730000,0x000000fcc2830000] [id=33264]
  0x0000025e739aad70 ConcurrentGCThread "G1 Refine#0" [stack: 0x000000fcbfb00000,0x000000fcbfc00000] [id=28548]
  0x0000025e739ab790 ConcurrentGCThread "G1 Service" [stack: 0x000000fcbfc00000,0x000000fcbfd00000] [id=16364]

Threads with active compile tasks:

VM state: not at safepoint (normal execution)

VM Mutex/Monitor currently owned by a thread: None

Heap address: 0x0000000604000000, size: 8128 MB, Compressed Oops mode: Zero based, Oop shift amount: 3

CDS archive(s) mapped at: [0x0000000800000000-0x0000000800bc0000-0x0000000800bc0000), size 12320768, SharedBaseAddress: 0x0000000800000000, ArchiveRelocationMode: 0.
Compressed class space mapped at: 0x0000000800c00000-0x0000000840c00000, reserved size: 1073741824
Narrow klass base: 0x0000000800000000, Narrow klass shift: 0, Narrow klass range: 0x100000000

GC Precious Log:
 CPUs: 24 total, 24 available
 Memory: 32509M
 Large Page Support: Disabled
 NUMA Support: Disabled
 Compressed Oops: Enabled (Zero based)
 Heap Region Size: 4M
 Heap Min Capacity: 8M
 Heap Initial Capacity: 508M
 Heap Max Capacity: 8128M
 Pre-touch: Disabled
 Parallel Workers: 18
 Concurrent Workers: 5
 Concurrent Refinement Workers: 18
 Periodic GC: Disabled

Heap:
 garbage-first heap   total 311296K, used 61684K [0x0000000604000000, 0x0000000800000000)
  region size 4096K, 5 young (20480K), 1 survivors (4096K)
 Metaspace       used 7961K, committed 8128K, reserved 1056768K
  class space    used 713K, committed 768K, reserved 1048576K

Heap Regions: E=young(eden), S=young(survivor), O=old, HS=humongous(starts), HC=humongous(continues), CS=collection set, F=free, OA=open archive, CA=closed archive, TAMS=top-at-mark-start (previous, next)
|   0|0x0000000604000000, 0x0000000604400000, 0x0000000604400000|100%|HS|  |TAMS 0x0000000604400000, 0x0000000604000000| Complete 
|   1|0x0000000604400000, 0x0000000604800000, 0x0000000604800000|100%|HC|  |TAMS 0x0000000604800000, 0x0000000604400000| Complete 
|   2|0x0000000604800000, 0x0000000604c00000, 0x0000000604c00000|100%| O|  |TAMS 0x0000000604c00000, 0x0000000604800000| Untracked 
|   3|0x0000000604c00000, 0x0000000604e0d910, 0x0000000605000000| 51%| O|  |TAMS 0x0000000604e0d910, 0x0000000604c00000| Untracked 
|   4|0x0000000605000000, 0x0000000605000000, 0x0000000605400000|  0%| F|  |TAMS 0x0000000605000000, 0x0000000605000000| Untracked 
|   5|0x0000000605400000, 0x0000000605800000, 0x0000000605800000|100%| O|  |TAMS 0x0000000605800000, 0x0000000605400000| Untracked 
|   6|0x0000000605800000, 0x0000000605800000, 0x0000000605c00000|  0%| F|  |TAMS 0x0000000605800000, 0x0000000605800000| Untracked 
|   7|0x0000000605c00000, 0x0000000606000000, 0x0000000606000000|100%| O|  |TAMS 0x0000000606000000, 0x0000000605c00000| Untracked 
|   8|0x0000000606000000, 0x0000000606400000, 0x0000000606400000|100%| O|  |TAMS 0x0000000606400000, 0x0000000606000000| Untracked 
|   9|0x0000000606400000, 0x0000000606800000, 0x0000000606800000|100%| O|  |TAMS 0x0000000606496e00, 0x0000000606400000| Untracked 
|  10|0x0000000606800000, 0x0000000606c00000, 0x0000000606c00000|100%| O|  |TAMS 0x0000000606800000, 0x0000000606800000| Untracked 
|  11|0x0000000606c00000, 0x0000000607000000, 0x0000000607000000|100%| O|  |TAMS 0x0000000606c00000, 0x0000000606c00000| Untracked 
|  12|0x0000000607000000, 0x0000000607400000, 0x0000000607400000|100%| O|  |TAMS 0x0000000607000000, 0x0000000607000000| Untracked 
|  13|0x0000000607400000, 0x0000000607542400, 0x0000000607800000| 31%| O|  |TAMS 0x0000000607400000, 0x0000000607400000| Untracked 
|  14|0x0000000607800000, 0x0000000607800000, 0x0000000607c00000|  0%| F|  |TAMS 0x0000000607800000, 0x0000000607800000| Untracked 
|  15|0x0000000607c00000, 0x0000000607c00000, 0x0000000608000000|  0%| F|  |TAMS 0x0000000607c00000, 0x0000000607c00000| Untracked 
|  16|0x0000000608000000, 0x0000000608000000, 0x0000000608400000|  0%| F|  |TAMS 0x0000000608000000, 0x0000000608000000| Untracked 
|  17|0x0000000608400000, 0x0000000608400000, 0x0000000608800000|  0%| F|  |TAMS 0x0000000608400000, 0x0000000608400000| Untracked 
|  18|0x0000000608800000, 0x0000000608800000, 0x0000000608c00000|  0%| F|  |TAMS 0x0000000608800000, 0x0000000608800000| Untracked 
|  19|0x0000000608c00000, 0x0000000608c00000, 0x0000000609000000|  0%| F|  |TAMS 0x0000000608c00000, 0x0000000608c00000| Untracked 
|  20|0x0000000609000000, 0x0000000609000000, 0x0000000609400000|  0%| F|  |TAMS 0x0000000609000000, 0x0000000609000000| Untracked 
|  21|0x0000000609400000, 0x00000006094ed548, 0x0000000609800000| 23%| S|CS|TAMS 0x0000000609400000, 0x0000000609400000| Complete 
|  22|0x0000000609800000, 0x0000000609800000, 0x0000000609c00000|  0%| F|  |TAMS 0x0000000609800000, 0x0000000609800000| Untracked 
|  23|0x0000000609c00000, 0x0000000609c00000, 0x000000060a000000|  0%| F|  |TAMS 0x0000000609c00000, 0x0000000609c00000| Untracked 
|  24|0x000000060a000000, 0x000000060a000000, 0x000000060a400000|  0%| F|  |TAMS 0x000000060a000000, 0x000000060a000000| Untracked 
|  25|0x000000060a400000, 0x000000060a400000, 0x000000060a800000|  0%| F|  |TAMS 0x000000060a400000, 0x000000060a400000| Untracked 
|  26|0x000000060a800000, 0x000000060a800000, 0x000000060ac00000|  0%| F|  |TAMS 0x000000060a800000, 0x000000060a800000| Untracked 
|  27|0x000000060ac00000, 0x000000060ac00000, 0x000000060b000000|  0%| F|  |TAMS 0x000000060ac00000, 0x000000060ac00000| Untracked 
|  28|0x000000060b000000, 0x000000060b000000, 0x000000060b400000|  0%| F|  |TAMS 0x000000060b000000, 0x000000060b000000| Untracked 
|  29|0x000000060b400000, 0x000000060b400000, 0x000000060b800000|  0%| F|  |TAMS 0x000000060b400000, 0x000000060b400000| Untracked 
|  30|0x000000060b800000, 0x000000060b800000, 0x000000060bc00000|  0%| F|  |TAMS 0x000000060b800000, 0x000000060b800000| Untracked 
|  31|0x000000060bc00000, 0x000000060bc00000, 0x000000060c000000|  0%| F|  |TAMS 0x000000060bc00000, 0x000000060bc00000| Untracked 
|  32|0x000000060c000000, 0x000000060c000000, 0x000000060c400000|  0%| F|  |TAMS 0x000000060c000000, 0x000000060c000000| Untracked 
|  33|0x000000060c400000, 0x000000060c400000, 0x000000060c800000|  0%| F|  |TAMS 0x000000060c400000, 0x000000060c400000| Untracked 
|  34|0x000000060c800000, 0x000000060c800000, 0x000000060cc00000|  0%| F|  |TAMS 0x000000060c800000, 0x000000060c800000| Untracked 
|  35|0x000000060cc00000, 0x000000060cc00000, 0x000000060d000000|  0%| F|  |TAMS 0x000000060cc00000, 0x000000060cc00000| Untracked 
|  36|0x000000060d000000, 0x000000060d000000, 0x000000060d400000|  0%| F|  |TAMS 0x000000060d000000, 0x000000060d000000| Untracked 
|  37|0x000000060d400000, 0x000000060d400000, 0x000000060d800000|  0%| F|  |TAMS 0x000000060d400000, 0x000000060d400000| Untracked 
|  38|0x000000060d800000, 0x000000060d800000, 0x000000060dc00000|  0%| F|  |TAMS 0x000000060d800000, 0x000000060d800000| Untracked 
|  39|0x000000060dc00000, 0x000000060dc00000, 0x000000060e000000|  0%| F|  |TAMS 0x000000060dc00000, 0x000000060dc00000| Untracked 
|  40|0x000000060e000000, 0x000000060e000000, 0x000000060e400000|  0%| F|  |TAMS 0x000000060e000000, 0x000000060e000000| Untracked 
|  41|0x000000060e400000, 0x000000060e400000, 0x000000060e800000|  0%| F|  |TAMS 0x000000060e400000, 0x000000060e400000| Untracked 
|  42|0x000000060e800000, 0x000000060e800000, 0x000000060ec00000|  0%| F|  |TAMS 0x000000060e800000, 0x000000060e800000| Untracked 
|  43|0x000000060ec00000, 0x000000060ec00000, 0x000000060f000000|  0%| F|  |TAMS 0x000000060ec00000, 0x000000060ec00000| Untracked 
|  44|0x000000060f000000, 0x000000060f000000, 0x000000060f400000|  0%| F|  |TAMS 0x000000060f000000, 0x000000060f000000| Untracked 
|  45|0x000000060f400000, 0x000000060f400000, 0x000000060f800000|  0%| F|  |TAMS 0x000000060f400000, 0x000000060f400000| Untracked 
|  46|0x000000060f800000, 0x000000060f800000, 0x000000060fc00000|  0%| F|  |TAMS 0x000000060f800000, 0x000000060f800000| Untracked 
|  47|0x000000060fc00000, 0x000000060fc00000, 0x0000000610000000|  0%| F|  |TAMS 0x000000060fc00000, 0x000000060fc00000| Untracked 
|  48|0x0000000610000000, 0x0000000610000000, 0x0000000610400000|  0%| F|  |TAMS 0x0000000610000000, 0x0000000610000000| Untracked 
|  49|0x0000000610400000, 0x0000000610400000, 0x0000000610800000|  0%| F|  |TAMS 0x0000000610400000, 0x0000000610400000| Untracked 
|  50|0x0000000610800000, 0x0000000610800000, 0x0000000610c00000|  0%| F|  |TAMS 0x0000000610800000, 0x0000000610800000| Untracked 
|  51|0x0000000610c00000, 0x0000000610c00000, 0x0000000611000000|  0%| F|  |TAMS 0x0000000610c00000, 0x0000000610c00000| Untracked 
|  52|0x0000000611000000, 0x0000000611000000, 0x0000000611400000|  0%| F|  |TAMS 0x0000000611000000, 0x0000000611000000| Untracked 
|  53|0x0000000611400000, 0x0000000611400000, 0x0000000611800000|  0%| F|  |TAMS 0x0000000611400000, 0x0000000611400000| Untracked 
|  54|0x0000000611800000, 0x0000000611800000, 0x0000000611c00000|  0%| F|  |TAMS 0x0000000611800000, 0x0000000611800000| Untracked 
|  55|0x0000000611c00000, 0x0000000611c00000, 0x0000000612000000|  0%| F|  |TAMS 0x0000000611c00000, 0x0000000611c00000| Untracked 
|  56|0x0000000612000000, 0x0000000612000000, 0x0000000612400000|  0%| F|  |TAMS 0x0000000612000000, 0x0000000612000000| Untracked 
|  57|0x0000000612400000, 0x0000000612400000, 0x0000000612800000|  0%| F|  |TAMS 0x0000000612400000, 0x0000000612400000| Untracked 
|  58|0x0000000612800000, 0x0000000612800000, 0x0000000612c00000|  0%| F|  |TAMS 0x0000000612800000, 0x0000000612800000| Untracked 
|  59|0x0000000612c00000, 0x0000000612c00000, 0x0000000613000000|  0%| F|  |TAMS 0x0000000612c00000, 0x0000000612c00000| Untracked 
|  60|0x0000000613000000, 0x0000000613000000, 0x0000000613400000|  0%| F|  |TAMS 0x0000000613000000, 0x0000000613000000| Untracked 
|  61|0x0000000613400000, 0x0000000613400000, 0x0000000613800000|  0%| F|  |TAMS 0x0000000613400000, 0x0000000613400000| Untracked 
|  62|0x0000000613800000, 0x0000000613800000, 0x0000000613c00000|  0%| F|  |TAMS 0x0000000613800000, 0x0000000613800000| Untracked 
|  63|0x0000000613c00000, 0x0000000613c00000, 0x0000000614000000|  0%| F|  |TAMS 0x0000000613c00000, 0x0000000613c00000| Untracked 
|  64|0x0000000614000000, 0x0000000614000000, 0x0000000614400000|  0%| F|  |TAMS 0x0000000614000000, 0x0000000614000000| Untracked 
|  65|0x0000000614400000, 0x0000000614400000, 0x0000000614800000|  0%| F|  |TAMS 0x0000000614400000, 0x0000000614400000| Untracked 
|  66|0x0000000614800000, 0x0000000614800000, 0x0000000614c00000|  0%| F|  |TAMS 0x0000000614800000, 0x0000000614800000| Untracked 
|  67|0x0000000614c00000, 0x0000000614c00000, 0x0000000615000000|  0%| F|  |TAMS 0x0000000614c00000, 0x0000000614c00000| Untracked 
|  68|0x0000000615000000, 0x0000000615000000, 0x0000000615400000|  0%| F|  |TAMS 0x0000000615000000, 0x0000000615000000| Untracked 
|  69|0x0000000615400000, 0x0000000615400000, 0x0000000615800000|  0%| F|  |TAMS 0x0000000615400000, 0x0000000615400000| Untracked 
|  70|0x0000000615800000, 0x0000000615800000, 0x0000000615c00000|  0%| F|  |TAMS 0x0000000615800000, 0x0000000615800000| Untracked 
|  71|0x0000000615c00000, 0x0000000615efb8e0, 0x0000000616000000| 74%| E|  |TAMS 0x0000000615c00000, 0x0000000615c00000| Complete 
|  72|0x0000000616000000, 0x0000000616400000, 0x0000000616400000|100%| E|CS|TAMS 0x0000000616000000, 0x0000000616000000| Complete 
|  73|0x0000000616400000, 0x0000000616800000, 0x0000000616800000|100%| E|CS|TAMS 0x0000000616400000, 0x0000000616400000| Complete 
|  74|0x0000000616800000, 0x0000000616c00000, 0x0000000616c00000|100%| E|CS|TAMS 0x0000000616800000, 0x0000000616800000| Complete 
| 120|0x0000000622000000, 0x0000000622400000, 0x0000000622400000|100%| O|  |TAMS 0x0000000622400000, 0x0000000622000000| Untracked 

Card table byte_map: [0x0000025e5f560000,0x0000025e60540000] _byte_map_base: 0x0000025e5c540000

Marking Bits (Prev, Next): (CMBitMap*) 0x0000025e46fea820, (CMBitMap*) 0x0000025e46fea860
 Prev Bits: [0x0000025e61520000, 0x0000025e69420000)
 Next Bits: [0x0000025e69420000, 0x0000025e71320000)

Polling page: 0x0000025e46710000

Metaspace:

Usage:
  Non-class:      7.08 MB used.
      Class:    713.08 KB used.
       Both:      7.77 MB used.

Virtual space:
  Non-class space:        8.00 MB reserved,       7.19 MB ( 90%) committed,  1 nodes.
      Class space:        1.00 GB reserved,     768.00 KB ( <1%) committed,  1 nodes.
             Both:        1.01 GB reserved,       7.94 MB ( <1%) committed. 

Chunk freelists:
   Non-Class:  672.00 KB
       Class:  3.20 MB
        Both:  3.86 MB

MaxMetaspaceSize: unlimited
CompressedClassSpaceSize: 1.00 GB
Initial GC threshold: 21.00 MB
Current GC threshold: 21.00 MB
CDS: on
MetaspaceReclaimPolicy: balanced
 - commit_granule_bytes: 65536.
 - commit_granule_words: 8192.
 - virtual_space_node_default_size: 1048576.
 - enlarge_chunks_in_place: 1.
 - new_chunks_are_fully_committed: 0.
 - uncommit_free_chunks: 1.
 - use_allocation_guard: 0.
 - handle_deallocations: 1.


Internal statistics:

num_allocs_failed_limit: 0.
num_arena_births: 100.
num_arena_deaths: 0.
num_vsnodes_births: 2.
num_vsnodes_deaths: 0.
num_space_committed: 127.
num_space_uncommitted: 0.
num_chunks_returned_to_freelist: 0.
num_chunks_taken_from_freelist: 176.
num_chunk_merges: 0.
num_chunk_splits: 112.
num_chunks_enlarged: 63.
num_purges: 0.
num_inconsistent_stats: 0.

CodeHeap 'non-profiled nmethods': size=119168Kb used=839Kb max_used=839Kb free=118328Kb
 bounds [0x0000025e56350000, 0x0000025e565c0000, 0x0000025e5d7b0000]
CodeHeap 'profiled nmethods': size=119104Kb used=3617Kb max_used=3617Kb free=115486Kb
 bounds [0x0000025e4ef00000, 0x0000025e4f290000, 0x0000025e56350000]
CodeHeap 'non-nmethods': size=7488Kb used=1853Kb max_used=2456Kb free=5635Kb
 bounds [0x0000025e4e7b0000, 0x0000025e4ea30000, 0x0000025e4ef00000]
 total_blobs=2401 nmethods=1780 adapters=533
 compilation: enabled
              stopped_count=0, restarted_count=0
 full_count=0

Compilation events (20 events):
Event: 7.922 Thread 0x0000025e74a14ef0 1772       4       java.math.BigInteger::implMulAdd (81 bytes)
Event: 7.922 Thread 0x0000025e74b28800 nmethod 1771 0x0000025e4f281b10 code [0x0000025e4f281cc0, 0x0000025e4f282038]
Event: 7.924 Thread 0x0000025e74a04270 nmethod 1770 0x0000025e4f282190 code [0x0000025e4f282620, 0x0000025e4f284118]
Event: 7.928 Thread 0x0000025e74a14ef0 nmethod 1772 0x0000025e5641ff90 code [0x0000025e56420100, 0x0000025e56420358]
Event: 7.992 Thread 0x0000025e74a04270 1773   !   3       java.nio.DirectByteBuffer::put (37 bytes)
Event: 7.992 Thread 0x0000025e74b28800 1774   !   3       jdk.internal.misc.ScopedMemoryAccess::putByte (25 bytes)
Event: 7.992 Thread 0x0000025e74b28800 nmethod 1774 0x0000025e4f284b10 code [0x0000025e4f284d00, 0x0000025e4f285258]
Event: 7.992 Thread 0x0000025e74b28800 1775   !   3       jdk.internal.misc.ScopedMemoryAccess::putByteInternal (37 bytes)
Event: 7.993 Thread 0x0000025e74a04270 nmethod 1773 0x0000025e4f285490 code [0x0000025e4f2856e0, 0x0000025e4f285ff8]
Event: 7.993 Thread 0x0000025e74b28800 nmethod 1775 0x0000025e4f286490 code [0x0000025e4f286640, 0x0000025e4f286968]
Event: 8.110 Thread 0x0000025e74a14ef0 1777 % !   4       Client::method48 @ 1033 (1852 bytes)
Event: 8.128 Thread 0x0000025e74a14ef0 nmethod 1777% 0x0000025e56420890 code [0x0000025e56420a60, 0x0000025e56421508]
Event: 8.168 Thread 0x0000025e74a14ef0 1778       4       DrawingArea::method409 (35 bytes)
Event: 8.178 Thread 0x0000025e74a14ef0 nmethod 1778 0x0000025e56421a10 code [0x0000025e56421b80, 0x0000025e56421d38]
Event: 8.181 Thread 0x0000025e74b28800 1779  s    3       java.util.Hashtable::put (104 bytes)
Event: 8.181 Thread 0x0000025e74a04270 1780       3       java.util.Hashtable::addEntry (87 bytes)
Event: 8.182 Thread 0x0000025e74a04270 nmethod 1780 0x0000025e4f286b10 code [0x0000025e4f286d00, 0x0000025e4f287478]
Event: 8.182 Thread 0x0000025e74b28800 nmethod 1779 0x0000025e4f287710 code [0x0000025e4f287920, 0x0000025e4f288058]
Event: 8.182 Thread 0x0000025e74a04270 1781       3       java.util.Hashtable$Entry::<init> (26 bytes)
Event: 8.182 Thread 0x0000025e74a04270 nmethod 1781 0x0000025e4f288290 code [0x0000025e4f288440, 0x0000025e4f2886d8]

GC Heap History (14 events):
Event: 0.641 GC heap before
{Heap before GC invocations=0 (full 0):
 garbage-first heap   total 520192K, used 28672K [0x0000000604000000, 0x0000000800000000)
  region size 4096K, 6 young (24576K), 0 survivors (0K)
 Metaspace       used 5951K, committed 6144K, reserved 1056768K
  class space    used 587K, committed 704K, reserved 1048576K
}
Event: 0.644 GC heap after
{Heap after GC invocations=1 (full 0):
 garbage-first heap   total 520192K, used 18534K [0x0000000604000000, 0x0000000800000000)
  region size 4096K, 1 young (4096K), 1 survivors (4096K)
 Metaspace       used 5951K, committed 6144K, reserved 1056768K
  class space    used 587K, committed 704K, reserved 1048576K
}
Event: 0.691 GC heap before
{Heap before GC invocations=1 (full 0):
 garbage-first heap   total 520192K, used 18534K [0x0000000604000000, 0x0000000800000000)
  region size 4096K, 3 young (12288K), 1 survivors (4096K)
 Metaspace       used 6986K, committed 7168K, reserved 1056768K
  class space    used 668K, committed 768K, reserved 1048576K
}
Event: 0.694 GC heap after
{Heap after GC invocations=2 (full 1):
 garbage-first heap   total 98304K, used 19260K [0x0000000604000000, 0x0000000800000000)
  region size 4096K, 0 young (0K), 0 survivors (0K)
 Metaspace       used 6986K, committed 7168K, reserved 1056768K
  class space    used 668K, committed 768K, reserved 1048576K
}
Event: 1.060 GC heap before
{Heap before GC invocations=2 (full 1):
 garbage-first heap   total 98304K, used 31548K [0x0000000604000000, 0x0000000800000000)
  region size 4096K, 4 young (16384K), 0 survivors (0K)
 Metaspace       used 7135K, committed 7296K, reserved 1056768K
  class space    used 686K, committed 768K, reserved 1048576K
}
Event: 1.068 GC heap after
{Heap after GC invocations=3 (full 1):
 garbage-first heap   total 98304K, used 31702K [0x0000000604000000, 0x0000000800000000)
  region size 4096K, 1 young (4096K), 1 survivors (4096K)
 Metaspace       used 7135K, committed 7296K, reserved 1056768K
  class space    used 686K, committed 768K, reserved 1048576K
}
Event: 1.609 GC heap before
{Heap before GC invocations=3 (full 1):
 garbage-first heap   total 98304K, used 39894K [0x0000000604000000, 0x0000000800000000)
  region size 4096K, 3 young (12288K), 1 survivors (4096K)
 Metaspace       used 7156K, committed 7296K, reserved 1056768K
  class space    used 686K, committed 768K, reserved 1048576K
}
Event: 1.610 GC heap after
{Heap after GC invocations=4 (full 1):
 garbage-first heap   total 98304K, used 34698K [0x0000000604000000, 0x0000000800000000)
  region size 4096K, 1 young (4096K), 1 survivors (4096K)
 Metaspace       used 7156K, committed 7296K, reserved 1056768K
  class space    used 686K, committed 768K, reserved 1048576K
}
Event: 1.818 GC heap before
{Heap before GC invocations=4 (full 1):
 garbage-first heap   total 98304K, used 42890K [0x0000000604000000, 0x0000000800000000)
  region size 4096K, 4 young (16384K), 1 survivors (4096K)
 Metaspace       used 7203K, committed 7424K, reserved 1056768K
  class space    used 690K, committed 768K, reserved 1048576K
}
Event: 1.819 GC heap after
{Heap after GC invocations=5 (full 1):
 garbage-first heap   total 98304K, used 41485K [0x0000000604000000, 0x0000000800000000)
  region size 4096K, 1 young (4096K), 1 survivors (4096K)
 Metaspace       used 7203K, committed 7424K, reserved 1056768K
  class space    used 690K, committed 768K, reserved 1048576K
}
Event: 1.872 GC heap before
{Heap before GC invocations=6 (full 1):
 garbage-first heap   total 98304K, used 45581K [0x0000000604000000, 0x0000000800000000)
  region size 4096K, 3 young (12288K), 1 survivors (4096K)
 Metaspace       used 7328K, committed 7488K, reserved 1056768K
  class space    used 705K, committed 768K, reserved 1048576K
}
Event: 1.874 GC heap after
{Heap after GC invocations=7 (full 1):
 garbage-first heap   total 98304K, used 48189K [0x0000000604000000, 0x0000000800000000)
  region size 4096K, 1 young (4096K), 1 survivors (4096K)
 Metaspace       used 7328K, committed 7488K, reserved 1056768K
  class space    used 705K, committed 768K, reserved 1048576K
}
Event: 1.980 GC heap before
{Heap before GC invocations=7 (full 1):
 garbage-first heap   total 98304K, used 52285K [0x0000000604000000, 0x0000000800000000)
  region size 4096K, 2 young (8192K), 1 survivors (4096K)
 Metaspace       used 7328K, committed 7488K, reserved 1056768K
  class space    used 705K, committed 768K, reserved 1048576K
}
Event: 1.983 GC heap after
{Heap after GC invocations=8 (full 1):
 garbage-first heap   total 311296K, used 49396K [0x0000000604000000, 0x0000000800000000)
  region size 4096K, 1 young (4096K), 1 survivors (4096K)
 Metaspace       used 7328K, committed 7488K, reserved 1056768K
  class space    used 705K, committed 768K, reserved 1048576K
}

Deoptimization events (20 events):
Event: 6.516 Thread 0x0000025e74b66800 DEOPT PACKING pc=0x0000025e56411a60 sp=0x000000fcc131e4d0
Event: 6.516 Thread 0x0000025e74b66800 DEOPT UNPACKING pc=0x0000025e4e8023a3 sp=0x000000fcc131e448 mode 2
Event: 6.577 Thread 0x0000025e74b66800 Uncommon trap: trap_request=0xffffffde fr.pc=0x0000025e56411a60 relative=0x0000000000000520
Event: 6.577 Thread 0x0000025e74b66800 Uncommon trap: reason=class_check action=maybe_recompile pc=0x0000025e56411a60 method=java.util.HashMap.getNode(Ljava/lang/Object;)Ljava/util/HashMap$DualNode; @ 128 c2
Event: 6.577 Thread 0x0000025e74b66800 DEOPT PACKING pc=0x0000025e56411a60 sp=0x000000fcc131e4d0
Event: 6.577 Thread 0x0000025e74b66800 DEOPT UNPACKING pc=0x0000025e4e8023a3 sp=0x000000fcc131e448 mode 2
Event: 6.699 Thread 0x0000025e74b66800 Uncommon trap: trap_request=0xffffffde fr.pc=0x0000025e56411a60 relative=0x0000000000000520
Event: 6.699 Thread 0x0000025e74b66800 Uncommon trap: reason=class_check action=maybe_recompile pc=0x0000025e56411a60 method=java.util.HashMap.getNode(Ljava/lang/Object;)Ljava/util/HashMap$DualNode; @ 128 c2
Event: 6.699 Thread 0x0000025e74b66800 DEOPT PACKING pc=0x0000025e56411a60 sp=0x000000fcc131e4f0
Event: 6.699 Thread 0x0000025e74b66800 DEOPT UNPACKING pc=0x0000025e4e8023a3 sp=0x000000fcc131e468 mode 2
Event: 8.168 Thread 0x0000025e74b64ff0 DEOPT PACKING pc=0x0000025e4efffaec sp=0x000000fcc151ef20
Event: 8.168 Thread 0x0000025e74b64ff0 DEOPT UNPACKING pc=0x0000025e4e802b43 sp=0x000000fcc151e3b8 mode 0
Event: 8.168 Thread 0x0000025e74b64ff0 Uncommon trap: trap_request=0xffffff45 fr.pc=0x0000025e5637f220 relative=0x00000000000001a0
Event: 8.168 Thread 0x0000025e74b64ff0 Uncommon trap: reason=unstable_if action=reinterpret pc=0x0000025e5637f220 method=DrawingArea.method409(I)V @ 19 c2
Event: 8.168 Thread 0x0000025e74b64ff0 DEOPT PACKING pc=0x0000025e5637f220 sp=0x000000fcc151ef10
Event: 8.168 Thread 0x0000025e74b64ff0 DEOPT UNPACKING pc=0x0000025e4e8023a3 sp=0x000000fcc151eeb8 mode 2
Event: 8.182 Thread 0x0000025e74b64ff0 Uncommon trap: trap_request=0xffffff45 fr.pc=0x0000025e5641c3e4 relative=0x0000000000001a24
Event: 8.182 Thread 0x0000025e74b64ff0 Uncommon trap: reason=unstable_if action=reinterpret pc=0x0000025e5641c3e4 method=Class44_Sub3_Sub1_Sub4.method463([BIIIII)V @ 154 c2
Event: 8.182 Thread 0x0000025e74b64ff0 DEOPT PACKING pc=0x0000025e5641c3e4 sp=0x000000fcc151ef10
Event: 8.182 Thread 0x0000025e74b64ff0 DEOPT UNPACKING pc=0x0000025e4e8023a3 sp=0x000000fcc151edf0 mode 2

Classes unloaded (0 events):
No events

Classes redefined (0 events):
No events

Internal exceptions (13 events):
Event: 0.093 Thread 0x0000025e46f393d0 Exception <a 'java/lang/ClassNotFoundException'{0x00000006237676e8}: sun/awt/resources/spi/awtProvider> (0x00000006237676e8) 
thrown [t:\workspace\open\src\hotspot\share\classfile\systemDictionary.cpp, line 256]
Event: 0.101 Thread 0x0000025e46f393d0 Exception <a 'java/io/FileNotFoundException'{0x00000006237b8d48}> (0x00000006237b8d48) 
thrown [t:\workspace\open\src\hotspot\share\prims\jni.cpp, line 516]
Event: 0.104 Thread 0x0000025e46f393d0 Exception <a 'java/io/FileNotFoundException'{0x00000006237e5cc8}> (0x00000006237e5cc8) 
thrown [t:\workspace\open\src\hotspot\share\prims\jni.cpp, line 516]
Event: 0.190 Thread 0x0000025e46f393d0 Exception <a 'java/lang/NoSuchMethodError'{0x00000006233ea138}: 'java.lang.Object java.lang.invoke.DirectMethodHandle$Holder.invokeStaticInit(java.lang.Object)'> (0x00000006233ea138) 
thrown [t:\workspace\open\src\hotspot\share\interpreter\linkResolver.cpp, line 766]
Event: 0.558 Thread 0x0000025e74b63cb0 Exception <a 'java/lang/NoSuchMethodError'{0x0000000622c0fc68}: 'void java.lang.invoke.DirectMethodHandle$Holder.invokeVirtual(java.lang.Object, java.lang.Object)'> (0x0000000622c0fc68) 
thrown [t:\workspace\open\src\hotspot\share\interpreter\linkResolver.cpp, line 766]
Event: 0.565 Thread 0x0000025e46f393d0 Exception <a 'java/lang/NoSuchMethodError'{0x0000000622ca1a48}: 'void java.lang.invoke.DirectMethodHandle$Holder.invokeStaticInit(java.lang.Object)'> (0x0000000622ca1a48) 
thrown [t:\workspace\open\src\hotspot\share\interpreter\linkResolver.cpp, line 766]
Event: 0.596 Thread 0x0000025e46f393d0 Exception <a 'java/lang/NoSuchMethodError'{0x0000000622d93ab8}: 'java.lang.Object java.lang.invoke.DirectMethodHandle$Holder.newInvokeSpecial(java.lang.Object, java.lang.Object, java.lang.Object, int, int, int, int, int)'> (0x0000000622d93ab8) 
thrown [t:\workspace\open\src\hotspot\share\interpreter\linkResolver.cpp, line 766]
Event: 0.664 Thread 0x0000025e74b64ff0 Exception <a 'java/lang/NoSuchMethodError'{0x0000000623af7028}: 'void java.lang.invoke.DirectMethodHandle$Holder.invokeStatic(java.lang.Object, java.lang.Object)'> (0x0000000623af7028) 
thrown [t:\workspace\open\src\hotspot\share\interpreter\linkResolver.cpp, line 766]
Event: 0.698 Thread 0x0000025e74b64ff0 Exception <a 'java/lang/NullPointerException'{0x000000060982a4d0}> (0x000000060982a4d0) 
thrown [t:\workspace\open\src\hotspot\share\interpreter\linkResolver.cpp, line 1440]
Event: 0.740 Thread 0x0000025e74b64ff0 Exception <a 'java/lang/NullPointerException'{0x0000000609277ac0}> (0x0000000609277ac0) 
thrown [t:\workspace\open\src\hotspot\share\interpreter\linkResolver.cpp, line 1440]
Event: 1.670 Thread 0x0000025e74b64ff0 Exception <a 'java/lang/ArrayIndexOutOfBoundsException'{0x00000006099c4180}: Index 2972 out of bounds for length 2972> (0x00000006099c4180) 
thrown [t:\workspace\open\src\hotspot\share\interpreter\interpreterRuntime.cpp, line 428]
Event: 1.728 Thread 0x0000025e74b64ff0 Exception <a 'java/lang/ArrayIndexOutOfBoundsException'{0x0000000609b819d0}: Index 12602 out of bounds for length 12602> (0x0000000609b819d0) 
thrown [t:\workspace\open\src\hotspot\share\interpreter\interpreterRuntime.cpp, line 428]
Event: 1.730 Thread 0x0000025e74b64ff0 Exception <a 'java/lang/ArrayIndexOutOfBoundsException'{0x0000000609b8d660}: Index 1658 out of bounds for length 1658> (0x0000000609b8d660) 
thrown [t:\workspace\open\src\hotspot\share\interpreter\interpreterRuntime.cpp, line 428]

VM Operations (20 events):
Event: 1.609 Executing VM operation: G1CollectForAllocation
Event: 1.610 Executing VM operation: G1CollectForAllocation done
Event: 1.818 Executing VM operation: G1CollectForAllocation
Event: 1.819 Executing VM operation: G1CollectForAllocation done
Event: 1.821 Executing VM operation: G1Concurrent
Event: 1.821 Executing VM operation: G1Concurrent done
Event: 1.822 Executing VM operation: G1Concurrent
Event: 1.822 Executing VM operation: G1Concurrent done
Event: 1.872 Executing VM operation: G1CollectForAllocation
Event: 1.874 Executing VM operation: G1CollectForAllocation done
Event: 1.980 Executing VM operation: G1CollectForAllocation
Event: 1.983 Executing VM operation: G1CollectForAllocation done
Event: 3.982 Executing VM operation: Cleanup
Event: 3.982 Executing VM operation: Cleanup done
Event: 4.983 Executing VM operation: Cleanup
Event: 4.983 Executing VM operation: Cleanup done
Event: 5.983 Executing VM operation: Cleanup
Event: 5.984 Executing VM operation: Cleanup done
Event: 7.985 Executing VM operation: Cleanup
Event: 7.985 Executing VM operation: Cleanup done

Events (20 events):
Event: 4.769 loading class java/awt/event/MouseEvent$1
Event: 4.769 loading class sun/awt/AWTAccessor$MouseEventAccessor
Event: 4.769 loading class sun/awt/AWTAccessor$MouseEventAccessor done
Event: 4.769 loading class java/awt/event/MouseEvent$1 done
Event: 4.769 loading class java/awt/Cursor$CursorDisposer
Event: 4.769 loading class java/awt/Cursor$CursorDisposer done
Event: 4.770 loading class java/awt/event/MouseWheelEvent
Event: 4.770 loading class java/awt/event/MouseWheelEvent done
Event: 5.684 Thread 0x0000025e7cb6bf90 Thread exited: 0x0000025e7cb6bf90
Event: 6.065 Thread 0x0000025e74b2e3e0 Thread exited: 0x0000025e74b2e3e0
Event: 6.350 loading class java/awt/event/KeyEvent$1
Event: 6.350 loading class sun/awt/AWTAccessor$KeyEventAccessor
Event: 6.350 loading class sun/awt/AWTAccessor$KeyEventAccessor done
Event: 6.350 loading class java/awt/event/KeyEvent$1 done
Event: 6.350 loading class sun/awt/DebugSettings
Event: 6.350 loading class sun/awt/DebugSettings done
Event: 7.918 Thread 0x0000025e7cb69440 Thread added: 0x0000025e7cb69440
Event: 7.920 loading class java/math/MutableBigInteger
Event: 7.920 loading class java/math/MutableBigInteger done
Event: 8.137 Thread 0x0000025e7cb6b120 Thread exited: 0x0000025e7cb6b120


Dynamic libraries:
0x00007ff7c72c0000 - 0x00007ff7c72d0000 	C:\Program Files\Java\jdk-17.0.3\bin\java.exe
0x00007ff9e28c0000 - 0x00007ff9e2ac9000 	C:\Windows\SYSTEM32\ntdll.dll
0x00007ff9e12a0000 - 0x00007ff9e135d000 	C:\Windows\System32\KERNEL32.DLL
0x00007ff9e0260000 - 0x00007ff9e05d9000 	C:\Windows\System32\KERNELBASE.dll
0x00007ff9dfda0000 - 0x00007ff9dfeb1000 	C:\Windows\System32\ucrtbase.dll
0x00007ff9bbe50000 - 0x00007ff9bbe6a000 	C:\Program Files\Java\jdk-17.0.3\bin\VCRUNTIME140.dll
0x00007ff9bbe70000 - 0x00007ff9bbe88000 	C:\Program Files\Java\jdk-17.0.3\bin\jli.dll
0x00007ff9e1df0000 - 0x00007ff9e1e9e000 	C:\Windows\System32\ADVAPI32.dll
0x00007ff9e0950000 - 0x00007ff9e09f3000 	C:\Windows\System32\msvcrt.dll
0x00007ff9e1360000 - 0x00007ff9e13fe000 	C:\Windows\System32\sechost.dll
0x00007ff9e1ea0000 - 0x00007ff9e1fc0000 	C:\Windows\System32\RPCRT4.dll
0x00007ff9e0a00000 - 0x00007ff9e0bac000 	C:\Windows\System32\USER32.dll
0x00007ff9e0140000 - 0x00007ff9e0166000 	C:\Windows\System32\win32u.dll
0x00007ff9cd970000 - 0x00007ff9cdc15000 	C:\Windows\WinSxS\amd64_microsoft.windows.common-controls_6595b64144ccf1df_6.0.22000.120_none_9d947278b86cc467\COMCTL32.dll
0x00007ff9e1400000 - 0x00007ff9e1429000 	C:\Windows\System32\GDI32.dll
0x00007ff9dff80000 - 0x00007ff9e0092000 	C:\Windows\System32\gdi32full.dll
0x00007ff9e00a0000 - 0x00007ff9e013d000 	C:\Windows\System32\msvcp_win.dll
0x00007ff9d6470000 - 0x00007ff9d647a000 	C:\Windows\SYSTEM32\VERSION.dll
0x00007ff9e0910000 - 0x00007ff9e0941000 	C:\Windows\System32\IMM32.DLL
0x00007ff9cd510000 - 0x00007ff9cd51c000 	C:\Program Files\Java\jdk-17.0.3\bin\vcruntime140_1.dll
0x00007ff9bbdc0000 - 0x00007ff9bbe4d000 	C:\Program Files\Java\jdk-17.0.3\bin\msvcp140.dll
0x00007ff995430000 - 0x00007ff995ff1000 	C:\Program Files\Java\jdk-17.0.3\bin\server\jvm.dll
0x00007ff9e1440000 - 0x00007ff9e1448000 	C:\Windows\System32\PSAPI.DLL
0x00007ff9d57a0000 - 0x00007ff9d57d3000 	C:\Windows\SYSTEM32\WINMM.dll
0x00007ff9c7750000 - 0x00007ff9c7759000 	C:\Windows\SYSTEM32\WSOCK32.dll
0x00007ff9e1fc0000 - 0x00007ff9e202f000 	C:\Windows\System32\WS2_32.dll
0x00007ff9def50000 - 0x00007ff9def68000 	C:\Windows\SYSTEM32\kernel.appcore.dll
0x00007ff9bbdb0000 - 0x00007ff9bbdba000 	C:\Program Files\Java\jdk-17.0.3\bin\jimage.dll
0x00007ff995200000 - 0x00007ff995421000 	C:\Program Files\Java\jdk-17.0.3\bin\DBGHELP.DLL
0x00007ff9d4d00000 - 0x00007ff9d4d31000 	C:\Windows\SYSTEM32\dbgcore.DLL
0x00007ff9e01e0000 - 0x00007ff9e025f000 	C:\Windows\System32\bcryptPrimitives.dll
0x00007ff99aa30000 - 0x00007ff99aa55000 	C:\Program Files\Java\jdk-17.0.3\bin\java.dll
0x00007ff995120000 - 0x00007ff9951f6000 	C:\Program Files\Java\jdk-17.0.3\bin\jsvml.dll
0x00007ff9e1630000 - 0x00007ff9e1de8000 	C:\Windows\System32\SHELL32.dll
0x00007ff9ddee0000 - 0x00007ff9de747000 	C:\Windows\SYSTEM32\windows.storage.dll
0x00007ff9e0f20000 - 0x00007ff9e1299000 	C:\Windows\System32\combase.dll
0x00007ff9ddd70000 - 0x00007ff9dded6000 	C:\Windows\SYSTEM32\wintypes.dll
0x00007ff9e0c20000 - 0x00007ff9e0d0a000 	C:\Windows\System32\SHCORE.dll
0x00007ff9e20e0000 - 0x00007ff9e213d000 	C:\Windows\System32\shlwapi.dll
0x00007ff9dfcd0000 - 0x00007ff9dfcf1000 	C:\Windows\SYSTEM32\profapi.dll
0x00007ff9bbd90000 - 0x00007ff9bbda9000 	C:\Program Files\Java\jdk-17.0.3\bin\net.dll
0x00007ff9d95d0000 - 0x00007ff9d96dc000 	C:\Windows\SYSTEM32\WINHTTP.dll
0x00007ff9df370000 - 0x00007ff9df3d7000 	C:\Windows\system32\mswsock.dll
0x00007ff99a9e0000 - 0x00007ff99a9f6000 	C:\Program Files\Java\jdk-17.0.3\bin\nio.dll
0x00007ff99a9c0000 - 0x00007ff99a9d8000 	C:\Program Files\Java\jdk-17.0.3\bin\zip.dll
0x00007ff9aac50000 - 0x00007ff9aaddf000 	C:\Program Files\Java\jdk-17.0.3\bin\awt.dll
0x00007ff9e1550000 - 0x00007ff9e1626000 	C:\Windows\System32\OLEAUT32.dll
0x00007ff9dd300000 - 0x00007ff9dd391000 	C:\Windows\SYSTEM32\apphelp.dll
0x00007ff9b4100000 - 0x00007ff9b4117000 	C:\Windows\system32\napinsp.dll
0x00007ff9b40e0000 - 0x00007ff9b40fb000 	C:\Windows\system32\pnrpnsp.dll
0x00007ff9dea30000 - 0x00007ff9deb18000 	C:\Windows\SYSTEM32\DNSAPI.dll
0x00007ff9dea00000 - 0x00007ff9dea2d000 	C:\Windows\SYSTEM32\IPHLPAPI.DLL
0x00007ff9e1430000 - 0x00007ff9e1439000 	C:\Windows\System32\NSI.dll
0x00007ff9b40c0000 - 0x00007ff9b40d2000 	C:\Windows\System32\winrnr.dll
0x00007ff9d9530000 - 0x00007ff9d9545000 	C:\Windows\system32\wshbth.dll
0x00007ff9b40a0000 - 0x00007ff9b40bf000 	C:\Windows\system32\nlansp_c.dll
0x00007ff9d6d10000 - 0x00007ff9d6d1a000 	C:\Windows\System32\rasadhlp.dll
0x00007ff9d8170000 - 0x00007ff9d81f1000 	C:\Windows\System32\fwpuclnt.dll
0x00007ff9dd780000 - 0x00007ff9dd7af000 	C:\Windows\system32\DWMAPI.DLL
0x00007ff9dd3f0000 - 0x00007ff9dd49c000 	C:\Windows\system32\uxtheme.dll
0x00007ff95feb0000 - 0x00007ff95ffb1000 	C:\Windows\system32\opengl32.dll
0x00007ff95fc10000 - 0x00007ff95fc3d000 	C:\Windows\SYSTEM32\GLU32.dll
0x00007ff9dd6a0000 - 0x00007ff9dd6d8000 	C:\Windows\SYSTEM32\dxcore.dll
0x00007ff985290000 - 0x00007ff9853c1000 	C:\ProgramData\A-Volute\A-Volute.28054DF1F58B4\Modules\ScheduledModules\x64\AudioDevProps2.dll
0x00007ff9e26d0000 - 0x00007ff9e286a000 	C:\Windows\System32\ole32.dll
0x00007ff986980000 - 0x00007ff986a2e000 	C:\ProgramData\A-Volute\A-Volute.28054DF1F58B4\Modules\ScheduledModules\x64\NahimicOSD.dll
0x00007ff986b50000 - 0x00007ff986b70000 	C:\ProgramData\A-Volute\A-Volute.28054DF1F58B4\Modules\ScheduledModules\x64\ProductInfo.dll
0x00007ff98edb0000 - 0x00007ff98eee1000 	C:\ProgramData\A-Volute\A-Volute.SonicStudio3\Modules\ScheduledModules\x64\AudioDevProps2.dll
0x00007ff9e0d10000 - 0x00007ff9e0e2e000 	C:\Windows\System32\MSCTF.dll
0x00007ff9d5490000 - 0x00007ff9d5636000 	C:\Windows\system32\d3d9.dll
0x00007ff9d6230000 - 0x00007ff9d62e0000 	C:\Windows\System32\DriverStore\FileRepository\nv_dispi.inf_amd64_d5d5b9f929f4cb65\nvldumdx.dll
0x00007ff9df690000 - 0x00007ff9df6a2000 	C:\Windows\SYSTEM32\msasn1.dll
0x00007ff9d6430000 - 0x00007ff9d6461000 	C:\Windows\SYSTEM32\cryptnet.dll
0x00007ff9e05e0000 - 0x00007ff9e0742000 	C:\Windows\System32\CRYPT32.dll
0x00007ff9d62e0000 - 0x00007ff9d6429000 	C:\Windows\SYSTEM32\drvstore.dll
0x00007ff9dfac0000 - 0x00007ff9dfaec000 	C:\Windows\SYSTEM32\devobj.dll
0x00007ff9dfa70000 - 0x00007ff9dfabc000 	C:\Windows\SYSTEM32\CFGMGR32.dll
0x00007ff9df5f0000 - 0x00007ff9df630000 	C:\Windows\SYSTEM32\wldp.dll
0x00007ff9df560000 - 0x00007ff9df56c000 	C:\Windows\SYSTEM32\cryptbase.dll
0x0000025e76340000 - 0x0000025e763a7000 	C:\Windows\System32\WINTRUST.DLL
0x00007ff9e1530000 - 0x00007ff9e154f000 	C:\Windows\System32\imagehlp.dll
0x00007ff9df640000 - 0x00007ff9df658000 	C:\Windows\SYSTEM32\CRYPTSP.dll
0x00007ff9deeb0000 - 0x00007ff9deee5000 	C:\Windows\system32\rsaenh.dll
0x00007ff9df780000 - 0x00007ff9df7a7000 	C:\Windows\SYSTEM32\bcrypt.dll
0x00007ff940fc0000 - 0x00007ff942748000 	C:\Windows\System32\DriverStore\FileRepository\nv_dispi.inf_amd64_d5d5b9f929f4cb65\nvd3dumx.dll
0x00007ff9da820000 - 0x00007ff9da864000 	C:\Windows\SYSTEM32\directxdatabasehelper.dll
0x00007ff9dd720000 - 0x00007ff9dd754000 	C:\Windows\SYSTEM32\ntmarta.dll
0x00007ff98bba0000 - 0x00007ff98be67000 	C:\Windows\system32\nvspcap64.dll
0x00007ff9df3e0000 - 0x00007ff9df404000 	C:\Windows\SYSTEM32\gpapi.dll
0x00007ff9cb910000 - 0x00007ff9cb999000 	C:\Program Files\Java\jdk-17.0.3\bin\freetype.dll
0x00007ff9c5810000 - 0x00007ff9c58b8000 	C:\Program Files\Java\jdk-17.0.3\bin\fontmanager.dll
0x00007ff9cb790000 - 0x00007ff9cb8bd000 	C:\Windows\SYSTEM32\textinputframework.dll
0x00007ff9cb8e0000 - 0x00007ff9cb90d000 	C:\Program Files\Java\jdk-17.0.3\bin\javajpeg.dll

dbghelp: loaded successfully - version: 4.0.5 - missing functions: none
symbol engine: initialized successfully - sym options: 0x614 - pdb path: .;C:\Program Files\Java\jdk-17.0.3\bin;C:\Windows\SYSTEM32;C:\Windows\WinSxS\amd64_microsoft.windows.common-controls_6595b64144ccf1df_6.0.22000.120_none_9d947278b86cc467;C:\Program Files\Java\jdk-17.0.3\bin\server;C:\ProgramData\A-Volute\A-Volute.28054DF1F58B4\Modules\ScheduledModules\x64;C:\ProgramData\A-Volute\A-Volute.SonicStudio3\Modules\ScheduledModules\x64;C:\Windows\System32\DriverStore\FileRepository\nv_dispi.inf_amd64_d5d5b9f929f4cb65

VM Arguments:
jvm_args: -Xverify:none -Dfile.encoding=windows-1252 -Duser.country=US -Duser.language=en -Duser.variant 
java_command: osnet.OSNetClient
java_class_path (initial): C:\repo\meteor-api\client\build\classes\java\main;C:\repo\meteor-api\client\build\classes\kotlin\main;C:\repo\meteor-api\client\build\resources\main;C:\repo\meteor-api\client\src\main\resources\injected-client.osrs;C:\repo\meteor-api\api-rs\build\libs\api-rs-1.0.0.jar;C:\repo\meteor-api\api\build\libs\api-1.0.4.jar;C:\Users\Tyler\.gradle\caches\7.4.2\generated-gradle-jars\gradle-api-7.4.2.jar;C:\Users\Tyler\.gradle\wrapper\dists\gradle-7.4.2-bin\48ivgl02cpt2ed3fh9dbalvx8\gradle-7.4.2\lib\groovy-3.0.9.jar;C:\Users\Tyler\.gradle\wrapper\dists\gradle-7.4.2-bin\48ivgl02cpt2ed3fh9dbalvx8\gradle-7.4.2\lib\groovy-ant-3.0.9.jar;C:\Users\Tyler\.gradle\wrapper\dists\gradle-7.4.2-bin\48ivgl02cpt2ed3fh9dbalvx8\gradle-7.4.2\lib\groovy-astbuilder-3.0.9.jar;C:\Users\Tyler\.gradle\wrapper\dists\gradle-7.4.2-bin\48ivgl02cpt2ed3fh9dbalvx8\gradle-7.4.2\lib\groovy-console-3.0.9.jar;C:\Users\Tyler\.gradle\wrapper\dists\gradle-7.4.2-bin\48ivgl02cpt2ed3fh9dbalvx8\gradle-7.4.2\lib\groovy-datetime-3.0.9.jar;C:\Users\Tyler\.gradle\wrapper\dists\gradle-7.4.2-bin\48ivgl02cpt2ed3fh9dbalvx8\gradle-7.4.2\lib\groovy-dateutil-3.0.9.jar;C:\Users\Tyler\.gradle\wrapper\dists\gradle-7.4.2-bin\48ivgl02cpt2ed3fh9dbalvx8\gradle-7.4.2\lib\groovy-groovydoc-3.0.9.jar;C:\Users\Tyler\.gradle\wrapper\dists\gradle-7.4.2-bin\48ivgl02cpt2ed3fh9dbalvx8\gradle-7.4.2\lib\groovy-json-3.0.9.jar;C:\Users\Tyler\.gradle\wrapper\dists\gradle-7.4.2-bin\48ivgl02cpt2ed3fh9dbalvx8\gradle-7.4.2\lib\groovy-nio-3.0.9.jar;C:\Users\Tyler\.gradle\wrapper\dists\gradle-7.4.2-bin\48ivgl02cpt2ed3fh9dbalvx8\gradle-7.4.2\lib\groovy-sql-3.0.9.jar;C:\Users\Tyler\.gradle\wrapper\dists\gradle-7.4.2-bin\48ivgl02cpt2ed3fh9dbalvx8\gradle-7.4.2\lib\groovy-templates-3.0.9.jar;C:\Users\Tyler\.gradle\wrapper\dists\gradle-7.4.2-bin\48ivgl02cpt2ed3fh9dbalvx8\gradle-7.4.2\lib\groovy-test-3.0.9.jar;C:\Users\Tyler\.gradle\wrapper\dists\gradle-7.4.2-bin\48ivgl02cpt2ed3fh9dbalvx8\gradle-7.4.2\lib\groovy-xml-3.0.9.jar;C:\Users\T
Launcher Type: SUN_STANDARD

[Global flags]
     intx CICompilerCount                          = 12                                        {product} {ergonomic}
     uint ConcGCThreads                            = 5                                         {product} {ergonomic}
     uint G1ConcRefinementThreads                  = 18                                        {product} {ergonomic}
   size_t G1HeapRegionSize                         = 4194304                                   {product} {ergonomic}
    uintx GCDrainStackTargetSize                   = 64                                        {product} {ergonomic}
   size_t InitialHeapSize                          = 532676608                                 {product} {ergonomic}
   size_t MarkStackSize                            = 4194304                                   {product} {ergonomic}
   size_t MaxHeapSize                              = 8522825728                                {product} {ergonomic}
   size_t MaxNewSize                               = 5112856576                                {product} {ergonomic}
   size_t MinHeapDeltaBytes                        = 4194304                                   {product} {ergonomic}
   size_t MinHeapSize                              = 8388608                                   {product} {ergonomic}
    uintx NonNMethodCodeHeapSize                   = 7602480                                {pd product} {ergonomic}
    uintx NonProfiledCodeHeapSize                  = 122027880                              {pd product} {ergonomic}
    uintx ProfiledCodeHeapSize                     = 122027880                              {pd product} {ergonomic}
    uintx ReservedCodeCacheSize                    = 251658240                              {pd product} {ergonomic}
     bool SegmentedCodeCache                       = true                                      {product} {ergonomic}
   size_t SoftMaxHeapSize                          = 8522825728                             {manageable} {ergonomic}
     bool UseCompressedClassPointers               = true                           {product lp64_product} {ergonomic}
     bool UseCompressedOops                        = true                           {product lp64_product} {ergonomic}
     bool UseG1GC                                  = true                                      {product} {ergonomic}
     bool UseLargePagesIndividualAllocation        = false                                  {pd product} {ergonomic}

Logging:
Log output configuration:
 #0: stdout all=warning uptime,level,tags
 #1: stderr all=off uptime,level,tags

Environment Variables:
PATH=C:\Program Files\Common Files\Oracle\Java\javapath;C:\Program Files (x86)\Common Files\Oracle\Java\javapath;C:\Program Files (x86)\VMware\VMware Workstation\bin\;C:\Program Files\Java\jdk-17.0.2\bin;C:\Program Files (x86)\Razer Chroma SDK\bin;C:\Program Files\Razer Chroma SDK\bin;C:\Program Files (x86)\Razer\ChromaBroadcast\bin;C:\Program Files\Razer\ChromaBroadcast\bin;C:\Windows\system32;C:\Windows;C:\Windows\System32\Wbem;C:\Windows\System32\WindowsPowerShell\v1.0\;C:\Windows\System32\OpenSSH\;C:\Program Files\NVIDIA Corporation\NVIDIA NvDLISR;C:\Program Files (x86)\NVIDIA Corporation\PhysX\Common;C:\Program Files\dotnet\;C:\Program Files\Git\cmd;C:\Windows\system32\config\systemprofile\AppData\Local\Microsoft\WindowsApps;C:\Program Files\LLVM\bin;C:\Program Files (x86)\Windows Kits\10\Windows Performance Toolkit\;C:\Users\Tyler\.cargo\bin;C:\Users\Tyler\AppData\Local\Microsoft\WindowsApps;
USERNAME=Tyler
OS=Windows_NT
PROCESSOR_IDENTIFIER=Intel64 Family 6 Model 151 Stepping 2, GenuineIntel



---------------  S Y S T E M  ---------------

OS:
 Windows 11 , 64 bit Build 22000 (10.0.22000.708)
OS uptime: 0 days 6:38 hours
Hyper-V role detected

CPU: total 24 (initial active 24) (12 cores per cpu, 2 threads per core) family 6 model 151 stepping 2 microcode 0xf, cx8, cmov, fxsr, ht, mmx, 3dnowpref, sse, sse2, sse3, ssse3, sse4.1, sse4.2, popcnt, lzcnt, tsc, tscinvbit, avx, avx2, aes, erms, clmul, bmi1, bmi2, adx, sha, fma, vzeroupper, clflush, clflushopt, clwb, hv

Memory: 4k page, system-wide physical 32509M (17616M free)
TotalPageFile size 40605M (AvailPageFile size 16865M)
current process WorkingSet (physical memory assigned to process): 176M, peak: 187M
current process commit charge ("private bytes"): 476M, peak: 715M

vm_info: Java HotSpot(TM) 64-Bit Server VM (17.0.3+8-LTS-111) for windows-amd64 JRE (17.0.3+8-LTS-111), built on Mar  9 2022 22:40:21 by "mach5one" with MS VC++ 16.8 / 16.9 (VS2019)

END.
