#
# There is insufficient memory for the Java Runtime Environment to continue.
# Native memory allocation (mmap) failed to map 696254464 bytes for G1 virtual space
# Possible reasons:
#   The system is out of physical RAM or swap space
#   The process is running with CompressedOops enabled, and the Java Heap may be blocking the growth of the native heap
# Possible solutions:
#   Reduce memory load on the system
#   Increase physical memory or swap space
#   Check if swap backing store is full
#   Decrease Java heap size (-Xmx/-Xms)
#   Decrease number of Java threads
#   Decrease Java thread stack sizes (-Xss)
#   Set larger code cache with -XX:ReservedCodeCacheSize=
#   JVM is running with Zero Based Compressed Oops mode in which the Java heap is
#     placed in the first 32GB address space. The Java Heap base address is the
#     maximum limit for the native heap growth. Please use -XX:HeapBaseMinAddress
#     to set the Java Heap base and to place the Java Heap above 32GB virtual address.
# This output file may be truncated or incomplete.
#
#  Out of Memory Error (os_windows.cpp:3532), pid=1244, tid=12492
#
# JRE version: Java(TM) SE Runtime Environment (17.0.2+8) (build 17.0.2+8-LTS-86)
# Java VM: Java HotSpot(TM) 64-Bit Server VM (17.0.2+8-LTS-86, mixed mode, sharing, tiered, compressed oops, compressed class ptrs, g1 gc, windows-amd64)
# No core dump will be written. Minidumps are not enabled by default on client versions of Windows
#

---------------  S U M M A R Y ------------

Command Line: -Dfile.encoding=windows-1252 -Duser.country=US -Duser.language=en -Duser.variant com.openosrs.injector.Injector

Host: 12th Gen Intel(R) Core(TM) i9-12900K, 24 cores, 31G,  Windows 11 , 64 bit Build 22000 (10.0.22000.613)
Time: Thu Apr 28 13:57:13 2022 US Eastern Daylight Time elapsed time: 1.526874 seconds (0d 0h 0m 1s)

---------------  T H R E A D  ---------------

Current thread (0x0000019031068de0):  VMThread "VM Thread" [stack: 0x0000006c39300000,0x0000006c39400000] [id=12492]

Stack: [0x0000006c39300000,0x0000006c39400000]
Native frames: (J=compiled Java code, j=interpreted, Vv=VM code, C=native code)
V  [jvm.dll+0x670baa]
V  [jvm.dll+0x7cfcb4]
V  [jvm.dll+0x7d145e]
V  [jvm.dll+0x7d1ac3]
V  [jvm.dll+0x242bc5]
V  [jvm.dll+0x66dac9]
V  [jvm.dll+0x662412]
V  [jvm.dll+0x300c0b]
V  [jvm.dll+0x3081a6]
V  [jvm.dll+0x357d0e]
V  [jvm.dll+0x357f3f]
V  [jvm.dll+0x2d7ec8]
V  [jvm.dll+0x2d6194]
V  [jvm.dll+0x2d579c]
V  [jvm.dll+0x3190eb]
V  [jvm.dll+0x7d5f9b]
V  [jvm.dll+0x7d6cd4]
V  [jvm.dll+0x7d71ec]
V  [jvm.dll+0x7d75c4]
V  [jvm.dll+0x7d7690]
V  [jvm.dll+0x77ff7a]
V  [jvm.dll+0x66fa35]
C  [ucrtbase.dll+0x26c0c]
C  [KERNEL32.DLL+0x154e0]
C  [ntdll.dll+0x485b]

VM_Operation (0x0000006c38dff000): G1CollectForAllocation, mode: safepoint, requested by thread 0x00000190037c95e0


---------------  P R O C E S S  ---------------

Threads class SMR info:
_java_thread_list=0x0000019035d3df10, length=22, elements={
0x00000190037c95e0, 0x000001903106d170, 0x000001903106dfe0, 0x0000019031085b90,
0x0000019031088960, 0x0000019031089310, 0x000001903108e4a0, 0x0000019031091c60,
0x0000019031092ea0, 0x0000019031097b60, 0x0000019031241020, 0x00000190313c8320,
0x00000190313cb270, 0x00000190313d2710, 0x00000190313e3fa0, 0x0000019032531ca0,
0x0000019032393e50, 0x00000190325ac0e0, 0x0000019032b27280, 0x0000019035e815a0,
0x00000190357e1930, 0x000001903571d310
}

Java Threads: ( => current thread )
  0x00000190037c95e0 JavaThread "main" [_thread_blocked, id=13332, stack(0x0000006c38d00000,0x0000006c38e00000)]
  0x000001903106d170 JavaThread "Reference Handler" daemon [_thread_blocked, id=32020, stack(0x0000006c39400000,0x0000006c39500000)]
  0x000001903106dfe0 JavaThread "Finalizer" daemon [_thread_blocked, id=36664, stack(0x0000006c39500000,0x0000006c39600000)]
  0x0000019031085b90 JavaThread "Signal Dispatcher" daemon [_thread_blocked, id=33540, stack(0x0000006c39600000,0x0000006c39700000)]
  0x0000019031088960 JavaThread "Attach Listener" daemon [_thread_blocked, id=20124, stack(0x0000006c39700000,0x0000006c39800000)]
  0x0000019031089310 JavaThread "Service Thread" daemon [_thread_blocked, id=28384, stack(0x0000006c39800000,0x0000006c39900000)]
  0x000001903108e4a0 JavaThread "Monitor Deflation Thread" daemon [_thread_blocked, id=28700, stack(0x0000006c39900000,0x0000006c39a00000)]
  0x0000019031091c60 JavaThread "C2 CompilerThread0" daemon [_thread_blocked, id=8008, stack(0x0000006c39a00000,0x0000006c39b00000)]
  0x0000019031092ea0 JavaThread "C1 CompilerThread0" daemon [_thread_blocked, id=24096, stack(0x0000006c39b00000,0x0000006c39c00000)]
  0x0000019031097b60 JavaThread "Sweeper thread" daemon [_thread_blocked, id=11948, stack(0x0000006c39c00000,0x0000006c39d00000)]
  0x0000019031241020 JavaThread "C1 CompilerThread1" daemon [_thread_blocked, id=35480, stack(0x0000006c39d00000,0x0000006c39e00000)]
  0x00000190313c8320 JavaThread "C1 CompilerThread2" daemon [_thread_blocked, id=9668, stack(0x0000006c39e00000,0x0000006c39f00000)]
  0x00000190313cb270 JavaThread "Notification Thread" daemon [_thread_blocked, id=33532, stack(0x0000006c39f00000,0x0000006c3a000000)]
  0x00000190313d2710 JavaThread "Common-Cleaner" daemon [_thread_blocked, id=35748, stack(0x0000006c3a100000,0x0000006c3a200000)]
  0x00000190313e3fa0 JavaThread "C2 CompilerThread1" daemon [_thread_blocked, id=8620, stack(0x0000006c3a200000,0x0000006c3a300000)]
  0x0000019032531ca0 JavaThread "C1 CompilerThread3" daemon [_thread_blocked, id=36644, stack(0x0000006c3a300000,0x0000006c3a400000)]
  0x0000019032393e50 JavaThread "C2 CompilerThread2" daemon [_thread_in_native, id=33196, stack(0x0000006c3a400000,0x0000006c3a500000)]
  0x00000190325ac0e0 JavaThread "C2 CompilerThread3" daemon [_thread_blocked, id=24480, stack(0x0000006c3a500000,0x0000006c3a600000)]
  0x0000019032b27280 JavaThread "C2 CompilerThread4" daemon [_thread_blocked, id=2964, stack(0x0000006c3a600000,0x0000006c3a700000)]
  0x0000019035e815a0 JavaThread "C2 CompilerThread5" daemon [_thread_blocked, id=34696, stack(0x0000006c3c100000,0x0000006c3c200000)]
  0x00000190357e1930 JavaThread "C2 CompilerThread6" daemon [_thread_blocked, id=20752, stack(0x0000006c3c200000,0x0000006c3c300000)]
  0x000001903571d310 JavaThread "C2 CompilerThread7" daemon [_thread_blocked, id=21272, stack(0x0000006c3cb00000,0x0000006c3cc00000)]

Other Threads:
=>0x0000019031068de0 VMThread "VM Thread" [stack: 0x0000006c39300000,0x0000006c39400000] [id=12492]
  0x000001900387b9e0 WatcherThread [stack: 0x0000006c3a000000,0x0000006c3a100000] [id=28512]
  0x0000019003843c30 GCTaskThread "GC Thread#0" [stack: 0x0000006c38e00000,0x0000006c38f00000] [id=7352]
  0x0000019032852b90 GCTaskThread "GC Thread#1" [stack: 0x0000006c3a700000,0x0000006c3a800000] [id=25652]
  0x00000190332a7c00 GCTaskThread "GC Thread#2" [stack: 0x0000006c3a800000,0x0000006c3a900000] [id=9892]
  0x0000019032e09a60 GCTaskThread "GC Thread#3" [stack: 0x0000006c3a900000,0x0000006c3aa00000] [id=31584]
  0x0000019032e09d10 GCTaskThread "GC Thread#4" [stack: 0x0000006c3aa00000,0x0000006c3ab00000] [id=27488]
  0x0000019033142df0 GCTaskThread "GC Thread#5" [stack: 0x0000006c3ab00000,0x0000006c3ac00000] [id=3920]
  0x00000190331442f0 GCTaskThread "GC Thread#6" [stack: 0x0000006c3ac00000,0x0000006c3ad00000] [id=32364]
  0x00000190331445a0 GCTaskThread "GC Thread#7" [stack: 0x0000006c3ad00000,0x0000006c3ae00000] [id=19608]
  0x0000019032fb1490 GCTaskThread "GC Thread#8" [stack: 0x0000006c3ae00000,0x0000006c3af00000] [id=27656]
  0x0000019032fb1b50 GCTaskThread "GC Thread#9" [stack: 0x0000006c3af00000,0x0000006c3b000000] [id=24560]
  0x0000019032fb3ea0 GCTaskThread "GC Thread#10" [stack: 0x0000006c3b000000,0x0000006c3b100000] [id=23936]
  0x0000019032fb2bd0 GCTaskThread "GC Thread#11" [stack: 0x0000006c3b100000,0x0000006c3b200000] [id=32084]
  0x0000019032fb2920 GCTaskThread "GC Thread#12" [stack: 0x0000006c3bb00000,0x0000006c3bc00000] [id=32512]
  0x0000019032fb2e80 GCTaskThread "GC Thread#13" [stack: 0x0000006c3bc00000,0x0000006c3bd00000] [id=11216]
  0x0000019032fb2670 GCTaskThread "GC Thread#14" [stack: 0x0000006c3bd00000,0x0000006c3be00000] [id=29756]
  0x0000019032fb3bf0 GCTaskThread "GC Thread#15" [stack: 0x0000006c3be00000,0x0000006c3bf00000] [id=33132]
  0x0000019032fb3130 GCTaskThread "GC Thread#16" [stack: 0x0000006c3bf00000,0x0000006c3c000000] [id=4496]
  0x0000019032fb33e0 GCTaskThread "GC Thread#17" [stack: 0x0000006c3c000000,0x0000006c3c100000] [id=22124]
  0x00000190037e7880 ConcurrentGCThread "G1 Main Marker" [stack: 0x0000006c38f00000,0x0000006c39000000] [id=10612]
  0x00000190038558f0 ConcurrentGCThread "G1 Conc#0" [stack: 0x0000006c39000000,0x0000006c39100000] [id=8628]
  0x0000019030fa31f0 ConcurrentGCThread "G1 Refine#0" [stack: 0x0000006c39100000,0x0000006c39200000] [id=34216]
  0x000001903376c7e0 ConcurrentGCThread "G1 Refine#1" [stack: 0x0000006c3b200000,0x0000006c3b300000] [id=16000]
  0x0000019032c69450 ConcurrentGCThread "G1 Refine#2" [stack: 0x0000006c3b300000,0x0000006c3b400000] [id=26288]
  0x00000190335a3530 ConcurrentGCThread "G1 Refine#3" [stack: 0x0000006c3b400000,0x0000006c3b500000] [id=11620]
  0x0000019033132350 ConcurrentGCThread "G1 Refine#4" [stack: 0x0000006c3b500000,0x0000006c3b600000] [id=33216]
  0x00000190332affc0 ConcurrentGCThread "G1 Refine#5" [stack: 0x0000006c3b600000,0x0000006c3b700000] [id=20156]
  0x0000019033c48e70 ConcurrentGCThread "G1 Refine#6" [stack: 0x0000006c3b700000,0x0000006c3b800000] [id=14340]
  0x0000019033adafc0 ConcurrentGCThread "G1 Refine#7" [stack: 0x0000006c3b800000,0x0000006c3b900000] [id=22800]
  0x0000019032ae4750 ConcurrentGCThread "G1 Refine#8" [stack: 0x0000006c3b900000,0x0000006c3ba00000] [id=20492]
  0x0000019032e84bd0 ConcurrentGCThread "G1 Refine#9" [stack: 0x0000006c3ba00000,0x0000006c3bb00000] [id=36532]
  0x0000019032829c80 ConcurrentGCThread "G1 Refine#10" [stack: 0x0000006c3c300000,0x0000006c3c400000] [id=34456]
  0x0000019033298500 ConcurrentGCThread "G1 Refine#11" [stack: 0x0000006c3c400000,0x0000006c3c500000] [id=11740]
  0x0000019034db6b90 ConcurrentGCThread "G1 Refine#12" [stack: 0x0000006c3c500000,0x0000006c3c600000] [id=29028]
  0x00000190365ceeb0 ConcurrentGCThread "G1 Refine#13" [stack: 0x0000006c3c600000,0x0000006c3c700000] [id=30780]
  0x00000190365ce330 ConcurrentGCThread "G1 Refine#14" [stack: 0x0000006c3c700000,0x0000006c3c800000] [id=12732]
  0x00000190365cf750 ConcurrentGCThread "G1 Refine#15" [stack: 0x0000006c3c800000,0x0000006c3c900000] [id=30224]
  0x00000190365ce8f0 ConcurrentGCThread "G1 Refine#16" [stack: 0x0000006c3c900000,0x0000006c3ca00000] [id=35368]
  0x00000190365ce610 ConcurrentGCThread "G1 Refine#17" [stack: 0x0000006c3ca00000,0x0000006c3cb00000] [id=22400]
  0x0000019030fa3b20 ConcurrentGCThread "G1 Service" [stack: 0x0000006c39200000,0x0000006c39300000] [id=34644]

Threads with active compile tasks:
C2 CompilerThread0     1539 2901       4       net.runelite.asm.execution.Frame::jump (112 bytes)
C2 CompilerThread1     1539 2988       4       java.util.HashMap::putVal (300 bytes)
C1 CompilerThread3     1540 2987       3       net.runelite.asm.attributes.code.instructions.IShL::execute (157 bytes)
C2 CompilerThread2     1540 2779       4       net.runelite.asm.execution.Frame::processExceptions (157 bytes)
C2 CompilerThread3     1540 2903       4       net.runelite.asm.execution.MethodContext::hasJumped (41 bytes)
C2 CompilerThread4     1540 2986 %     4       java.util.ArrayList$ArrayListSpliterator::forEachRemaining @ 81 (127 bytes)
C2 CompilerThread5     1540 2854   !   4       net.runelite.asm.execution.Frame::execute (284 bytes)
C2 CompilerThread6     1540 2904       4       com.google.common.collect.AbstractMapBasedMultimap$WrappedCollection::contains (15 bytes)
C2 CompilerThread7     1540 2978       4       net.runelite.asm.attributes.Code::getMaxLocals (93 bytes)

VM state: at safepoint (normal execution)

VM Mutex/Monitor currently owned by a thread:  ([mutex/lock_event])
[0x00000190037c62d0] Threads_lock - owner thread: 0x0000019031068de0
[0x00000190037c59d0] Heap_lock - owner thread: 0x00000190037c95e0

Heap address: 0x0000000604000000, size: 8128 MB, Compressed Oops mode: Zero based, Oop shift amount: 3

CDS archive(s) mapped at: [0x0000000800000000-0x0000000800bc0000-0x0000000800bc0000), size 12320768, SharedBaseAddress: 0x0000000800000000, ArchiveRelocationMode: 0.
Compressed class space mapped at: 0x0000000800c00000-0x0000000840c00000, reserved size: 1073741824
Narrow klass base: 0x0000000800000000, Narrow klass shift: 0, Narrow klass range: 0x100000000

GC Precious Log:
 CPUs: 24 total, 24 available
 Memory: 32509M
 Large Page Support: Disabled
 NUMA Support: Disabled
 Compressed Oops: Enabled (Zero based)
 Heap Region Size: 4M
 Heap Min Capacity: 8M
 Heap Initial Capacity: 508M
 Heap Max Capacity: 8128M
 Pre-touch: Disabled
 Parallel Workers: 18
 Concurrent Workers: 5
 Concurrent Refinement Workers: 18
 Periodic GC: Disabled

Heap:
 garbage-first heap   total 1007616K, used 222113K [0x0000000604000000, 0x0000000800000000)
  region size 4096K, 13 young (53248K), 13 survivors (53248K)
 Metaspace       used 8177K, committed 8512K, reserved 1056768K
  class space    used 830K, committed 1024K, reserved 1048576K

Heap Regions: E=young(eden), S=young(survivor), O=old, HS=humongous(starts), HC=humongous(continues), CS=collection set, F=free, OA=open archive, CA=closed archive, TAMS=top-at-mark-start (previous, next)
|   0|0x0000000604000000, 0x0000000604400000, 0x0000000604400000|100%|HS|  |TAMS 0x0000000604000000, 0x0000000604000000| Complete 
|   1|0x0000000604400000, 0x0000000604800000, 0x0000000604800000|100%|HC|  |TAMS 0x0000000604400000, 0x0000000604400000| Complete 
|   2|0x0000000604800000, 0x0000000604c00000, 0x0000000604c00000|100%| O|  |TAMS 0x0000000604800000, 0x0000000604800000| Untracked 
|   3|0x0000000604c00000, 0x0000000605000000, 0x0000000605000000|100%| O|  |TAMS 0x0000000604c00000, 0x0000000604c00000| Untracked 
|   4|0x0000000605000000, 0x0000000605400000, 0x0000000605400000|100%| O|  |TAMS 0x0000000605000000, 0x0000000605000000| Untracked 
|   5|0x0000000605400000, 0x0000000605800000, 0x0000000605800000|100%| O|  |TAMS 0x0000000605400000, 0x0000000605400000| Untracked 
|   6|0x0000000605800000, 0x0000000605c00000, 0x0000000605c00000|100%| O|  |TAMS 0x0000000605800000, 0x0000000605800000| Untracked 
|   7|0x0000000605c00000, 0x0000000606000000, 0x0000000606000000|100%| O|  |TAMS 0x0000000605c00000, 0x0000000605c00000| Untracked 
|   8|0x0000000606000000, 0x0000000606400000, 0x0000000606400000|100%| O|  |TAMS 0x0000000606000000, 0x0000000606000000| Untracked 
|   9|0x0000000606400000, 0x0000000606800000, 0x0000000606800000|100%| O|  |TAMS 0x0000000606400000, 0x0000000606400000| Untracked 
|  10|0x0000000606800000, 0x0000000606c00000, 0x0000000606c00000|100%| O|  |TAMS 0x0000000606800000, 0x0000000606800000| Untracked 
|  11|0x0000000606c00000, 0x0000000607000000, 0x0000000607000000|100%| O|  |TAMS 0x0000000606c00000, 0x0000000606c00000| Untracked 
|  12|0x0000000607000000, 0x0000000607400000, 0x0000000607400000|100%| O|  |TAMS 0x0000000607000000, 0x0000000607000000| Untracked 
|  13|0x0000000607400000, 0x0000000607800000, 0x0000000607800000|100%| O|  |TAMS 0x0000000607400000, 0x0000000607400000| Untracked 
|  14|0x0000000607800000, 0x0000000607c00000, 0x0000000607c00000|100%| O|  |TAMS 0x0000000607800000, 0x0000000607800000| Untracked 
|  15|0x0000000607c00000, 0x0000000608000000, 0x0000000608000000|100%| O|  |TAMS 0x0000000607c00000, 0x0000000607c00000| Untracked 
|  16|0x0000000608000000, 0x0000000608400000, 0x0000000608400000|100%| O|  |TAMS 0x0000000608000000, 0x0000000608000000| Untracked 
|  17|0x0000000608400000, 0x0000000608800000, 0x0000000608800000|100%| O|  |TAMS 0x0000000608400000, 0x0000000608400000| Untracked 
|  18|0x0000000608800000, 0x0000000608c00000, 0x0000000608c00000|100%| O|  |TAMS 0x0000000608800000, 0x0000000608800000| Untracked 
|  19|0x0000000608c00000, 0x0000000609000000, 0x0000000609000000|100%| O|  |TAMS 0x0000000608c00000, 0x0000000608c00000| Untracked 
|  20|0x0000000609000000, 0x0000000609400000, 0x0000000609400000|100%| O|  |TAMS 0x0000000609000000, 0x0000000609000000| Untracked 
|  21|0x0000000609400000, 0x0000000609800000, 0x0000000609800000|100%| O|  |TAMS 0x0000000609400000, 0x0000000609400000| Untracked 
|  22|0x0000000609800000, 0x0000000609c00000, 0x0000000609c00000|100%| O|  |TAMS 0x0000000609800000, 0x0000000609800000| Untracked 
|  23|0x0000000609c00000, 0x000000060a000000, 0x000000060a000000|100%| O|  |TAMS 0x0000000609c00000, 0x0000000609c00000| Untracked 
|  24|0x000000060a000000, 0x000000060a400000, 0x000000060a400000|100%| O|  |TAMS 0x000000060a000000, 0x000000060a000000| Untracked 
|  25|0x000000060a400000, 0x000000060a800000, 0x000000060a800000|100%| O|  |TAMS 0x000000060a400000, 0x000000060a400000| Untracked 
|  26|0x000000060a800000, 0x000000060ac00000, 0x000000060ac00000|100%| O|  |TAMS 0x000000060a800000, 0x000000060a800000| Untracked 
|  27|0x000000060ac00000, 0x000000060b000000, 0x000000060b000000|100%| O|  |TAMS 0x000000060ac00000, 0x000000060ac00000| Untracked 
|  28|0x000000060b000000, 0x000000060b400000, 0x000000060b400000|100%| O|  |TAMS 0x000000060b000000, 0x000000060b000000| Untracked 
|  29|0x000000060b400000, 0x000000060b800000, 0x000000060b800000|100%| O|  |TAMS 0x000000060b400000, 0x000000060b400000| Untracked 
|  30|0x000000060b800000, 0x000000060bc00000, 0x000000060bc00000|100%| O|  |TAMS 0x000000060b800000, 0x000000060b800000| Untracked 
|  31|0x000000060bc00000, 0x000000060c000000, 0x000000060c000000|100%| O|  |TAMS 0x000000060bc00000, 0x000000060bc00000| Untracked 
|  32|0x000000060c000000, 0x000000060c400000, 0x000000060c400000|100%| O|  |TAMS 0x000000060c000000, 0x000000060c000000| Untracked 
|  33|0x000000060c400000, 0x000000060c800000, 0x000000060c800000|100%| O|  |TAMS 0x000000060c400000, 0x000000060c400000| Untracked 
|  34|0x000000060c800000, 0x000000060cc00000, 0x000000060cc00000|100%| O|  |TAMS 0x000000060c800000, 0x000000060c800000| Untracked 
|  35|0x000000060cc00000, 0x000000060d000000, 0x000000060d000000|100%| O|  |TAMS 0x000000060cc00000, 0x000000060cc00000| Untracked 
|  36|0x000000060d000000, 0x000000060d400000, 0x000000060d400000|100%| O|  |TAMS 0x000000060d000000, 0x000000060d000000| Untracked 
|  37|0x000000060d400000, 0x000000060d800000, 0x000000060d800000|100%| O|  |TAMS 0x000000060d400000, 0x000000060d400000| Untracked 
|  38|0x000000060d800000, 0x000000060dc00000, 0x000000060dc00000|100%| O|  |TAMS 0x000000060d800000, 0x000000060d800000| Untracked 
|  39|0x000000060dc00000, 0x000000060e000000, 0x000000060e000000|100%| O|  |TAMS 0x000000060dc00000, 0x000000060dc00000| Untracked 
|  40|0x000000060e000000, 0x000000060e400000, 0x000000060e400000|100%| O|  |TAMS 0x000000060e000000, 0x000000060e000000| Untracked 
|  41|0x000000060e400000, 0x000000060e7c1600, 0x000000060e800000| 93%| O|  |TAMS 0x000000060e400000, 0x000000060e400000| Untracked 
|  42|0x000000060e800000, 0x000000060e800000, 0x000000060ec00000|  0%| F|  |TAMS 0x000000060e800000, 0x000000060e800000| Untracked 
|  43|0x000000060ec00000, 0x000000060ec00000, 0x000000060f000000|  0%| F|  |TAMS 0x000000060ec00000, 0x000000060ec00000| Untracked 
|  44|0x000000060f000000, 0x000000060f000000, 0x000000060f400000|  0%| F|  |TAMS 0x000000060f000000, 0x000000060f000000| Untracked 
|  45|0x000000060f400000, 0x000000060f400000, 0x000000060f800000|  0%| F|  |TAMS 0x000000060f400000, 0x000000060f400000| Untracked 
|  46|0x000000060f800000, 0x000000060f800000, 0x000000060fc00000|  0%| F|  |TAMS 0x000000060f800000, 0x000000060f800000| Untracked 
|  47|0x000000060fc00000, 0x000000060fc00000, 0x0000000610000000|  0%| F|  |TAMS 0x000000060fc00000, 0x000000060fc00000| Untracked 
|  48|0x0000000610000000, 0x0000000610000000, 0x0000000610400000|  0%| F|  |TAMS 0x0000000610000000, 0x0000000610000000| Untracked 
|  49|0x0000000610400000, 0x0000000610400000, 0x0000000610800000|  0%| F|  |TAMS 0x0000000610400000, 0x0000000610400000| Untracked 
|  50|0x0000000610800000, 0x0000000610800000, 0x0000000610c00000|  0%| F|  |TAMS 0x0000000610800000, 0x0000000610800000| Untracked 
|  51|0x0000000610c00000, 0x0000000610c00000, 0x0000000611000000|  0%| F|  |TAMS 0x0000000610c00000, 0x0000000610c00000| Untracked 
|  52|0x0000000611000000, 0x0000000611000000, 0x0000000611400000|  0%| F|  |TAMS 0x0000000611000000, 0x0000000611000000| Untracked 
|  53|0x0000000611400000, 0x0000000611400000, 0x0000000611800000|  0%| F|  |TAMS 0x0000000611400000, 0x0000000611400000| Untracked 
|  54|0x0000000611800000, 0x0000000611800000, 0x0000000611c00000|  0%| F|  |TAMS 0x0000000611800000, 0x0000000611800000| Untracked 
|  55|0x0000000611c00000, 0x0000000611c00000, 0x0000000612000000|  0%| F|  |TAMS 0x0000000611c00000, 0x0000000611c00000| Untracked 
|  56|0x0000000612000000, 0x0000000612000000, 0x0000000612400000|  0%| F|  |TAMS 0x0000000612000000, 0x0000000612000000| Untracked 
|  57|0x0000000612400000, 0x0000000612400000, 0x0000000612800000|  0%| F|  |TAMS 0x0000000612400000, 0x0000000612400000| Untracked 
|  58|0x0000000612800000, 0x0000000612800000, 0x0000000612c00000|  0%| F|  |TAMS 0x0000000612800000, 0x0000000612800000| Untracked 
|  59|0x0000000612c00000, 0x0000000612c00000, 0x0000000613000000|  0%| F|  |TAMS 0x0000000612c00000, 0x0000000612c00000| Untracked 
|  60|0x0000000613000000, 0x0000000613000000, 0x0000000613400000|  0%| F|  |TAMS 0x0000000613000000, 0x0000000613000000| Untracked 
|  61|0x0000000613400000, 0x0000000613400000, 0x0000000613800000|  0%| F|  |TAMS 0x0000000613400000, 0x0000000613400000| Untracked 
|  62|0x0000000613800000, 0x0000000613800000, 0x0000000613c00000|  0%| F|  |TAMS 0x0000000613800000, 0x0000000613800000| Untracked 
|  63|0x0000000613c00000, 0x0000000613c00000, 0x0000000614000000|  0%| F|  |TAMS 0x0000000613c00000, 0x0000000613c00000| Untracked 
|  64|0x0000000614000000, 0x0000000614000000, 0x0000000614400000|  0%| F|  |TAMS 0x0000000614000000, 0x0000000614000000| Untracked 
|  65|0x0000000614400000, 0x0000000614400000, 0x0000000614800000|  0%| F|  |TAMS 0x0000000614400000, 0x0000000614400000| Untracked 
|  66|0x0000000614800000, 0x0000000614800000, 0x0000000614c00000|  0%| F|  |TAMS 0x0000000614800000, 0x0000000614800000| Untracked 
|  67|0x0000000614c00000, 0x0000000614c00000, 0x0000000615000000|  0%| F|  |TAMS 0x0000000614c00000, 0x0000000614c00000| Untracked 
|  68|0x0000000615000000, 0x0000000615000000, 0x0000000615400000|  0%| F|  |TAMS 0x0000000615000000, 0x0000000615000000| Untracked 
|  69|0x0000000615400000, 0x0000000615400000, 0x0000000615800000|  0%| F|  |TAMS 0x0000000615400000, 0x0000000615400000| Untracked 
|  70|0x0000000615800000, 0x0000000615800000, 0x0000000615c00000|  0%| F|  |TAMS 0x0000000615800000, 0x0000000615800000| Untracked 
|  71|0x0000000615c00000, 0x0000000615c00000, 0x0000000616000000|  0%| F|  |TAMS 0x0000000615c00000, 0x0000000615c00000| Untracked 
|  72|0x0000000616000000, 0x0000000616000000, 0x0000000616400000|  0%| F|  |TAMS 0x0000000616000000, 0x0000000616000000| Untracked 
|  73|0x0000000616400000, 0x0000000616400000, 0x0000000616800000|  0%| F|  |TAMS 0x0000000616400000, 0x0000000616400000| Untracked 
|  74|0x0000000616800000, 0x0000000616800000, 0x0000000616c00000|  0%| F|  |TAMS 0x0000000616800000, 0x0000000616800000| Untracked 
|  75|0x0000000616c00000, 0x0000000616c00000, 0x0000000617000000|  0%| F|  |TAMS 0x0000000616c00000, 0x0000000616c00000| Untracked 
|  76|0x0000000617000000, 0x0000000617000000, 0x0000000617400000|  0%| F|  |TAMS 0x0000000617000000, 0x0000000617000000| Untracked 
|  77|0x0000000617400000, 0x0000000617400000, 0x0000000617800000|  0%| F|  |TAMS 0x0000000617400000, 0x0000000617400000| Untracked 
|  78|0x0000000617800000, 0x0000000617800000, 0x0000000617c00000|  0%| F|  |TAMS 0x0000000617800000, 0x0000000617800000| Untracked 
|  79|0x0000000617c00000, 0x0000000617c00000, 0x0000000618000000|  0%| F|  |TAMS 0x0000000617c00000, 0x0000000617c00000| Untracked 
|  80|0x0000000618000000, 0x0000000618000000, 0x0000000618400000|  0%| F|  |TAMS 0x0000000618000000, 0x0000000618000000| Untracked 
|  81|0x0000000618400000, 0x0000000618400000, 0x0000000618800000|  0%| F|  |TAMS 0x0000000618400000, 0x0000000618400000| Untracked 
|  82|0x0000000618800000, 0x0000000618800000, 0x0000000618c00000|  0%| F|  |TAMS 0x0000000618800000, 0x0000000618800000| Untracked 
|  83|0x0000000618c00000, 0x0000000618c00000, 0x0000000619000000|  0%| F|  |TAMS 0x0000000618c00000, 0x0000000618c00000| Untracked 
|  84|0x0000000619000000, 0x0000000619000000, 0x0000000619400000|  0%| F|  |TAMS 0x0000000619000000, 0x0000000619000000| Untracked 
|  85|0x0000000619400000, 0x0000000619400000, 0x0000000619800000|  0%| F|  |TAMS 0x0000000619400000, 0x0000000619400000| Untracked 
|  86|0x0000000619800000, 0x0000000619800000, 0x0000000619c00000|  0%| F|  |TAMS 0x0000000619800000, 0x0000000619800000| Untracked 
|  87|0x0000000619c00000, 0x0000000619c00000, 0x000000061a000000|  0%| F|  |TAMS 0x0000000619c00000, 0x0000000619c00000| Untracked 
|  88|0x000000061a000000, 0x000000061a000000, 0x000000061a400000|  0%| F|  |TAMS 0x000000061a000000, 0x000000061a000000| Untracked 
|  89|0x000000061a400000, 0x000000061a400000, 0x000000061a800000|  0%| F|  |TAMS 0x000000061a400000, 0x000000061a400000| Untracked 
|  90|0x000000061a800000, 0x000000061a800000, 0x000000061ac00000|  0%| F|  |TAMS 0x000000061a800000, 0x000000061a800000| Untracked 
|  91|0x000000061ac00000, 0x000000061ac00000, 0x000000061b000000|  0%| F|  |TAMS 0x000000061ac00000, 0x000000061ac00000| Untracked 
|  92|0x000000061b000000, 0x000000061b000000, 0x000000061b400000|  0%| F|  |TAMS 0x000000061b000000, 0x000000061b000000| Untracked 
|  93|0x000000061b400000, 0x000000061b400000, 0x000000061b800000|  0%| F|  |TAMS 0x000000061b400000, 0x000000061b400000| Untracked 
|  94|0x000000061b800000, 0x000000061b800000, 0x000000061bc00000|  0%| F|  |TAMS 0x000000061b800000, 0x000000061b800000| Untracked 
|  95|0x000000061bc00000, 0x000000061bc00000, 0x000000061c000000|  0%| F|  |TAMS 0x000000061bc00000, 0x000000061bc00000| Untracked 
|  96|0x000000061c000000, 0x000000061c000000, 0x000000061c400000|  0%| F|  |TAMS 0x000000061c000000, 0x000000061c000000| Untracked 
|  97|0x000000061c400000, 0x000000061c400000, 0x000000061c800000|  0%| F|  |TAMS 0x000000061c400000, 0x000000061c400000| Untracked 
|  98|0x000000061c800000, 0x000000061c800000, 0x000000061cc00000|  0%| F|  |TAMS 0x000000061c800000, 0x000000061c800000| Untracked 
|  99|0x000000061cc00000, 0x000000061cc00000, 0x000000061d000000|  0%| F|  |TAMS 0x000000061cc00000, 0x000000061cc00000| Untracked 
| 100|0x000000061d000000, 0x000000061d000000, 0x000000061d400000|  0%| F|  |TAMS 0x000000061d000000, 0x000000061d000000| Untracked 
| 101|0x000000061d400000, 0x000000061d400000, 0x000000061d800000|  0%| F|  |TAMS 0x000000061d400000, 0x000000061d400000| Untracked 
| 102|0x000000061d800000, 0x000000061d800000, 0x000000061dc00000|  0%| F|  |TAMS 0x000000061d800000, 0x000000061d800000| Untracked 
| 103|0x000000061dc00000, 0x000000061dc00000, 0x000000061e000000|  0%| F|  |TAMS 0x000000061dc00000, 0x000000061dc00000| Untracked 
| 104|0x000000061e000000, 0x000000061e000000, 0x000000061e400000|  0%| F|  |TAMS 0x000000061e000000, 0x000000061e000000| Untracked 
| 105|0x000000061e400000, 0x000000061e400000, 0x000000061e800000|  0%| F|  |TAMS 0x000000061e400000, 0x000000061e400000| Untracked 
| 106|0x000000061e800000, 0x000000061e800000, 0x000000061ec00000|  0%| F|  |TAMS 0x000000061e800000, 0x000000061e800000| Untracked 
| 107|0x000000061ec00000, 0x000000061ec00000, 0x000000061f000000|  0%| F|  |TAMS 0x000000061ec00000, 0x000000061ec00000| Untracked 
| 108|0x000000061f000000, 0x000000061f000000, 0x000000061f400000|  0%| F|  |TAMS 0x000000061f000000, 0x000000061f000000| Untracked 
| 109|0x000000061f400000, 0x000000061f400000, 0x000000061f800000|  0%| F|  |TAMS 0x000000061f400000, 0x000000061f400000| Untracked 
| 110|0x000000061f800000, 0x000000061f800000, 0x000000061fc00000|  0%| F|  |TAMS 0x000000061f800000, 0x000000061f800000| Untracked 
| 111|0x000000061fc00000, 0x000000061fc00000, 0x0000000620000000|  0%| F|  |TAMS 0x000000061fc00000, 0x000000061fc00000| Untracked 
| 112|0x0000000620000000, 0x0000000620000000, 0x0000000620400000|  0%| F|  |TAMS 0x0000000620000000, 0x0000000620000000| Untracked 
| 113|0x0000000620400000, 0x0000000620400000, 0x0000000620800000|  0%| F|  |TAMS 0x0000000620400000, 0x0000000620400000| Untracked 
| 114|0x0000000620800000, 0x0000000620800000, 0x0000000620c00000|  0%| F|  |TAMS 0x0000000620800000, 0x0000000620800000| Untracked 
| 115|0x0000000620c00000, 0x0000000620c00000, 0x0000000621000000|  0%| F|  |TAMS 0x0000000620c00000, 0x0000000620c00000| Untracked 
| 116|0x0000000621000000, 0x0000000621000000, 0x0000000621400000|  0%| F|  |TAMS 0x0000000621000000, 0x0000000621000000| Untracked 
| 117|0x0000000621400000, 0x0000000621400000, 0x0000000621800000|  0%| F|  |TAMS 0x0000000621400000, 0x0000000621400000| Untracked 
| 118|0x0000000621800000, 0x0000000621800000, 0x0000000621c00000|  0%| F|  |TAMS 0x0000000621800000, 0x0000000621800000| Untracked 
| 119|0x0000000621c00000, 0x0000000621c00000, 0x0000000622000000|  0%| F|  |TAMS 0x0000000621c00000, 0x0000000621c00000| Untracked 
| 120|0x0000000622000000, 0x0000000622000000, 0x0000000622400000|  0%| F|  |TAMS 0x0000000622000000, 0x0000000622000000| Untracked 
| 121|0x0000000622400000, 0x0000000622400000, 0x0000000622800000|  0%| F|  |TAMS 0x0000000622400000, 0x0000000622400000| Untracked 
| 122|0x0000000622800000, 0x0000000622800000, 0x0000000622c00000|  0%| F|  |TAMS 0x0000000622800000, 0x0000000622800000| Untracked 
| 123|0x0000000622c00000, 0x0000000622c00000, 0x0000000623000000|  0%| F|  |TAMS 0x0000000622c00000, 0x0000000622c00000| Untracked 
| 124|0x0000000623000000, 0x0000000623000000, 0x0000000623400000|  0%| F|  |TAMS 0x0000000623000000, 0x0000000623000000| Untracked 
| 125|0x0000000623400000, 0x0000000623400000, 0x0000000623800000|  0%| F|  |TAMS 0x0000000623400000, 0x0000000623400000| Untracked 
| 126|0x0000000623800000, 0x0000000623800000, 0x0000000623c00000|  0%| F|  |TAMS 0x0000000623800000, 0x0000000623800000| Untracked 
| 127|0x0000000623c00000, 0x0000000623d271a0, 0x0000000624000000| 28%| S|CS|TAMS 0x0000000623c00000, 0x0000000623c00000| Complete 
| 128|0x0000000624000000, 0x0000000624400000, 0x0000000624400000|100%| S|CS|TAMS 0x0000000624000000, 0x0000000624000000| Complete 
| 129|0x0000000624400000, 0x0000000624800000, 0x0000000624800000|100%| S|CS|TAMS 0x0000000624400000, 0x0000000624400000| Complete 
| 130|0x0000000624800000, 0x0000000624c00000, 0x0000000624c00000|100%| S|CS|TAMS 0x0000000624800000, 0x0000000624800000| Complete 
| 131|0x0000000624c00000, 0x0000000625000000, 0x0000000625000000|100%| S|CS|TAMS 0x0000000624c00000, 0x0000000624c00000| Complete 
| 132|0x0000000625000000, 0x0000000625400000, 0x0000000625400000|100%| S|CS|TAMS 0x0000000625000000, 0x0000000625000000| Complete 
| 133|0x0000000625400000, 0x0000000625800000, 0x0000000625800000|100%| S|CS|TAMS 0x0000000625400000, 0x0000000625400000| Complete 
| 134|0x0000000625800000, 0x0000000625c00000, 0x0000000625c00000|100%| S|CS|TAMS 0x0000000625800000, 0x0000000625800000| Complete 
| 135|0x0000000625c00000, 0x0000000626000000, 0x0000000626000000|100%| S|CS|TAMS 0x0000000625c00000, 0x0000000625c00000| Complete 
| 136|0x0000000626000000, 0x0000000626400000, 0x0000000626400000|100%| S|CS|TAMS 0x0000000626000000, 0x0000000626000000| Complete 
| 137|0x0000000626400000, 0x0000000626800000, 0x0000000626800000|100%| S|CS|TAMS 0x0000000626400000, 0x0000000626400000| Complete 
| 138|0x0000000626800000, 0x0000000626c00000, 0x0000000626c00000|100%| S|CS|TAMS 0x0000000626800000, 0x0000000626800000| Complete 
| 139|0x0000000626c00000, 0x0000000627000000, 0x0000000627000000|100%| S|CS|TAMS 0x0000000626c00000, 0x0000000626c00000| Complete 
| 140|0x0000000627000000, 0x0000000627000000, 0x0000000627400000|  0%| F|  |TAMS 0x0000000627000000, 0x0000000627000000| Untracked 
| 141|0x0000000627400000, 0x0000000627400000, 0x0000000627800000|  0%| F|  |TAMS 0x0000000627400000, 0x0000000627400000| Untracked 
| 142|0x0000000627800000, 0x0000000627800000, 0x0000000627c00000|  0%| F|  |TAMS 0x0000000627800000, 0x0000000627800000| Untracked 
| 143|0x0000000627c00000, 0x0000000627c00000, 0x0000000628000000|  0%| F|  |TAMS 0x0000000627c00000, 0x0000000627c00000| Untracked 
| 144|0x0000000628000000, 0x0000000628000000, 0x0000000628400000|  0%| F|  |TAMS 0x0000000628000000, 0x0000000628000000| Untracked 
| 145|0x0000000628400000, 0x0000000628400000, 0x0000000628800000|  0%| F|  |TAMS 0x0000000628400000, 0x0000000628400000| Untracked 
| 146|0x0000000628800000, 0x0000000628800000, 0x0000000628c00000|  0%| F|  |TAMS 0x0000000628800000, 0x0000000628800000| Untracked 
| 147|0x0000000628c00000, 0x0000000628c00000, 0x0000000629000000|  0%| F|  |TAMS 0x0000000628c00000, 0x0000000628c00000| Untracked 
| 148|0x0000000629000000, 0x0000000629000000, 0x0000000629400000|  0%| F|  |TAMS 0x0000000629000000, 0x0000000629000000| Untracked 
| 149|0x0000000629400000, 0x0000000629400000, 0x0000000629800000|  0%| F|  |TAMS 0x0000000629400000, 0x0000000629400000| Untracked 
| 150|0x0000000629800000, 0x0000000629800000, 0x0000000629c00000|  0%| F|  |TAMS 0x0000000629800000, 0x0000000629800000| Untracked 
| 151|0x0000000629c00000, 0x0000000629c00000, 0x000000062a000000|  0%| F|  |TAMS 0x0000000629c00000, 0x0000000629c00000| Untracked 
| 152|0x000000062a000000, 0x000000062a000000, 0x000000062a400000|  0%| F|  |TAMS 0x000000062a000000, 0x000000062a000000| Untracked 
| 153|0x000000062a400000, 0x000000062a400000, 0x000000062a800000|  0%| F|  |TAMS 0x000000062a400000, 0x000000062a400000| Untracked 
| 154|0x000000062a800000, 0x000000062a800000, 0x000000062ac00000|  0%| F|  |TAMS 0x000000062a800000, 0x000000062a800000| Untracked 
| 155|0x000000062ac00000, 0x000000062ac00000, 0x000000062b000000|  0%| F|  |TAMS 0x000000062ac00000, 0x000000062ac00000| Untracked 
| 156|0x000000062b000000, 0x000000062b000000, 0x000000062b400000|  0%| F|  |TAMS 0x000000062b000000, 0x000000062b000000| Untracked 
| 157|0x000000062b400000, 0x000000062b400000, 0x000000062b800000|  0%| F|  |TAMS 0x000000062b400000, 0x000000062b400000| Untracked 
| 158|0x000000062b800000, 0x000000062b800000, 0x000000062bc00000|  0%| F|  |TAMS 0x000000062b800000, 0x000000062b800000| Untracked 
| 159|0x000000062bc00000, 0x000000062bc00000, 0x000000062c000000|  0%| F|  |TAMS 0x000000062bc00000, 0x000000062bc00000| Untracked 
| 160|0x000000062c000000, 0x000000062c000000, 0x000000062c400000|  0%| F|  |TAMS 0x000000062c000000, 0x000000062c000000| Untracked 
| 161|0x000000062c400000, 0x000000062c400000, 0x000000062c800000|  0%| F|  |TAMS 0x000000062c400000, 0x000000062c400000| Untracked 
| 162|0x000000062c800000, 0x000000062c800000, 0x000000062cc00000|  0%| F|  |TAMS 0x000000062c800000, 0x000000062c800000| Untracked 
| 163|0x000000062cc00000, 0x000000062cc00000, 0x000000062d000000|  0%| F|  |TAMS 0x000000062cc00000, 0x000000062cc00000| Untracked 
| 164|0x000000062d000000, 0x000000062d000000, 0x000000062d400000|  0%| F|  |TAMS 0x000000062d000000, 0x000000062d000000| Untracked 
| 165|0x000000062d400000, 0x000000062d400000, 0x000000062d800000|  0%| F|  |TAMS 0x000000062d400000, 0x000000062d400000| Untracked 
| 166|0x000000062d800000, 0x000000062d800000, 0x000000062dc00000|  0%| F|  |TAMS 0x000000062d800000, 0x000000062d800000| Untracked 
| 167|0x000000062dc00000, 0x000000062dc00000, 0x000000062e000000|  0%| F|  |TAMS 0x000000062dc00000, 0x000000062dc00000| Untracked 
| 168|0x000000062e000000, 0x000000062e000000, 0x000000062e400000|  0%| F|  |TAMS 0x000000062e000000, 0x000000062e000000| Untracked 
| 169|0x000000062e400000, 0x000000062e400000, 0x000000062e800000|  0%| F|  |TAMS 0x000000062e400000, 0x000000062e400000| Untracked 
| 170|0x000000062e800000, 0x000000062e800000, 0x000000062ec00000|  0%| F|  |TAMS 0x000000062e800000, 0x000000062e800000| Untracked 
| 171|0x000000062ec00000, 0x000000062ec00000, 0x000000062f000000|  0%| F|  |TAMS 0x000000062ec00000, 0x000000062ec00000| Untracked 
| 172|0x000000062f000000, 0x000000062f000000, 0x000000062f400000|  0%| F|  |TAMS 0x000000062f000000, 0x000000062f000000| Untracked 
| 173|0x000000062f400000, 0x000000062f400000, 0x000000062f800000|  0%| F|  |TAMS 0x000000062f400000, 0x000000062f400000| Untracked 
| 174|0x000000062f800000, 0x000000062f800000, 0x000000062fc00000|  0%| F|  |TAMS 0x000000062f800000, 0x000000062f800000| Untracked 
| 175|0x000000062fc00000, 0x000000062fc00000, 0x0000000630000000|  0%| F|  |TAMS 0x000000062fc00000, 0x000000062fc00000| Untracked 
| 176|0x0000000630000000, 0x0000000630000000, 0x0000000630400000|  0%| F|  |TAMS 0x0000000630000000, 0x0000000630000000| Untracked 
| 177|0x0000000630400000, 0x0000000630400000, 0x0000000630800000|  0%| F|  |TAMS 0x0000000630400000, 0x0000000630400000| Untracked 
| 178|0x0000000630800000, 0x0000000630800000, 0x0000000630c00000|  0%| F|  |TAMS 0x0000000630800000, 0x0000000630800000| Untracked 
| 179|0x0000000630c00000, 0x0000000630c00000, 0x0000000631000000|  0%| F|  |TAMS 0x0000000630c00000, 0x0000000630c00000| Untracked 
| 180|0x0000000631000000, 0x0000000631000000, 0x0000000631400000|  0%| F|  |TAMS 0x0000000631000000, 0x0000000631000000| Untracked 
| 181|0x0000000631400000, 0x0000000631400000, 0x0000000631800000|  0%| F|  |TAMS 0x0000000631400000, 0x0000000631400000| Untracked 
| 182|0x0000000631800000, 0x0000000631800000, 0x0000000631c00000|  0%| F|  |TAMS 0x0000000631800000, 0x0000000631800000| Untracked 
| 183|0x0000000631c00000, 0x0000000631c00000, 0x0000000632000000|  0%| F|  |TAMS 0x0000000631c00000, 0x0000000631c00000| Untracked 
| 184|0x0000000632000000, 0x0000000632000000, 0x0000000632400000|  0%| F|  |TAMS 0x0000000632000000, 0x0000000632000000| Untracked 
| 185|0x0000000632400000, 0x0000000632400000, 0x0000000632800000|  0%| F|  |TAMS 0x0000000632400000, 0x0000000632400000| Untracked 
| 186|0x0000000632800000, 0x0000000632800000, 0x0000000632c00000|  0%| F|  |TAMS 0x0000000632800000, 0x0000000632800000| Untracked 
| 187|0x0000000632c00000, 0x0000000632c00000, 0x0000000633000000|  0%| F|  |TAMS 0x0000000632c00000, 0x0000000632c00000| Untracked 
| 188|0x0000000633000000, 0x0000000633000000, 0x0000000633400000|  0%| F|  |TAMS 0x0000000633000000, 0x0000000633000000| Untracked 
| 189|0x0000000633400000, 0x0000000633400000, 0x0000000633800000|  0%| F|  |TAMS 0x0000000633400000, 0x0000000633400000| Untracked 
| 190|0x0000000633800000, 0x0000000633800000, 0x0000000633c00000|  0%| F|  |TAMS 0x0000000633800000, 0x0000000633800000| Untracked 
| 191|0x0000000633c00000, 0x0000000633c00000, 0x0000000634000000|  0%| F|  |TAMS 0x0000000633c00000, 0x0000000633c00000| Untracked 
| 192|0x0000000634000000, 0x0000000634000000, 0x0000000634400000|  0%| F|  |TAMS 0x0000000634000000, 0x0000000634000000| Untracked 
| 193|0x0000000634400000, 0x0000000634400000, 0x0000000634800000|  0%| F|  |TAMS 0x0000000634400000, 0x0000000634400000| Untracked 
| 194|0x0000000634800000, 0x0000000634800000, 0x0000000634c00000|  0%| F|  |TAMS 0x0000000634800000, 0x0000000634800000| Untracked 
| 195|0x0000000634c00000, 0x0000000634c00000, 0x0000000635000000|  0%| F|  |TAMS 0x0000000634c00000, 0x0000000634c00000| Untracked 
| 196|0x0000000635000000, 0x0000000635000000, 0x0000000635400000|  0%| F|  |TAMS 0x0000000635000000, 0x0000000635000000| Untracked 
| 197|0x0000000635400000, 0x0000000635400000, 0x0000000635800000|  0%| F|  |TAMS 0x0000000635400000, 0x0000000635400000| Untracked 
| 198|0x0000000635800000, 0x0000000635800000, 0x0000000635c00000|  0%| F|  |TAMS 0x0000000635800000, 0x0000000635800000| Untracked 
| 199|0x0000000635c00000, 0x0000000635c00000, 0x0000000636000000|  0%| F|  |TAMS 0x0000000635c00000, 0x0000000635c00000| Untracked 
| 200|0x0000000636000000, 0x0000000636000000, 0x0000000636400000|  0%| F|  |TAMS 0x0000000636000000, 0x0000000636000000| Untracked 
| 201|0x0000000636400000, 0x0000000636400000, 0x0000000636800000|  0%| F|  |TAMS 0x0000000636400000, 0x0000000636400000| Untracked 
| 202|0x0000000636800000, 0x0000000636800000, 0x0000000636c00000|  0%| F|  |TAMS 0x0000000636800000, 0x0000000636800000| Untracked 
| 203|0x0000000636c00000, 0x0000000636c00000, 0x0000000637000000|  0%| F|  |TAMS 0x0000000636c00000, 0x0000000636c00000| Untracked 
| 204|0x0000000637000000, 0x0000000637000000, 0x0000000637400000|  0%| F|  |TAMS 0x0000000637000000, 0x0000000637000000| Untracked 
| 205|0x0000000637400000, 0x0000000637400000, 0x0000000637800000|  0%| F|  |TAMS 0x0000000637400000, 0x0000000637400000| Untracked 
| 206|0x0000000637800000, 0x0000000637800000, 0x0000000637c00000|  0%| F|  |TAMS 0x0000000637800000, 0x0000000637800000| Untracked 
| 207|0x0000000637c00000, 0x0000000637c00000, 0x0000000638000000|  0%| F|  |TAMS 0x0000000637c00000, 0x0000000637c00000| Untracked 
| 208|0x0000000638000000, 0x0000000638000000, 0x0000000638400000|  0%| F|  |TAMS 0x0000000638000000, 0x0000000638000000| Untracked 
| 209|0x0000000638400000, 0x0000000638400000, 0x0000000638800000|  0%| F|  |TAMS 0x0000000638400000, 0x0000000638400000| Untracked 
| 210|0x0000000638800000, 0x0000000638800000, 0x0000000638c00000|  0%| F|  |TAMS 0x0000000638800000, 0x0000000638800000| Untracked 
| 211|0x0000000638c00000, 0x0000000638c00000, 0x0000000639000000|  0%| F|  |TAMS 0x0000000638c00000, 0x0000000638c00000| Untracked 
| 212|0x0000000639000000, 0x0000000639000000, 0x0000000639400000|  0%| F|  |TAMS 0x0000000639000000, 0x0000000639000000| Untracked 
| 213|0x0000000639400000, 0x0000000639400000, 0x0000000639800000|  0%| F|  |TAMS 0x0000000639400000, 0x0000000639400000| Untracked 
| 214|0x0000000639800000, 0x0000000639800000, 0x0000000639c00000|  0%| F|  |TAMS 0x0000000639800000, 0x0000000639800000| Untracked 
| 215|0x0000000639c00000, 0x0000000639c00000, 0x000000063a000000|  0%| F|  |TAMS 0x0000000639c00000, 0x0000000639c00000| Untracked 
| 216|0x000000063a000000, 0x000000063a000000, 0x000000063a400000|  0%| F|  |TAMS 0x000000063a000000, 0x000000063a000000| Untracked 
| 217|0x000000063a400000, 0x000000063a400000, 0x000000063a800000|  0%| F|  |TAMS 0x000000063a400000, 0x000000063a400000| Untracked 
| 218|0x000000063a800000, 0x000000063a800000, 0x000000063ac00000|  0%| F|  |TAMS 0x000000063a800000, 0x000000063a800000| Untracked 
| 219|0x000000063ac00000, 0x000000063ac00000, 0x000000063b000000|  0%| F|  |TAMS 0x000000063ac00000, 0x000000063ac00000| Untracked 
| 220|0x000000063b000000, 0x000000063b000000, 0x000000063b400000|  0%| F|  |TAMS 0x000000063b000000, 0x000000063b000000| Untracked 
| 221|0x000000063b400000, 0x000000063b400000, 0x000000063b800000|  0%| F|  |TAMS 0x000000063b400000, 0x000000063b400000| Untracked 
| 222|0x000000063b800000, 0x000000063b800000, 0x000000063bc00000|  0%| F|  |TAMS 0x000000063b800000, 0x000000063b800000| Untracked 
| 223|0x000000063bc00000, 0x000000063bc00000, 0x000000063c000000|  0%| F|  |TAMS 0x000000063bc00000, 0x000000063bc00000| Untracked 
| 224|0x000000063c000000, 0x000000063c000000, 0x000000063c400000|  0%| F|  |TAMS 0x000000063c000000, 0x000000063c000000| Untracked 
| 225|0x000000063c400000, 0x000000063c400000, 0x000000063c800000|  0%| F|  |TAMS 0x000000063c400000, 0x000000063c400000| Untracked 
| 226|0x000000063c800000, 0x000000063c800000, 0x000000063cc00000|  0%| F|  |TAMS 0x000000063c800000, 0x000000063c800000| Untracked 
| 227|0x000000063cc00000, 0x000000063cc00000, 0x000000063d000000|  0%| F|  |TAMS 0x000000063cc00000, 0x000000063cc00000| Untracked 
| 228|0x000000063d000000, 0x000000063d000000, 0x000000063d400000|  0%| F|  |TAMS 0x000000063d000000, 0x000000063d000000| Untracked 
| 229|0x000000063d400000, 0x000000063d400000, 0x000000063d800000|  0%| F|  |TAMS 0x000000063d400000, 0x000000063d400000| Untracked 
| 230|0x000000063d800000, 0x000000063d800000, 0x000000063dc00000|  0%| F|  |TAMS 0x000000063d800000, 0x000000063d800000| Untracked 
| 231|0x000000063dc00000, 0x000000063dc00000, 0x000000063e000000|  0%| F|  |TAMS 0x000000063dc00000, 0x000000063dc00000| Untracked 
| 232|0x000000063e000000, 0x000000063e000000, 0x000000063e400000|  0%| F|  |TAMS 0x000000063e000000, 0x000000063e000000| Untracked 
| 233|0x000000063e400000, 0x000000063e400000, 0x000000063e800000|  0%| F|  |TAMS 0x000000063e400000, 0x000000063e400000| Untracked 
| 234|0x000000063e800000, 0x000000063e800000, 0x000000063ec00000|  0%| F|  |TAMS 0x000000063e800000, 0x000000063e800000| Untracked 
| 235|0x000000063ec00000, 0x000000063ec00000, 0x000000063f000000|  0%| F|  |TAMS 0x000000063ec00000, 0x000000063ec00000| Untracked 
| 236|0x000000063f000000, 0x000000063f000000, 0x000000063f400000|  0%| F|  |TAMS 0x000000063f000000, 0x000000063f000000| Untracked 
| 237|0x000000063f400000, 0x000000063f400000, 0x000000063f800000|  0%| F|  |TAMS 0x000000063f400000, 0x000000063f400000| Untracked 
| 238|0x000000063f800000, 0x000000063f800000, 0x000000063fc00000|  0%| F|  |TAMS 0x000000063f800000, 0x000000063f800000| Untracked 
| 239|0x000000063fc00000, 0x000000063fc00000, 0x0000000640000000|  0%| F|  |TAMS 0x000000063fc00000, 0x000000063fc00000| Untracked 
| 240|0x0000000640000000, 0x0000000640000000, 0x0000000640400000|  0%| F|  |TAMS 0x0000000640000000, 0x0000000640000000| Untracked 
| 241|0x0000000640400000, 0x0000000640400000, 0x0000000640800000|  0%| F|  |TAMS 0x0000000640400000, 0x0000000640400000| Untracked 
| 242|0x0000000640800000, 0x0000000640800000, 0x0000000640c00000|  0%| F|  |TAMS 0x0000000640800000, 0x0000000640800000| Untracked 
| 243|0x0000000640c00000, 0x0000000640c00000, 0x0000000641000000|  0%| F|  |TAMS 0x0000000640c00000, 0x0000000640c00000| Untracked 
| 244|0x0000000641000000, 0x0000000641000000, 0x0000000641400000|  0%| F|  |TAMS 0x0000000641000000, 0x0000000641000000| Untracked 
| 245|0x0000000641400000, 0x0000000641400000, 0x0000000641800000|  0%| F|  |TAMS 0x0000000641400000, 0x0000000641400000| Untracked 

Card table byte_map: [0x000001901bdd0000,0x000001901cdb0000] _byte_map_base: 0x0000019018db0000

Marking Bits (Prev, Next): (CMBitMap*) 0x0000019003844240, (CMBitMap*) 0x0000019003844280
 Prev Bits: [0x000001901dd90000, 0x0000019025c90000)
 Next Bits: [0x0000019025c90000, 0x000001902db90000)

Polling page: 0x0000019001690000

Metaspace:

Usage:
  Non-class:      7.17 MB used.
      Class:    830.48 KB used.
       Both:      7.99 MB used.

Virtual space:
  Non-class space:        8.00 MB reserved,       7.31 MB ( 91%) committed,  1 nodes.
      Class space:        1.00 GB reserved,       1.00 MB ( <1%) committed,  1 nodes.
             Both:        1.01 GB reserved,       8.31 MB ( <1%) committed. 

Chunk freelists:
   Non-Class:  448.00 KB
       Class:  2.92 MB
        Both:  3.36 MB

MaxMetaspaceSize: unlimited
CompressedClassSpaceSize: 1.00 GB
Initial GC threshold: 21.00 MB
Current GC threshold: 21.00 MB
CDS: on
MetaspaceReclaimPolicy: balanced
 - commit_granule_bytes: 65536.
 - commit_granule_words: 8192.
 - virtual_space_node_default_size: 1048576.
 - enlarge_chunks_in_place: 1.
 - new_chunks_are_fully_committed: 0.
 - uncommit_free_chunks: 1.
 - use_allocation_guard: 0.
 - handle_deallocations: 1.


Internal statistics:

num_allocs_failed_limit: 0.
num_arena_births: 358.
num_arena_deaths: 0.
num_vsnodes_births: 2.
num_vsnodes_deaths: 0.
num_space_committed: 133.
num_space_uncommitted: 0.
num_chunks_returned_to_freelist: 0.
num_chunks_taken_from_freelist: 760.
num_chunk_merges: 0.
num_chunk_splits: 429.
num_chunks_enlarged: 140.
num_purges: 0.
num_inconsistent_stats: 0.

CodeHeap 'non-profiled nmethods': size=119168Kb used=1871Kb max_used=2178Kb free=117296Kb
 bounds [0x0000019012bc0000, 0x0000019012e30000, 0x000001901a020000]
CodeHeap 'profiled nmethods': size=119104Kb used=4362Kb max_used=5702Kb free=114741Kb
 bounds [0x000001900b770000, 0x000001900bd10000, 0x0000019012bc0000]
CodeHeap 'non-nmethods': size=7488Kb used=2844Kb max_used=2910Kb free=4644Kb
 bounds [0x000001900b020000, 0x000001900b300000, 0x000001900b770000]
 total_blobs=2884 nmethods=2438 adapters=355
 compilation: enabled
              stopped_count=0, restarted_count=0
 full_count=0

Compilation events (20 events):
Event: 1.504 Thread 0x0000019031241020 2982       3       java.util.HashMap::get (19 bytes)
Event: 1.504 Thread 0x00000190313c8320 2983       3       java.util.HashMap::getNode (150 bytes)
Event: 1.504 Thread 0x00000190325ac0e0 nmethod 2954 0x0000019012cd3b90 code [0x0000019012cd3da0, 0x0000019012cd5778]
Event: 1.505 Thread 0x0000019032531ca0 nmethod 2980 0x000001900b7a8090 code [0x000001900b7a8340, 0x000001900b7a9538]
Event: 1.505 Thread 0x0000019031241020 nmethod 2982 0x000001900b941d10 code [0x000001900b941ec0, 0x000001900b942088]
Event: 1.505 Thread 0x0000019032531ca0 2984       3       java.util.HashMap::resize (356 bytes)
Event: 1.505 Thread 0x0000019031241020 2985       3       com.google.common.collect.AbstractMapBasedMultimap::get (31 bytes)
Event: 1.505 Thread 0x0000019031092ea0 nmethod 2981 0x000001900b7a7290 code [0x000001900b7a74c0, 0x000001900b7a7df8]
Event: 1.505 Thread 0x0000019032b27280 nmethod 2979 0x0000019012da5890 code [0x0000019012da5a40, 0x0000019012da5e78]
Event: 1.505 Thread 0x0000019031241020 nmethod 2985 0x000001900b7a6990 code [0x000001900b7a6b60, 0x000001900b7a7108]
Event: 1.505 Thread 0x00000190313c8320 nmethod 2983 0x000001900baa1e90 code [0x000001900baa2100, 0x000001900baa2e58]
Event: 1.505 Thread 0x0000019032b27280 2986 %     4       java.util.ArrayList$ArrayListSpliterator::forEachRemaining @ 81 (127 bytes)
Event: 1.506 Thread 0x0000019032531ca0 nmethod 2984 0x000001900baa0290 code [0x000001900baa0540, 0x000001900baa19e8]
Event: 1.506 Thread 0x00000190325ac0e0 2903       4       net.runelite.asm.execution.MethodContext::hasJumped (41 bytes)
Event: 1.506 Thread 0x00000190357e1930 nmethod 2970 0x0000019012c3b710 code [0x0000019012c3b880, 0x0000019012c3b9b8]
Event: 1.506 Thread 0x0000019032531ca0 2987       3       net.runelite.asm.attributes.code.instructions.IShL::execute (157 bytes)
Event: 1.506 Thread 0x00000190357e1930 2904       4       com.google.common.collect.AbstractMapBasedMultimap$WrappedCollection::contains (15 bytes)
Event: 1.508 Thread 0x00000190313e3fa0 nmethod 2902 0x0000019012c5e710 code [0x0000019012c5e980, 0x0000019012c611e8]
Event: 1.509 Thread 0x0000019032531ca0 nmethod 2987 0x000001900bab9790 code [0x000001900bab9b00, 0x000001900babb6b8]
Event: 1.510 Thread 0x00000190313e3fa0 2988       4       java.util.HashMap::putVal (300 bytes)

GC Heap History (19 events):
Event: 0.271 GC heap before
{Heap before GC invocations=0 (full 0):
 garbage-first heap   total 520192K, used 32768K [0x0000000604000000, 0x0000000800000000)
  region size 4096K, 6 young (24576K), 0 survivors (0K)
 Metaspace       used 4505K, committed 4672K, reserved 1056768K
  class space    used 488K, committed 576K, reserved 1048576K
}
Event: 0.273 GC heap after
{Heap after GC invocations=1 (full 0):
 garbage-first heap   total 520192K, used 14803K [0x0000000604000000, 0x0000000800000000)
  region size 4096K, 1 young (4096K), 1 survivors (4096K)
 Metaspace       used 4505K, committed 4672K, reserved 1056768K
  class space    used 488K, committed 576K, reserved 1048576K
}
Event: 0.302 GC heap before
{Heap before GC invocations=1 (full 0):
 garbage-first heap   total 520192K, used 35283K [0x0000000604000000, 0x0000000800000000)
  region size 4096K, 6 young (24576K), 1 survivors (4096K)
 Metaspace       used 4709K, committed 4928K, reserved 1056768K
  class space    used 503K, committed 576K, reserved 1048576K
}
Event: 0.303 GC heap after
{Heap after GC invocations=2 (full 0):
 garbage-first heap   total 520192K, used 17999K [0x0000000604000000, 0x0000000800000000)
  region size 4096K, 1 young (4096K), 1 survivors (4096K)
 Metaspace       used 4709K, committed 4928K, reserved 1056768K
  class space    used 503K, committed 576K, reserved 1048576K
}
Event: 0.333 GC heap before
{Heap before GC invocations=2 (full 0):
 garbage-first heap   total 520192K, used 58959K [0x0000000604000000, 0x0000000800000000)
  region size 4096K, 11 young (45056K), 1 survivors (4096K)
 Metaspace       used 4853K, committed 5056K, reserved 1056768K
  class space    used 519K, committed 576K, reserved 1048576K
}
Event: 0.336 GC heap after
{Heap after GC invocations=3 (full 0):
 garbage-first heap   total 520192K, used 22447K [0x0000000604000000, 0x0000000800000000)
  region size 4096K, 2 young (8192K), 2 survivors (8192K)
 Metaspace       used 4853K, committed 5056K, reserved 1056768K
  class space    used 519K, committed 576K, reserved 1048576K
}
Event: 0.399 GC heap before
{Heap before GC invocations=3 (full 0):
 garbage-first heap   total 520192K, used 141231K [0x0000000604000000, 0x0000000800000000)
  region size 4096K, 31 young (126976K), 2 survivors (8192K)
 Metaspace       used 4897K, committed 5120K, reserved 1056768K
  class space    used 521K, committed 640K, reserved 1048576K
}
Event: 0.405 GC heap after
{Heap after GC invocations=4 (full 0):
 garbage-first heap   total 520192K, used 37731K [0x0000000604000000, 0x0000000800000000)
  region size 4096K, 4 young (16384K), 4 survivors (16384K)
 Metaspace       used 4897K, committed 5120K, reserved 1056768K
  class space    used 521K, committed 640K, reserved 1048576K
}
Event: 0.469 GC heap before
{Heap before GC invocations=4 (full 0):
 garbage-first heap   total 520192K, used 181091K [0x0000000604000000, 0x0000000800000000)
  region size 4096K, 39 young (159744K), 4 survivors (16384K)
 Metaspace       used 4980K, committed 5184K, reserved 1056768K
  class space    used 527K, committed 640K, reserved 1048576K
}
Event: 0.477 GC heap after
{Heap after GC invocations=5 (full 0):
 garbage-first heap   total 520192K, used 57230K [0x0000000604000000, 0x0000000800000000)
  region size 4096K, 5 young (20480K), 5 survivors (20480K)
 Metaspace       used 4980K, committed 5184K, reserved 1056768K
  class space    used 527K, committed 640K, reserved 1048576K
}
Event: 0.540 GC heap before
{Heap before GC invocations=5 (full 0):
 garbage-first heap   total 520192K, used 212878K [0x0000000604000000, 0x0000000800000000)
  region size 4096K, 43 young (176128K), 5 survivors (20480K)
 Metaspace       used 5009K, committed 5248K, reserved 1056768K
  class space    used 530K, committed 640K, reserved 1048576K
}
Event: 0.549 GC heap after
{Heap after GC invocations=6 (full 0):
 garbage-first heap   total 1007616K, used 75970K [0x0000000604000000, 0x0000000800000000)
  region size 4096K, 6 young (24576K), 6 survivors (24576K)
 Metaspace       used 5009K, committed 5248K, reserved 1056768K
  class space    used 530K, committed 640K, reserved 1048576K
}
Event: 0.672 GC heap before
{Heap before GC invocations=6 (full 0):
 garbage-first heap   total 1007616K, used 280770K [0x0000000604000000, 0x0000000800000000)
  region size 4096K, 56 young (229376K), 6 survivors (24576K)
 Metaspace       used 5124K, committed 5312K, reserved 1056768K
  class space    used 533K, committed 640K, reserved 1048576K
}
Event: 0.681 GC heap after
{Heap after GC invocations=7 (full 0):
 garbage-first heap   total 1007616K, used 102547K [0x0000000604000000, 0x0000000800000000)
  region size 4096K, 7 young (28672K), 7 survivors (28672K)
 Metaspace       used 5124K, committed 5312K, reserved 1056768K
  class space    used 533K, committed 640K, reserved 1048576K
}
Event: 0.945 GC heap before
{Heap before GC invocations=7 (full 0):
 garbage-first heap   total 1007616K, used 446611K [0x0000000604000000, 0x0000000800000000)
  region size 4096K, 91 young (372736K), 7 survivors (28672K)
 Metaspace       used 5244K, committed 5504K, reserved 1056768K
  class space    used 539K, committed 704K, reserved 1048576K
}
Event: 0.956 GC heap after
{Heap after GC invocations=8 (full 0):
 garbage-first heap   total 1007616K, used 136648K [0x0000000604000000, 0x0000000800000000)
  region size 4096K, 12 young (49152K), 12 survivors (49152K)
 Metaspace       used 5244K, committed 5504K, reserved 1056768K
  class space    used 539K, committed 704K, reserved 1048576K
}
Event: 1.200 GC heap before
{Heap before GC invocations=8 (full 0):
 garbage-first heap   total 1007616K, used 431560K [0x0000000604000000, 0x0000000800000000)
  region size 4096K, 84 young (344064K), 12 survivors (49152K)
 Metaspace       used 6221K, committed 6528K, reserved 1056768K
  class space    used 633K, committed 768K, reserved 1048576K
}
Event: 1.213 GC heap after
{Heap after GC invocations=9 (full 0):
 garbage-first heap   total 1007616K, used 172030K [0x0000000604000000, 0x0000000800000000)
  region size 4096K, 9 young (36864K), 9 survivors (36864K)
 Metaspace       used 6221K, committed 6528K, reserved 1056768K
  class space    used 633K, committed 768K, reserved 1048576K
}
Event: 1.511 GC heap before
{Heap before GC invocations=9 (full 0):
 garbage-first heap   total 1007616K, used 569342K [0x0000000604000000, 0x0000000800000000)
  region size 4096K, 106 young (434176K), 9 survivors (36864K)
 Metaspace       used 8177K, committed 8512K, reserved 1056768K
  class space    used 830K, committed 1024K, reserved 1048576K
}

Deoptimization events (20 events):
Event: 1.503 Thread 0x00000190037c95e0 Uncommon trap: trap_request=0xffffff45 fr.pc=0x0000019012c3a0a0 relative=0x00000000000009c0
Event: 1.503 Thread 0x00000190037c95e0 Uncommon trap: reason=unstable_if action=reinterpret pc=0x0000019012c3a0a0 method=java.util.HashMap.resize()[Ljava/util/HashMap$Node; @ 203 c2
Event: 1.503 Thread 0x00000190037c95e0 DEOPT PACKING pc=0x0000019012c3a0a0 sp=0x0000006c38dfef60
Event: 1.503 Thread 0x00000190037c95e0 DEOPT UNPACKING pc=0x000001900b0723a3 sp=0x0000006c38dfef08 mode 2
Event: 1.503 Thread 0x00000190037c95e0 Uncommon trap: trap_request=0xffffff45 fr.pc=0x0000019012c3c974 relative=0x0000000000000694
Event: 1.504 Thread 0x00000190037c95e0 Uncommon trap: reason=unstable_if action=reinterpret pc=0x0000019012c3c974 method=java.util.HashMap.getNode(Ljava/lang/Object;)Ljava/util/HashMap$Node; @ 85 c2
Event: 1.504 Thread 0x00000190037c95e0 DEOPT PACKING pc=0x0000019012c3c974 sp=0x0000006c38dff0e0
Event: 1.504 Thread 0x00000190037c95e0 DEOPT UNPACKING pc=0x000001900b0723a3 sp=0x0000006c38dfefb0 mode 2
Event: 1.504 Thread 0x00000190037c95e0 Uncommon trap: trap_request=0xffffff45 fr.pc=0x0000019012cbec3c relative=0x000000000000021c
Event: 1.504 Thread 0x00000190037c95e0 Uncommon trap: reason=unstable_if action=reinterpret pc=0x0000019012cbec3c method=java.util.HashMap.getNode(Ljava/lang/Object;)Ljava/util/HashMap$Node; @ 85 c2
Event: 1.504 Thread 0x00000190037c95e0 DEOPT PACKING pc=0x0000019012cbec3c sp=0x0000006c38dff090
Event: 1.504 Thread 0x00000190037c95e0 DEOPT UNPACKING pc=0x000001900b0723a3 sp=0x0000006c38dfefa0 mode 2
Event: 1.504 Thread 0x00000190037c95e0 Uncommon trap: trap_request=0xffffff45 fr.pc=0x0000019012ce5bb8 relative=0x0000000000000218
Event: 1.504 Thread 0x00000190037c95e0 Uncommon trap: reason=unstable_if action=reinterpret pc=0x0000019012ce5bb8 method=java.util.HashMap.getNode(Ljava/lang/Object;)Ljava/util/HashMap$Node; @ 85 c2
Event: 1.504 Thread 0x00000190037c95e0 DEOPT PACKING pc=0x0000019012ce5bb8 sp=0x0000006c38dfeff0
Event: 1.504 Thread 0x00000190037c95e0 DEOPT UNPACKING pc=0x000001900b0723a3 sp=0x0000006c38dfef70 mode 2
Event: 1.504 Thread 0x00000190037c95e0 Uncommon trap: trap_request=0xffffff45 fr.pc=0x0000019012da9500 relative=0x0000000000000860
Event: 1.504 Thread 0x00000190037c95e0 Uncommon trap: reason=unstable_if action=reinterpret pc=0x0000019012da9500 method=java.util.HashMap.getNode(Ljava/lang/Object;)Ljava/util/HashMap$Node; @ 85 c2
Event: 1.504 Thread 0x00000190037c95e0 DEOPT PACKING pc=0x0000019012da9500 sp=0x0000006c38dff0e0
Event: 1.504 Thread 0x00000190037c95e0 DEOPT UNPACKING pc=0x000001900b0723a3 sp=0x0000006c38dfefa8 mode 2

Classes unloaded (0 events):
No events

Classes redefined (0 events):
No events

Internal exceptions (20 events):
Event: 1.297 Thread 0x00000190037c95e0 Exception <a 'java/lang/NullPointerException'{0x0000000632b1db70}> (0x0000000632b1db70) 
thrown [t:\workspace\open\src\hotspot\share\runtime\sharedRuntime.cpp, line 628]
Event: 1.297 Thread 0x00000190037c95e0 Implicit null exception at 0x000001900bca45b6 to 0x000001900bcacd6c
Event: 1.297 Thread 0x00000190037c95e0 Exception <a 'java/lang/NullPointerException'{0x0000000632b1dea8}> (0x0000000632b1dea8) 
thrown [t:\workspace\open\src\hotspot\share\runtime\sharedRuntime.cpp, line 628]
Event: 1.297 Thread 0x00000190037c95e0 Implicit null exception at 0x000001900bca45b6 to 0x000001900bcacd6c
Event: 1.297 Thread 0x00000190037c95e0 Exception <a 'java/lang/NullPointerException'{0x0000000632b1e1e0}> (0x0000000632b1e1e0) 
thrown [t:\workspace\open\src\hotspot\share\runtime\sharedRuntime.cpp, line 628]
Event: 1.297 Thread 0x00000190037c95e0 Implicit null exception at 0x000001900bca45b6 to 0x000001900bcacd6c
Event: 1.297 Thread 0x00000190037c95e0 Exception <a 'java/lang/NullPointerException'{0x0000000632b1e518}> (0x0000000632b1e518) 
thrown [t:\workspace\open\src\hotspot\share\runtime\sharedRuntime.cpp, line 628]
Event: 1.298 Thread 0x00000190037c95e0 Implicit null exception at 0x000001900bca45b6 to 0x000001900bcacd6c
Event: 1.298 Thread 0x00000190037c95e0 Exception <a 'java/lang/NullPointerException'{0x0000000632775e80}> (0x0000000632775e80) 
thrown [t:\workspace\open\src\hotspot\share\runtime\sharedRuntime.cpp, line 628]
Event: 1.298 Thread 0x00000190037c95e0 Implicit null exception at 0x000001900bca45b6 to 0x000001900bcacd6c
Event: 1.298 Thread 0x00000190037c95e0 Exception <a 'java/lang/NullPointerException'{0x00000006327761b8}> (0x00000006327761b8) 
thrown [t:\workspace\open\src\hotspot\share\runtime\sharedRuntime.cpp, line 628]
Event: 1.319 Thread 0x00000190037c95e0 Exception <a 'java/lang/ArrayIndexOutOfBoundsException'{0x0000000631c1a7b0}: Index 1 out of bounds for length 1> (0x0000000631c1a7b0) 
thrown [t:\workspace\open\src\hotspot\share\interpreter\interpreterRuntime.cpp, line 428]
Event: 1.322 Thread 0x00000190037c95e0 Exception <a 'java/lang/ArrayIndexOutOfBoundsException'{0x0000000631d59e30}: Index 1 out of bounds for length 1> (0x0000000631d59e30) 
thrown [t:\workspace\open\src\hotspot\share\interpreter\interpreterRuntime.cpp, line 428]
Event: 1.322 Thread 0x00000190037c95e0 Exception <a 'java/lang/ArrayIndexOutOfBoundsException'{0x0000000631dfc968}: Index 1 out of bounds for length 1> (0x0000000631dfc968) 
thrown [t:\workspace\open\src\hotspot\share\interpreter\interpreterRuntime.cpp, line 428]
Event: 1.332 Thread 0x00000190037c95e0 Exception <a 'java/lang/ArrayIndexOutOfBoundsException'{0x00000006316705d0}: Index 1 out of bounds for length 1> (0x00000006316705d0) 
thrown [t:\workspace\open\src\hotspot\share\interpreter\interpreterRuntime.cpp, line 428]
Event: 1.333 Thread 0x00000190037c95e0 Exception <a 'java/lang/ArrayIndexOutOfBoundsException'{0x0000000631761b90}: Index 1 out of bounds for length 1> (0x0000000631761b90) 
thrown [t:\workspace\open\src\hotspot\share\interpreter\interpreterRuntime.cpp, line 428]
Event: 1.334 Thread 0x00000190037c95e0 Exception <a 'java/lang/ArrayIndexOutOfBoundsException'{0x000000063104dba0}: Index 1 out of bounds for length 1> (0x000000063104dba0) 
thrown [t:\workspace\open\src\hotspot\share\interpreter\interpreterRuntime.cpp, line 428]
Event: 1.354 Thread 0x00000190037c95e0 Exception <a 'java/lang/NoSuchMethodError'{0x0000000630c7a188}: 'int java.lang.invoke.DirectMethodHandle$Holder.invokeVirtual(java.lang.Object, java.lang.Object, java.lang.Object)'> (0x0000000630c7a188) 
thrown [t:\workspace\open\src\hotspot\share\interpreter\linkResolver.cpp, line 766]
Event: 1.366 Thread 0x00000190037c95e0 Exception <a 'java/lang/NoSuchMethodError'{0x0000000630dafe10}: 'void java.lang.invoke.DirectMethodHandle$Holder.invokeSpecial(java.lang.Object, java.lang.Object, java.lang.Object, java.lang.Object, java.lang.Object)'> (0x0000000630dafe10) 
thrown [t:\workspace\open\src\hotspot\share\interpreter\linkResolver.cpp, line 766]
Event: 1.366 Thread 0x00000190037c95e0 Exception <a 'java/lang/NoSuchMethodError'{0x0000000630dc20c0}: 'void java.lang.invoke.DirectMethodHandle$Holder.invokeStatic(java.lang.Object, java.lang.Object, java.lang.Object)'> (0x0000000630dc20c0) 
thrown [t:\workspace\open\src\hotspot\share\interpreter\linkResolver.cpp, line 766]

VM Operations (20 events):
Event: 1.116 Executing VM operation: HandshakeAllThreads done
Event: 1.200 Executing VM operation: G1CollectForAllocation
Event: 1.213 Executing VM operation: G1CollectForAllocation done
Event: 1.304 Executing VM operation: HandshakeAllThreads
Event: 1.304 Executing VM operation: HandshakeAllThreads done
Event: 1.332 Executing VM operation: HandshakeAllThreads
Event: 1.332 Executing VM operation: HandshakeAllThreads done
Event: 1.338 Executing VM operation: HandshakeAllThreads
Event: 1.338 Executing VM operation: HandshakeAllThreads done
Event: 1.338 Executing VM operation: HandshakeAllThreads
Event: 1.338 Executing VM operation: HandshakeAllThreads done
Event: 1.341 Executing VM operation: HandshakeAllThreads
Event: 1.341 Executing VM operation: HandshakeAllThreads done
Event: 1.353 Executing VM operation: HandshakeAllThreads
Event: 1.353 Executing VM operation: HandshakeAllThreads done
Event: 1.372 Executing VM operation: HandshakeAllThreads
Event: 1.372 Executing VM operation: HandshakeAllThreads done
Event: 1.406 Executing VM operation: ICBufferFull
Event: 1.406 Executing VM operation: ICBufferFull done
Event: 1.508 Executing VM operation: G1CollectForAllocation

Events (20 events):
Event: 1.343 Thread 0x0000019031097b60 flushing nmethod 0x000001900bcec290
Event: 1.343 Thread 0x0000019031097b60 flushing nmethod 0x000001900bcecc90
Event: 1.343 Thread 0x0000019031097b60 flushing nmethod 0x000001900bced190
Event: 1.343 loading class jdk/internal/reflect/UnsafeObjectFieldAccessorImpl
Event: 1.343 loading class jdk/internal/reflect/UnsafeObjectFieldAccessorImpl done
Event: 1.343 loading class jdk/internal/reflect/UnsafeIntegerFieldAccessorImpl
Event: 1.343 loading class jdk/internal/reflect/UnsafeIntegerFieldAccessorImpl done
Event: 1.344 loading class java/io/FileOutputStream$1
Event: 1.345 loading class java/io/FileOutputStream$1 done
Event: 1.353 loading class java/util/ArrayList$ListItr
Event: 1.353 loading class java/util/ArrayList$ListItr done
Event: 1.367 loading class java/util/ConcurrentModificationException
Event: 1.367 loading class java/util/ConcurrentModificationException done
Event: 1.372 loading class java/util/stream/ReduceOps$9
Event: 1.372 loading class java/util/stream/ReduceOps$9 done
Event: 1.372 loading class java/util/stream/ReduceOps$CountingSink$OfInt
Event: 1.372 loading class java/util/stream/ReduceOps$CountingSink
Event: 1.372 loading class java/util/stream/ReduceOps$CountingSink done
Event: 1.372 loading class java/util/stream/ReduceOps$CountingSink$OfInt done
Event: 1.500 Thread 0x000001903571d310 Thread added: 0x000001903571d310


Dynamic libraries:
0x00007ff67f1d0000 - 0x00007ff67f1e0000 	C:\Program Files\Java\jdk-17.0.2\bin\java.exe
0x00007ffa66820000 - 0x00007ffa66a29000 	C:\Windows\SYSTEM32\ntdll.dll
0x00007ffa65410000 - 0x00007ffa654cd000 	C:\Windows\System32\KERNEL32.DLL
0x00007ffa63f20000 - 0x00007ffa64294000 	C:\Windows\System32\KERNELBASE.dll
0x00007ffa64390000 - 0x00007ffa644a1000 	C:\Windows\System32\ucrtbase.dll
0x00007ffa48080000 - 0x00007ffa48098000 	C:\Program Files\Java\jdk-17.0.2\bin\jli.dll
0x00007ffa47fb0000 - 0x00007ffa47fca000 	C:\Program Files\Java\jdk-17.0.2\bin\VCRUNTIME140.dll
0x00007ffa64e60000 - 0x00007ffa64f0e000 	C:\Windows\System32\ADVAPI32.dll
0x00007ffa65660000 - 0x00007ffa65703000 	C:\Windows\System32\msvcrt.dll
0x00007ffa64f20000 - 0x00007ffa64fbe000 	C:\Windows\System32\sechost.dll
0x00007ffa646c0000 - 0x00007ffa647e0000 	C:\Windows\System32\RPCRT4.dll
0x00007ffa66510000 - 0x00007ffa666bc000 	C:\Windows\System32\USER32.dll
0x00007ffa64360000 - 0x00007ffa64386000 	C:\Windows\System32\win32u.dll
0x00007ffa51ec0000 - 0x00007ffa52165000 	C:\Windows\WinSxS\amd64_microsoft.windows.common-controls_6595b64144ccf1df_6.0.22000.120_none_9d947278b86cc467\COMCTL32.dll
0x00007ffa65580000 - 0x00007ffa655a9000 	C:\Windows\System32\GDI32.dll
0x00007ffa63d10000 - 0x00007ffa63e22000 	C:\Windows\System32\gdi32full.dll
0x00007ffa644b0000 - 0x00007ffa6454d000 	C:\Windows\System32\msvcp_win.dll
0x00007ffa5a990000 - 0x00007ffa5a99a000 	C:\Windows\SYSTEM32\VERSION.dll
0x00007ffa653d0000 - 0x00007ffa65401000 	C:\Windows\System32\IMM32.DLL
0x00007ffa60a40000 - 0x00007ffa60a4c000 	C:\Program Files\Java\jdk-17.0.2\bin\vcruntime140_1.dll
0x00007ffa25a30000 - 0x00007ffa25abd000 	C:\Program Files\Java\jdk-17.0.2\bin\msvcp140.dll
0x00007ffa17e30000 - 0x00007ffa189f1000 	C:\Program Files\Java\jdk-17.0.2\bin\server\jvm.dll
0x00007ffa65650000 - 0x00007ffa65658000 	C:\Windows\System32\PSAPI.DLL
0x00007ffa49d20000 - 0x00007ffa49d29000 	C:\Windows\SYSTEM32\WSOCK32.dll
0x00007ffa59e50000 - 0x00007ffa59e83000 	C:\Windows\SYSTEM32\WINMM.dll
0x00007ffa657c0000 - 0x00007ffa6582f000 	C:\Windows\System32\WS2_32.dll
0x00007ffa62ec0000 - 0x00007ffa62ed8000 	C:\Windows\SYSTEM32\kernel.appcore.dll
0x00007ffa60550000 - 0x00007ffa6055a000 	C:\Program Files\Java\jdk-17.0.2\bin\jimage.dll
0x00007ffa52f20000 - 0x00007ffa53141000 	C:\Windows\SYSTEM32\DBGHELP.DLL
0x00007ffa4db40000 - 0x00007ffa4db71000 	C:\Windows\SYSTEM32\dbgcore.DLL
0x00007ffa63ea0000 - 0x00007ffa63f1f000 	C:\Windows\System32\bcryptPrimitives.dll
0x00007ffa41080000 - 0x00007ffa410a5000 	C:\Program Files\Java\jdk-17.0.2\bin\java.dll
0x00007ffa25870000 - 0x00007ffa25946000 	C:\Program Files\Java\jdk-17.0.2\bin\jsvml.dll
0x00007ffa65ca0000 - 0x00007ffa6644f000 	C:\Windows\System32\SHELL32.dll
0x00007ffa61e50000 - 0x00007ffa626b8000 	C:\Windows\SYSTEM32\windows.storage.dll
0x00007ffa65920000 - 0x00007ffa65c98000 	C:\Windows\System32\combase.dll
0x00007ffa61ce0000 - 0x00007ffa61e46000 	C:\Windows\SYSTEM32\wintypes.dll
0x00007ffa651e0000 - 0x00007ffa652ca000 	C:\Windows\System32\SHCORE.dll
0x00007ffa66450000 - 0x00007ffa664ad000 	C:\Windows\System32\shlwapi.dll
0x00007ffa63c40000 - 0x00007ffa63c61000 	C:\Windows\SYSTEM32\profapi.dll
0x00007ffa41060000 - 0x00007ffa41079000 	C:\Program Files\Java\jdk-17.0.2\bin\net.dll
0x00007ffa5dd60000 - 0x00007ffa5de6c000 	C:\Windows\SYSTEM32\WINHTTP.dll
0x00007ffa632e0000 - 0x00007ffa63347000 	C:\Windows\system32\mswsock.dll
0x00007ffa3a6e0000 - 0x00007ffa3a6f6000 	C:\Program Files\Java\jdk-17.0.2\bin\nio.dll
0x00007ffa3a1a0000 - 0x00007ffa3a1b8000 	C:\Program Files\Java\jdk-17.0.2\bin\zip.dll
0x00007ffa4e9b0000 - 0x00007ffa4e9c0000 	C:\Program Files\Java\jdk-17.0.2\bin\verify.dll

dbghelp: loaded successfully - version: 4.0.5 - missing functions: none
symbol engine: initialized successfully - sym options: 0x614 - pdb path: .;C:\Program Files\Java\jdk-17.0.2\bin;C:\Windows\SYSTEM32;C:\Windows\WinSxS\amd64_microsoft.windows.common-controls_6595b64144ccf1df_6.0.22000.120_none_9d947278b86cc467;C:\Program Files\Java\jdk-17.0.2\bin\server

VM Arguments:
jvm_args: -Dfile.encoding=windows-1252 -Duser.country=US -Duser.language=en -Duser.variant 
java_command: com.openosrs.injector.Injector
java_class_path (initial): C:\repo\meteor-api\injector\build\classes\java\main;C:\repo\meteor-api\injector\build\resources\main;C:\Users\Tyler\.gradle\caches\7.4.2\generated-gradle-jars\gradle-api-7.4.2.jar;C:\Users\Tyler\.gradle\wrapper\dists\gradle-7.4.2-bin\48ivgl02cpt2ed3fh9dbalvx8\gradle-7.4.2\lib\groovy-3.0.9.jar;C:\Users\Tyler\.gradle\wrapper\dists\gradle-7.4.2-bin\48ivgl02cpt2ed3fh9dbalvx8\gradle-7.4.2\lib\groovy-ant-3.0.9.jar;C:\Users\Tyler\.gradle\wrapper\dists\gradle-7.4.2-bin\48ivgl02cpt2ed3fh9dbalvx8\gradle-7.4.2\lib\groovy-astbuilder-3.0.9.jar;C:\Users\Tyler\.gradle\wrapper\dists\gradle-7.4.2-bin\48ivgl02cpt2ed3fh9dbalvx8\gradle-7.4.2\lib\groovy-console-3.0.9.jar;C:\Users\Tyler\.gradle\wrapper\dists\gradle-7.4.2-bin\48ivgl02cpt2ed3fh9dbalvx8\gradle-7.4.2\lib\groovy-datetime-3.0.9.jar;C:\Users\Tyler\.gradle\wrapper\dists\gradle-7.4.2-bin\48ivgl02cpt2ed3fh9dbalvx8\gradle-7.4.2\lib\groovy-dateutil-3.0.9.jar;C:\Users\Tyler\.gradle\wrapper\dists\gradle-7.4.2-bin\48ivgl02cpt2ed3fh9dbalvx8\gradle-7.4.2\lib\groovy-groovydoc-3.0.9.jar;C:\Users\Tyler\.gradle\wrapper\dists\gradle-7.4.2-bin\48ivgl02cpt2ed3fh9dbalvx8\gradle-7.4.2\lib\groovy-json-3.0.9.jar;C:\Users\Tyler\.gradle\wrapper\dists\gradle-7.4.2-bin\48ivgl02cpt2ed3fh9dbalvx8\gradle-7.4.2\lib\groovy-nio-3.0.9.jar;C:\Users\Tyler\.gradle\wrapper\dists\gradle-7.4.2-bin\48ivgl02cpt2ed3fh9dbalvx8\gradle-7.4.2\lib\groovy-sql-3.0.9.jar;C:\Users\Tyler\.gradle\wrapper\dists\gradle-7.4.2-bin\48ivgl02cpt2ed3fh9dbalvx8\gradle-7.4.2\lib\groovy-templates-3.0.9.jar;C:\Users\Tyler\.gradle\wrapper\dists\gradle-7.4.2-bin\48ivgl02cpt2ed3fh9dbalvx8\gradle-7.4.2\lib\groovy-test-3.0.9.jar;C:\Users\Tyler\.gradle\wrapper\dists\gradle-7.4.2-bin\48ivgl02cpt2ed3fh9dbalvx8\gradle-7.4.2\lib\groovy-xml-3.0.9.jar;C:\Users\Tyler\.gradle\wrapper\dists\gradle-7.4.2-bin\48ivgl02cpt2ed3fh9dbalvx8\gradle-7.4.2\lib\javaparser-core-3.17.0.jar;C:\Users\Tyler\.gradle\wrapper\dists\gradle-7.4.2-bin\48ivgl02cpt2ed3fh9dbalvx8\gradle-7.4.2\lib\kotli
Launcher Type: SUN_STANDARD

[Global flags]
     intx CICompilerCount                          = 12                                        {product} {ergonomic}
     uint ConcGCThreads                            = 5                                         {product} {ergonomic}
     uint G1ConcRefinementThreads                  = 18                                        {product} {ergonomic}
   size_t G1HeapRegionSize                         = 4194304                                   {product} {ergonomic}
    uintx GCDrainStackTargetSize                   = 64                                        {product} {ergonomic}
   size_t InitialHeapSize                          = 532676608                                 {product} {ergonomic}
   size_t MarkStackSize                            = 4194304                                   {product} {ergonomic}
   size_t MaxHeapSize                              = 8522825728                                {product} {ergonomic}
   size_t MaxNewSize                               = 5112856576                                {product} {ergonomic}
   size_t MinHeapDeltaBytes                        = 4194304                                   {product} {ergonomic}
   size_t MinHeapSize                              = 8388608                                   {product} {ergonomic}
    uintx NonNMethodCodeHeapSize                   = 7602480                                {pd product} {ergonomic}
    uintx NonProfiledCodeHeapSize                  = 122027880                              {pd product} {ergonomic}
    uintx ProfiledCodeHeapSize                     = 122027880                              {pd product} {ergonomic}
    uintx ReservedCodeCacheSize                    = 251658240                              {pd product} {ergonomic}
     bool SegmentedCodeCache                       = true                                      {product} {ergonomic}
   size_t SoftMaxHeapSize                          = 8522825728                             {manageable} {ergonomic}
     bool UseCompressedClassPointers               = true                           {product lp64_product} {ergonomic}
     bool UseCompressedOops                        = true                           {product lp64_product} {ergonomic}
     bool UseG1GC                                  = true                                      {product} {ergonomic}
     bool UseLargePagesIndividualAllocation        = false                                  {pd product} {ergonomic}

Logging:
Log output configuration:
 #0: stdout all=warning uptime,level,tags
 #1: stderr all=off uptime,level,tags

Environment Variables:
PATH=C:\Program Files\Common Files\Oracle\Java\javapath;C:\Program Files (x86)\VMware\VMware Workstation\bin\;C:\Program Files\Java\jdk-17.0.2\bin;C:\Program Files (x86)\Razer Chroma SDK\bin;C:\Program Files\Razer Chroma SDK\bin;C:\Program Files (x86)\Razer\ChromaBroadcast\bin;C:\Program Files\Razer\ChromaBroadcast\bin;C:\Windows\system32;C:\Windows;C:\Windows\System32\Wbem;C:\Windows\System32\WindowsPowerShell\v1.0\;C:\Windows\System32\OpenSSH\;C:\Program Files\NVIDIA Corporation\NVIDIA NvDLISR;C:\Program Files (x86)\NVIDIA Corporation\PhysX\Common;C:\Program Files\dotnet\;C:\Program Files\Git\cmd;C:\Windows\system32\config\systemprofile\AppData\Local\Microsoft\WindowsApps;C:\Program Files\LLVM\bin;C:\Program Files (x86)\Windows Kits\10\Windows Performance Toolkit\;C:\Users\Tyler\AppData\Local\Microsoft\WindowsApps;
USERNAME=Tyler
OS=Windows_NT
PROCESSOR_IDENTIFIER=Intel64 Family 6 Model 151 Stepping 2, GenuineIntel



---------------  S Y S T E M  ---------------

OS:
 Windows 11 , 64 bit Build 22000 (10.0.22000.613)
OS uptime: 0 days 15:29 hours
Hyper-V role detected

CPU: total 24 (initial active 24) (12 cores per cpu, 2 threads per core) family 6 model 151 stepping 2 microcode 0xf, cx8, cmov, fxsr, ht, mmx, 3dnowpref, sse, sse2, sse3, ssse3, sse4.1, sse4.2, popcnt, lzcnt, tsc, tscinvbit, avx, avx2, aes, erms, clmul, bmi1, bmi2, adx, sha, fma, vzeroupper, clflush, clflushopt, clwb, hv

Memory: 4k page, system-wide physical 32509M (6092M free)
TotalPageFile size 32509M (AvailPageFile size 415M)
current process WorkingSet (physical memory assigned to process): 942M, peak: 942M
current process commit charge ("private bytes"): 1200M, peak: 1860M

vm_info: Java HotSpot(TM) 64-Bit Server VM (17.0.2+8-LTS-86) for windows-amd64 JRE (17.0.2+8-LTS-86), built on Dec  7 2021 21:51:03 by "mach5one" with MS VC++ 16.8 / 16.9 (VS2019)

END.
