#
# There is insufficient memory for the Java Runtime Environment to continue.
# Native memory allocation (mmap) failed to map 2445279232 bytes for G1 virtual space
# Possible reasons:
#   The system is out of physical RAM or swap space
#   The process is running with CompressedOops enabled, and the Java Heap may be blocking the growth of the native heap
# Possible solutions:
#   Reduce memory load on the system
#   Increase physical memory or swap space
#   Check if swap backing store is full
#   Decrease Java heap size (-Xmx/-Xms)
#   Decrease number of Java threads
#   Decrease Java thread stack sizes (-Xss)
#   Set larger code cache with -XX:ReservedCodeCacheSize=
#   JVM is running with Zero Based Compressed Oops mode in which the Java heap is
#     placed in the first 32GB address space. The Java Heap base address is the
#     maximum limit for the native heap growth. Please use -XX:HeapBaseMinAddress
#     to set the Java Heap base and to place the Java Heap above 32GB virtual address.
# This output file may be truncated or incomplete.
#
#  Out of Memory Error (os_windows.cpp:3532), pid=5004, tid=14772
#
# JRE version: Java(TM) SE Runtime Environment (17.0.2+8) (build 17.0.2+8-LTS-86)
# Java VM: Java HotSpot(TM) 64-Bit Server VM (17.0.2+8-LTS-86, mixed mode, sharing, tiered, compressed oops, compressed class ptrs, g1 gc, windows-amd64)
# No core dump will be written. Minidumps are not enabled by default on client versions of Windows
#

---------------  S U M M A R Y ------------

Command Line: -Dfile.encoding=windows-1252 -Duser.country=US -Duser.language=en -Duser.variant com.openosrs.injector.Injector

Host: 12th Gen Intel(R) Core(TM) i9-12900K, 24 cores, 31G,  Windows 11 , 64 bit Build 22000 (10.0.22000.613)
Time: Fri Apr 29 04:58:37 2022 US Eastern Daylight Time elapsed time: 3.538508 seconds (0d 0h 0m 3s)

---------------  T H R E A D  ---------------

Current thread (0x00000261eaf70860):  VMThread "VM Thread" [stack: 0x000000c387600000,0x000000c387700000] [id=14772]

Stack: [0x000000c387600000,0x000000c387700000]
Native frames: (J=compiled Java code, j=interpreted, Vv=VM code, C=native code)
V  [jvm.dll+0x670baa]
V  [jvm.dll+0x7cfcb4]
V  [jvm.dll+0x7d145e]
V  [jvm.dll+0x7d1ac3]
V  [jvm.dll+0x242bc5]
V  [jvm.dll+0x66dac9]
V  [jvm.dll+0x662412]
V  [jvm.dll+0x300c0b]
V  [jvm.dll+0x3081a6]
V  [jvm.dll+0x357d0e]
V  [jvm.dll+0x357f3f]
V  [jvm.dll+0x2d7ec8]
V  [jvm.dll+0x2d6194]
V  [jvm.dll+0x2d579c]
V  [jvm.dll+0x3190eb]
V  [jvm.dll+0x7d5f9b]
V  [jvm.dll+0x7d6cd4]
V  [jvm.dll+0x7d71ec]
V  [jvm.dll+0x7d75c4]
V  [jvm.dll+0x7d7690]
V  [jvm.dll+0x77ff7a]
V  [jvm.dll+0x66fa35]
C  [ucrtbase.dll+0x26c0c]
C  [KERNEL32.DLL+0x154e0]
C  [ntdll.dll+0x485b]

VM_Operation (0x000000c3870feb60): G1CollectForAllocation, mode: safepoint, requested by thread 0x00000261bd9ea980


---------------  P R O C E S S  ---------------

Threads class SMR info:
_java_thread_list=0x00000261f0e48aa0, length=22, elements={
0x00000261bd9ea980, 0x00000261eaf75460, 0x00000261eaf762d0, 0x00000261eaf8ff10,
0x00000261eaf918d0, 0x00000261eaf92280, 0x00000261eaf92c30, 0x00000261eaf939c0,
0x00000261eaf94460, 0x00000261eaf97d80, 0x00000261eb588b90, 0x00000261eb58d0c0,
0x00000261eb58f000, 0x00000261eb5dd340, 0x00000261eb5f7ae0, 0x00000261eb637c90,
0x00000261ec777c10, 0x00000261eee98e20, 0x00000261eee9b6a0, 0x00000261eee99840,
0x00000261eee9a770, 0x00000261eee9b190
}

Java Threads: ( => current thread )
  0x00000261bd9ea980 JavaThread "main" [_thread_blocked, id=28584, stack(0x000000c387000000,0x000000c387100000)]
  0x00000261eaf75460 JavaThread "Reference Handler" daemon [_thread_blocked, id=14200, stack(0x000000c387700000,0x000000c387800000)]
  0x00000261eaf762d0 JavaThread "Finalizer" daemon [_thread_blocked, id=28864, stack(0x000000c387800000,0x000000c387900000)]
  0x00000261eaf8ff10 JavaThread "Signal Dispatcher" daemon [_thread_blocked, id=19444, stack(0x000000c387900000,0x000000c387a00000)]
  0x00000261eaf918d0 JavaThread "Attach Listener" daemon [_thread_blocked, id=8000, stack(0x000000c387a00000,0x000000c387b00000)]
  0x00000261eaf92280 JavaThread "Service Thread" daemon [_thread_blocked, id=27936, stack(0x000000c387b00000,0x000000c387c00000)]
  0x00000261eaf92c30 JavaThread "Monitor Deflation Thread" daemon [_thread_blocked, id=8768, stack(0x000000c387c00000,0x000000c387d00000)]
  0x00000261eaf939c0 JavaThread "C2 CompilerThread0" daemon [_thread_blocked, id=10628, stack(0x000000c387d00000,0x000000c387e00000)]
  0x00000261eaf94460 JavaThread "C1 CompilerThread0" daemon [_thread_blocked, id=11508, stack(0x000000c387e00000,0x000000c387f00000)]
  0x00000261eaf97d80 JavaThread "Sweeper thread" daemon [_thread_blocked, id=9520, stack(0x000000c387f00000,0x000000c388000000)]
  0x00000261eb588b90 JavaThread "C1 CompilerThread1" daemon [_thread_blocked, id=28020, stack(0x000000c388000000,0x000000c388100000)]
  0x00000261eb58d0c0 JavaThread "C1 CompilerThread2" daemon [_thread_blocked, id=22320, stack(0x000000c388100000,0x000000c388200000)]
  0x00000261eb58f000 JavaThread "C1 CompilerThread3" daemon [_thread_blocked, id=12704, stack(0x000000c388200000,0x000000c388300000)]
  0x00000261eb5dd340 JavaThread "Notification Thread" daemon [_thread_blocked, id=22468, stack(0x000000c388300000,0x000000c388400000)]
  0x00000261eb5f7ae0 JavaThread "Common-Cleaner" daemon [_thread_blocked, id=13948, stack(0x000000c388500000,0x000000c388600000)]
  0x00000261eb637c90 JavaThread "C2 CompilerThread1" daemon [_thread_in_native, id=27316, stack(0x000000c388600000,0x000000c388700000)]
  0x00000261ec777c10 JavaThread "C2 CompilerThread2" daemon [_thread_in_native, id=13960, stack(0x000000c388700000,0x000000c388800000)]
  0x00000261eee98e20 JavaThread "C2 CompilerThread3" daemon [_thread_in_native, id=26480, stack(0x000000c389300000,0x000000c389400000)]
  0x00000261eee9b6a0 JavaThread "C2 CompilerThread4" daemon [_thread_in_native, id=19712, stack(0x000000c389400000,0x000000c389500000)]
  0x00000261eee99840 JavaThread "C2 CompilerThread5" daemon [_thread_blocked, id=28972, stack(0x000000c389500000,0x000000c389600000)]
  0x00000261eee9a770 JavaThread "C2 CompilerThread6" daemon [_thread_blocked, id=29448, stack(0x000000c38a900000,0x000000c38aa00000)]
  0x00000261eee9b190 JavaThread "C2 CompilerThread7" daemon [_thread_in_native, id=6124, stack(0x000000c38aa00000,0x000000c38ab00000)]

Other Threads:
=>0x00000261eaf70860 VMThread "VM Thread" [stack: 0x000000c387600000,0x000000c387700000] [id=14772]
  0x00000261bdab9010 WatcherThread [stack: 0x000000c388400000,0x000000c388500000] [id=15312]
  0x00000261bda64ee0 GCTaskThread "GC Thread#0" [stack: 0x000000c387100000,0x000000c387200000] [id=5592]
  0x00000261ecc647b0 GCTaskThread "GC Thread#1" [stack: 0x000000c388800000,0x000000c388900000] [id=12440]
  0x00000261ecba0ca0 GCTaskThread "GC Thread#2" [stack: 0x000000c388900000,0x000000c388a00000] [id=26232]
  0x00000261ecba0f50 GCTaskThread "GC Thread#3" [stack: 0x000000c388a00000,0x000000c388b00000] [id=27472]
  0x00000261ec820f00 GCTaskThread "GC Thread#4" [stack: 0x000000c388b00000,0x000000c388c00000] [id=11444]
  0x00000261ec8215c0 GCTaskThread "GC Thread#5" [stack: 0x000000c388c00000,0x000000c388d00000] [id=25952]
  0x00000261ec8f8c00 GCTaskThread "GC Thread#6" [stack: 0x000000c388d00000,0x000000c388e00000] [id=7344]
  0x00000261ec8f8eb0 GCTaskThread "GC Thread#7" [stack: 0x000000c388e00000,0x000000c388f00000] [id=936]
  0x00000261ec8f9160 GCTaskThread "GC Thread#8" [stack: 0x000000c388f00000,0x000000c389000000] [id=15776]
  0x00000261ec8f9c20 GCTaskThread "GC Thread#9" [stack: 0x000000c389000000,0x000000c389100000] [id=6800]
  0x00000261ec85cb70 GCTaskThread "GC Thread#10" [stack: 0x000000c389100000,0x000000c389200000] [id=4372]
  0x00000261ec85ce20 GCTaskThread "GC Thread#11" [stack: 0x000000c389200000,0x000000c389300000] [id=3400]
  0x00000261edbb70b0 GCTaskThread "GC Thread#12" [stack: 0x000000c38a100000,0x000000c38a200000] [id=10656]
  0x00000261edbb7e20 GCTaskThread "GC Thread#13" [stack: 0x000000c38a200000,0x000000c38a300000] [id=27148]
  0x00000261edbb78c0 GCTaskThread "GC Thread#14" [stack: 0x000000c38a300000,0x000000c38a400000] [id=7324]
  0x00000261edbb7360 GCTaskThread "GC Thread#15" [stack: 0x000000c38a400000,0x000000c38a500000] [id=15648]
  0x00000261edbb7610 GCTaskThread "GC Thread#16" [stack: 0x000000c38a500000,0x000000c38a600000] [id=3092]
  0x00000261edbb7b70 GCTaskThread "GC Thread#17" [stack: 0x000000c38a600000,0x000000c38a700000] [id=28852]
  0x00000261bda08b30 ConcurrentGCThread "G1 Main Marker" [stack: 0x000000c387200000,0x000000c387300000] [id=9376]
  0x00000261bda77410 ConcurrentGCThread "G1 Conc#0" [stack: 0x000000c387300000,0x000000c387400000] [id=4616]
  0x00000261bdabe7f0 ConcurrentGCThread "G1 Refine#0" [stack: 0x000000c387400000,0x000000c387500000] [id=2272]
  0x00000261ed5857c0 ConcurrentGCThread "G1 Refine#1" [stack: 0x000000c389600000,0x000000c389700000] [id=19404]
  0x00000261eca73f40 ConcurrentGCThread "G1 Refine#2" [stack: 0x000000c389700000,0x000000c389800000] [id=4524]
  0x00000261ed1c5200 ConcurrentGCThread "G1 Refine#3" [stack: 0x000000c389800000,0x000000c389900000] [id=10568]
  0x00000261ed8660d0 ConcurrentGCThread "G1 Refine#4" [stack: 0x000000c389900000,0x000000c389a00000] [id=5024]
  0x00000261ed6b6670 ConcurrentGCThread "G1 Refine#5" [stack: 0x000000c389a00000,0x000000c389b00000] [id=29328]
  0x00000261ee32ebf0 ConcurrentGCThread "G1 Refine#6" [stack: 0x000000c389b00000,0x000000c389c00000] [id=12996]
  0x00000261ecd84760 ConcurrentGCThread "G1 Refine#7" [stack: 0x000000c389c00000,0x000000c389d00000] [id=26880]
  0x00000261ee177a00 ConcurrentGCThread "G1 Refine#8" [stack: 0x000000c389d00000,0x000000c389e00000] [id=20864]
  0x00000261ecb6c080 ConcurrentGCThread "G1 Refine#9" [stack: 0x000000c389e00000,0x000000c389f00000] [id=12480]
  0x00000261eeddac30 ConcurrentGCThread "G1 Refine#10" [stack: 0x000000c389f00000,0x000000c38a000000] [id=24680]
  0x00000261ed2e0650 ConcurrentGCThread "G1 Refine#11" [stack: 0x000000c38a000000,0x000000c38a100000] [id=5148]
  0x00000261ede0fd20 ConcurrentGCThread "G1 Refine#12" [stack: 0x000000c38a700000,0x000000c38a800000] [id=9804]
  0x00000261ede102e0 ConcurrentGCThread "G1 Refine#13" [stack: 0x000000c38a800000,0x000000c38a900000] [id=4364]
  0x00000261f03bd6e0 ConcurrentGCThread "G1 Refine#14" [stack: 0x000000c38ab00000,0x000000c38ac00000] [id=21420]
  0x00000261f03bbfe0 ConcurrentGCThread "G1 Refine#15" [stack: 0x000000c38ac00000,0x000000c38ad00000] [id=19088]
  0x00000261f03beb00 ConcurrentGCThread "G1 Refine#16" [stack: 0x000000c38ad00000,0x000000c38ae00000] [id=26664]
  0x00000261f03bdf80 ConcurrentGCThread "G1 Refine#17" [stack: 0x000000c38ae00000,0x000000c38af00000] [id=21172]
  0x00000261eaeaed90 ConcurrentGCThread "G1 Service" [stack: 0x000000c387500000,0x000000c387600000] [id=696]

Threads with active compile tasks:
C2 CompilerThread0     3545 3980       4       org.objectweb.asm.MethodWriter::visitInsn (115 bytes)
C2 CompilerThread1     3545 4252       4       org.objectweb.asm.SymbolTable::addConstantMemberReference (147 bytes)
C2 CompilerThread2     3545 4243       4       org.objectweb.asm.tree.MethodInsnNode::accept (30 bytes)
C2 CompilerThread3     3545 4238       4       org.objectweb.asm.ClassReader::readCode (5089 bytes)
C2 CompilerThread4     3545 4289       4       org.objectweb.asm.tree.analysis.Analyzer::findSubroutine (572 bytes)
C2 CompilerThread5     3545 3979       4       org.objectweb.asm.util.CheckMethodAdapter::visitInsn (31 bytes)
C2 CompilerThread6     3545 4015       4       org.objectweb.asm.MethodWriter::visitVarInsn (302 bytes)
C2 CompilerThread7     3545 4245       4       net.runelite.asm.attributes.code.instructions.GetStatic::accept (39 bytes)

VM state: at safepoint (normal execution)

VM Mutex/Monitor currently owned by a thread:  ([mutex/lock_event])
[0x00000261bd9e6010] Threads_lock - owner thread: 0x00000261eaf70860
[0x00000261bd9e55f0] Heap_lock - owner thread: 0x00000261bd9ea980

Heap address: 0x0000000604000000, size: 8128 MB, Compressed Oops mode: Zero based, Oop shift amount: 3

CDS archive(s) mapped at: [0x0000000800000000-0x0000000800bc0000-0x0000000800bc0000), size 12320768, SharedBaseAddress: 0x0000000800000000, ArchiveRelocationMode: 0.
Compressed class space mapped at: 0x0000000800c00000-0x0000000840c00000, reserved size: 1073741824
Narrow klass base: 0x0000000800000000, Narrow klass shift: 0, Narrow klass range: 0x100000000

GC Precious Log:
 CPUs: 24 total, 24 available
 Memory: 32509M
 Large Page Support: Disabled
 NUMA Support: Disabled
 Compressed Oops: Enabled (Zero based)
 Heap Region Size: 4M
 Heap Min Capacity: 8M
 Heap Initial Capacity: 508M
 Heap Max Capacity: 8128M
 Pre-touch: Disabled
 Parallel Workers: 18
 Concurrent Workers: 5
 Concurrent Refinement Workers: 18
 Periodic GC: Disabled

Heap:
 garbage-first heap   total 1572864K, used 486855K [0x0000000604000000, 0x0000000800000000)
  region size 4096K, 11 young (45056K), 11 survivors (45056K)
 Metaspace       used 10028K, committed 10304K, reserved 1064960K
  class space    used 969K, committed 1088K, reserved 1048576K

Heap Regions: E=young(eden), S=young(survivor), O=old, HS=humongous(starts), HC=humongous(continues), CS=collection set, F=free, OA=open archive, CA=closed archive, TAMS=top-at-mark-start (previous, next)
|   0|0x0000000604000000, 0x0000000604400000, 0x0000000604400000|100%|HS|  |TAMS 0x0000000604000000, 0x0000000604000000| Complete 
|   1|0x0000000604400000, 0x0000000604800000, 0x0000000604800000|100%|HC|  |TAMS 0x0000000604400000, 0x0000000604400000| Complete 
|   2|0x0000000604800000, 0x0000000604c00000, 0x0000000604c00000|100%| O|  |TAMS 0x0000000604800000, 0x0000000604800000| Untracked 
|   3|0x0000000604c00000, 0x0000000605000000, 0x0000000605000000|100%| O|  |TAMS 0x0000000604c00000, 0x0000000604c00000| Untracked 
|   4|0x0000000605000000, 0x0000000605400000, 0x0000000605400000|100%| O|  |TAMS 0x0000000605000000, 0x0000000605000000| Untracked 
|   5|0x0000000605400000, 0x0000000605800000, 0x0000000605800000|100%| O|  |TAMS 0x0000000605400000, 0x0000000605400000| Untracked 
|   6|0x0000000605800000, 0x0000000605c00000, 0x0000000605c00000|100%| O|  |TAMS 0x0000000605800000, 0x0000000605800000| Untracked 
|   7|0x0000000605c00000, 0x0000000606000000, 0x0000000606000000|100%| O|  |TAMS 0x0000000605c00000, 0x0000000605c00000| Untracked 
|   8|0x0000000606000000, 0x0000000606400000, 0x0000000606400000|100%| O|  |TAMS 0x0000000606000000, 0x0000000606000000| Untracked 
|   9|0x0000000606400000, 0x0000000606800000, 0x0000000606800000|100%| O|  |TAMS 0x0000000606400000, 0x0000000606400000| Untracked 
|  10|0x0000000606800000, 0x0000000606c00000, 0x0000000606c00000|100%| O|  |TAMS 0x0000000606800000, 0x0000000606800000| Untracked 
|  11|0x0000000606c00000, 0x0000000607000000, 0x0000000607000000|100%| O|  |TAMS 0x0000000606c00000, 0x0000000606c00000| Untracked 
|  12|0x0000000607000000, 0x0000000607400000, 0x0000000607400000|100%| O|  |TAMS 0x0000000607000000, 0x0000000607000000| Untracked 
|  13|0x0000000607400000, 0x0000000607800000, 0x0000000607800000|100%| O|  |TAMS 0x0000000607400000, 0x0000000607400000| Untracked 
|  14|0x0000000607800000, 0x0000000607c00000, 0x0000000607c00000|100%| O|  |TAMS 0x0000000607800000, 0x0000000607800000| Untracked 
|  15|0x0000000607c00000, 0x0000000608000000, 0x0000000608000000|100%| O|  |TAMS 0x0000000607c00000, 0x0000000607c00000| Untracked 
|  16|0x0000000608000000, 0x0000000608400000, 0x0000000608400000|100%| O|  |TAMS 0x0000000608000000, 0x0000000608000000| Untracked 
|  17|0x0000000608400000, 0x0000000608800000, 0x0000000608800000|100%| O|  |TAMS 0x0000000608400000, 0x0000000608400000| Untracked 
|  18|0x0000000608800000, 0x0000000608c00000, 0x0000000608c00000|100%| O|  |TAMS 0x0000000608800000, 0x0000000608800000| Untracked 
|  19|0x0000000608c00000, 0x0000000609000000, 0x0000000609000000|100%| O|  |TAMS 0x0000000608c00000, 0x0000000608c00000| Untracked 
|  20|0x0000000609000000, 0x0000000609400000, 0x0000000609400000|100%| O|  |TAMS 0x0000000609000000, 0x0000000609000000| Untracked 
|  21|0x0000000609400000, 0x0000000609800000, 0x0000000609800000|100%| O|  |TAMS 0x0000000609400000, 0x0000000609400000| Untracked 
|  22|0x0000000609800000, 0x0000000609c00000, 0x0000000609c00000|100%| O|  |TAMS 0x0000000609800000, 0x0000000609800000| Untracked 
|  23|0x0000000609c00000, 0x000000060a000000, 0x000000060a000000|100%| O|  |TAMS 0x0000000609c00000, 0x0000000609c00000| Untracked 
|  24|0x000000060a000000, 0x000000060a400000, 0x000000060a400000|100%| O|  |TAMS 0x000000060a000000, 0x000000060a000000| Untracked 
|  25|0x000000060a400000, 0x000000060a800000, 0x000000060a800000|100%| O|  |TAMS 0x000000060a400000, 0x000000060a400000| Untracked 
|  26|0x000000060a800000, 0x000000060ac00000, 0x000000060ac00000|100%| O|  |TAMS 0x000000060a800000, 0x000000060a800000| Untracked 
|  27|0x000000060ac00000, 0x000000060b000000, 0x000000060b000000|100%| O|  |TAMS 0x000000060ac00000, 0x000000060ac00000| Untracked 
|  28|0x000000060b000000, 0x000000060b400000, 0x000000060b400000|100%| O|  |TAMS 0x000000060b000000, 0x000000060b000000| Untracked 
|  29|0x000000060b400000, 0x000000060b800000, 0x000000060b800000|100%| O|  |TAMS 0x000000060b400000, 0x000000060b400000| Untracked 
|  30|0x000000060b800000, 0x000000060bc00000, 0x000000060bc00000|100%| O|  |TAMS 0x000000060b800000, 0x000000060b800000| Untracked 
|  31|0x000000060bc00000, 0x000000060c000000, 0x000000060c000000|100%| O|  |TAMS 0x000000060bc00000, 0x000000060bc00000| Untracked 
|  32|0x000000060c000000, 0x000000060c400000, 0x000000060c400000|100%| O|  |TAMS 0x000000060c000000, 0x000000060c000000| Untracked 
|  33|0x000000060c400000, 0x000000060c800000, 0x000000060c800000|100%| O|  |TAMS 0x000000060c400000, 0x000000060c400000| Untracked 
|  34|0x000000060c800000, 0x000000060cc00000, 0x000000060cc00000|100%| O|  |TAMS 0x000000060c800000, 0x000000060c800000| Untracked 
|  35|0x000000060cc00000, 0x000000060d000000, 0x000000060d000000|100%|HS|  |TAMS 0x000000060cc00000, 0x000000060cc00000| Complete 
|  36|0x000000060d000000, 0x000000060d400000, 0x000000060d400000|100%|HS|  |TAMS 0x000000060d000000, 0x000000060d000000| Complete 
|  37|0x000000060d400000, 0x000000060d800000, 0x000000060d800000|100%|HC|  |TAMS 0x000000060d400000, 0x000000060d400000| Complete 
|  38|0x000000060d800000, 0x000000060dc00000, 0x000000060dc00000|100%| O|  |TAMS 0x000000060d800000, 0x000000060d800000| Untracked 
|  39|0x000000060dc00000, 0x000000060e000000, 0x000000060e000000|100%| O|  |TAMS 0x000000060dc00000, 0x000000060dc00000| Untracked 
|  40|0x000000060e000000, 0x000000060e400000, 0x000000060e400000|100%| O|  |TAMS 0x000000060e000000, 0x000000060e000000| Untracked 
|  41|0x000000060e400000, 0x000000060e800000, 0x000000060e800000|100%| O|  |TAMS 0x000000060e400000, 0x000000060e400000| Untracked 
|  42|0x000000060e800000, 0x000000060ec00000, 0x000000060ec00000|100%| O|  |TAMS 0x000000060e800000, 0x000000060e800000| Untracked 
|  43|0x000000060ec00000, 0x000000060f000000, 0x000000060f000000|100%| O|  |TAMS 0x000000060ec00000, 0x000000060ec00000| Untracked 
|  44|0x000000060f000000, 0x000000060f400000, 0x000000060f400000|100%| O|  |TAMS 0x000000060f000000, 0x000000060f000000| Untracked 
|  45|0x000000060f400000, 0x000000060f800000, 0x000000060f800000|100%| O|  |TAMS 0x000000060f400000, 0x000000060f400000| Untracked 
|  46|0x000000060f800000, 0x000000060fc00000, 0x000000060fc00000|100%| O|  |TAMS 0x000000060f800000, 0x000000060f800000| Untracked 
|  47|0x000000060fc00000, 0x0000000610000000, 0x0000000610000000|100%| O|  |TAMS 0x000000060fc00000, 0x000000060fc00000| Untracked 
|  48|0x0000000610000000, 0x0000000610400000, 0x0000000610400000|100%| O|  |TAMS 0x0000000610000000, 0x0000000610000000| Untracked 
|  49|0x0000000610400000, 0x0000000610800000, 0x0000000610800000|100%| O|  |TAMS 0x0000000610400000, 0x0000000610400000| Untracked 
|  50|0x0000000610800000, 0x0000000610c00000, 0x0000000610c00000|100%| O|  |TAMS 0x0000000610800000, 0x0000000610800000| Untracked 
|  51|0x0000000610c00000, 0x0000000611000000, 0x0000000611000000|100%| O|  |TAMS 0x0000000610c00000, 0x0000000610c00000| Untracked 
|  52|0x0000000611000000, 0x0000000611400000, 0x0000000611400000|100%| O|  |TAMS 0x0000000611000000, 0x0000000611000000| Untracked 
|  53|0x0000000611400000, 0x0000000611800000, 0x0000000611800000|100%| O|  |TAMS 0x0000000611400000, 0x0000000611400000| Untracked 
|  54|0x0000000611800000, 0x0000000611c00000, 0x0000000611c00000|100%| O|  |TAMS 0x0000000611800000, 0x0000000611800000| Untracked 
|  55|0x0000000611c00000, 0x0000000612000000, 0x0000000612000000|100%| O|  |TAMS 0x0000000611c00000, 0x0000000611c00000| Untracked 
|  56|0x0000000612000000, 0x0000000612400000, 0x0000000612400000|100%| O|  |TAMS 0x0000000612000000, 0x0000000612000000| Untracked 
|  57|0x0000000612400000, 0x0000000612800000, 0x0000000612800000|100%| O|  |TAMS 0x0000000612400000, 0x0000000612400000| Untracked 
|  58|0x0000000612800000, 0x0000000612c00000, 0x0000000612c00000|100%| O|  |TAMS 0x0000000612800000, 0x0000000612800000| Untracked 
|  59|0x0000000612c00000, 0x0000000613000000, 0x0000000613000000|100%| O|  |TAMS 0x0000000612c00000, 0x0000000612c00000| Untracked 
|  60|0x0000000613000000, 0x0000000613400000, 0x0000000613400000|100%| O|  |TAMS 0x0000000613000000, 0x0000000613000000| Untracked 
|  61|0x0000000613400000, 0x0000000613800000, 0x0000000613800000|100%| O|  |TAMS 0x0000000613400000, 0x0000000613400000| Untracked 
|  62|0x0000000613800000, 0x0000000613c00000, 0x0000000613c00000|100%| O|  |TAMS 0x0000000613800000, 0x0000000613800000| Untracked 
|  63|0x0000000613c00000, 0x0000000614000000, 0x0000000614000000|100%| O|  |TAMS 0x0000000613c00000, 0x0000000613c00000| Untracked 
|  64|0x0000000614000000, 0x0000000614400000, 0x0000000614400000|100%| O|  |TAMS 0x0000000614000000, 0x0000000614000000| Untracked 
|  65|0x0000000614400000, 0x0000000614800000, 0x0000000614800000|100%| O|  |TAMS 0x0000000614400000, 0x0000000614400000| Untracked 
|  66|0x0000000614800000, 0x0000000614c00000, 0x0000000614c00000|100%| O|  |TAMS 0x0000000614800000, 0x0000000614800000| Untracked 
|  67|0x0000000614c00000, 0x0000000615000000, 0x0000000615000000|100%| O|  |TAMS 0x0000000614c00000, 0x0000000614c00000| Untracked 
|  68|0x0000000615000000, 0x0000000615400000, 0x0000000615400000|100%| O|  |TAMS 0x0000000615000000, 0x0000000615000000| Untracked 
|  69|0x0000000615400000, 0x0000000615800000, 0x0000000615800000|100%| O|  |TAMS 0x0000000615400000, 0x0000000615400000| Untracked 
|  70|0x0000000615800000, 0x0000000615c00000, 0x0000000615c00000|100%| O|  |TAMS 0x0000000615800000, 0x0000000615800000| Untracked 
|  71|0x0000000615c00000, 0x0000000616000000, 0x0000000616000000|100%| O|  |TAMS 0x0000000615c00000, 0x0000000615c00000| Untracked 
|  72|0x0000000616000000, 0x0000000616400000, 0x0000000616400000|100%| O|  |TAMS 0x0000000616000000, 0x0000000616000000| Untracked 
|  73|0x0000000616400000, 0x0000000616800000, 0x0000000616800000|100%| O|  |TAMS 0x0000000616400000, 0x0000000616400000| Untracked 
|  74|0x0000000616800000, 0x0000000616c00000, 0x0000000616c00000|100%| O|  |TAMS 0x0000000616800000, 0x0000000616800000| Untracked 
|  75|0x0000000616c00000, 0x0000000617000000, 0x0000000617000000|100%| O|  |TAMS 0x0000000616c00000, 0x0000000616c00000| Untracked 
|  76|0x0000000617000000, 0x0000000617400000, 0x0000000617400000|100%| O|  |TAMS 0x0000000617000000, 0x0000000617000000| Untracked 
|  77|0x0000000617400000, 0x0000000617800000, 0x0000000617800000|100%| O|  |TAMS 0x0000000617400000, 0x0000000617400000| Untracked 
|  78|0x0000000617800000, 0x0000000617c00000, 0x0000000617c00000|100%| O|  |TAMS 0x0000000617800000, 0x0000000617800000| Untracked 
|  79|0x0000000617c00000, 0x0000000618000000, 0x0000000618000000|100%| O|  |TAMS 0x0000000617c00000, 0x0000000617c00000| Untracked 
|  80|0x0000000618000000, 0x0000000618400000, 0x0000000618400000|100%| O|  |TAMS 0x0000000618000000, 0x0000000618000000| Untracked 
|  81|0x0000000618400000, 0x0000000618800000, 0x0000000618800000|100%| O|  |TAMS 0x0000000618400000, 0x0000000618400000| Untracked 
|  82|0x0000000618800000, 0x0000000618c00000, 0x0000000618c00000|100%| O|  |TAMS 0x0000000618800000, 0x0000000618800000| Untracked 
|  83|0x0000000618c00000, 0x0000000619000000, 0x0000000619000000|100%| O|  |TAMS 0x0000000618c00000, 0x0000000618c00000| Untracked 
|  84|0x0000000619000000, 0x0000000619400000, 0x0000000619400000|100%| O|  |TAMS 0x0000000619000000, 0x0000000619000000| Untracked 
|  85|0x0000000619400000, 0x0000000619800000, 0x0000000619800000|100%| O|  |TAMS 0x0000000619400000, 0x0000000619400000| Untracked 
|  86|0x0000000619800000, 0x0000000619c00000, 0x0000000619c00000|100%| O|  |TAMS 0x0000000619800000, 0x0000000619800000| Untracked 
|  87|0x0000000619c00000, 0x000000061a000000, 0x000000061a000000|100%| O|  |TAMS 0x0000000619c00000, 0x0000000619c00000| Untracked 
|  88|0x000000061a000000, 0x000000061a400000, 0x000000061a400000|100%| O|  |TAMS 0x000000061a000000, 0x000000061a000000| Untracked 
|  89|0x000000061a400000, 0x000000061a800000, 0x000000061a800000|100%| O|  |TAMS 0x000000061a400000, 0x000000061a400000| Untracked 
|  90|0x000000061a800000, 0x000000061ac00000, 0x000000061ac00000|100%| O|  |TAMS 0x000000061a800000, 0x000000061a800000| Untracked 
|  91|0x000000061ac00000, 0x000000061b000000, 0x000000061b000000|100%| O|  |TAMS 0x000000061ac00000, 0x000000061ac00000| Untracked 
|  92|0x000000061b000000, 0x000000061b400000, 0x000000061b400000|100%| O|  |TAMS 0x000000061b000000, 0x000000061b000000| Untracked 
|  93|0x000000061b400000, 0x000000061b800000, 0x000000061b800000|100%| O|  |TAMS 0x000000061b400000, 0x000000061b400000| Untracked 
|  94|0x000000061b800000, 0x000000061bc00000, 0x000000061bc00000|100%| O|  |TAMS 0x000000061b800000, 0x000000061b800000| Untracked 
|  95|0x000000061bc00000, 0x000000061c000000, 0x000000061c000000|100%| O|  |TAMS 0x000000061bc00000, 0x000000061bc00000| Untracked 
|  96|0x000000061c000000, 0x000000061c400000, 0x000000061c400000|100%| O|  |TAMS 0x000000061c000000, 0x000000061c000000| Untracked 
|  97|0x000000061c400000, 0x000000061c800000, 0x000000061c800000|100%| O|  |TAMS 0x000000061c400000, 0x000000061c400000| Untracked 
|  98|0x000000061c800000, 0x000000061cc00000, 0x000000061cc00000|100%| O|  |TAMS 0x000000061c800000, 0x000000061c800000| Untracked 
|  99|0x000000061cc00000, 0x000000061d000000, 0x000000061d000000|100%| O|  |TAMS 0x000000061cc00000, 0x000000061cc00000| Untracked 
| 100|0x000000061d000000, 0x000000061d400000, 0x000000061d400000|100%| O|  |TAMS 0x000000061d000000, 0x000000061d000000| Untracked 
| 101|0x000000061d400000, 0x000000061d800000, 0x000000061d800000|100%| O|  |TAMS 0x000000061d400000, 0x000000061d400000| Untracked 
| 102|0x000000061d800000, 0x000000061dc00000, 0x000000061dc00000|100%| O|  |TAMS 0x000000061d800000, 0x000000061d800000| Untracked 
| 103|0x000000061dc00000, 0x000000061e000000, 0x000000061e000000|100%| O|  |TAMS 0x000000061dc00000, 0x000000061dc00000| Untracked 
| 104|0x000000061e000000, 0x000000061e400000, 0x000000061e400000|100%| O|  |TAMS 0x000000061e000000, 0x000000061e000000| Untracked 
| 105|0x000000061e400000, 0x000000061e800000, 0x000000061e800000|100%| O|  |TAMS 0x000000061e400000, 0x000000061e400000| Untracked 
| 106|0x000000061e800000, 0x000000061ec00000, 0x000000061ec00000|100%| O|  |TAMS 0x000000061e800000, 0x000000061e800000| Untracked 
| 107|0x000000061ec00000, 0x000000061ef71e00, 0x000000061f000000| 86%| O|  |TAMS 0x000000061ec00000, 0x000000061ec00000| Untracked 
| 108|0x000000061f000000, 0x000000061f000000, 0x000000061f400000|  0%| F|  |TAMS 0x000000061f000000, 0x000000061f000000| Untracked 
| 109|0x000000061f400000, 0x000000061f400000, 0x000000061f800000|  0%| F|  |TAMS 0x000000061f400000, 0x000000061f400000| Untracked 
| 110|0x000000061f800000, 0x000000061f800000, 0x000000061fc00000|  0%| F|  |TAMS 0x000000061f800000, 0x000000061f800000| Untracked 
| 111|0x000000061fc00000, 0x000000061fc00000, 0x0000000620000000|  0%| F|  |TAMS 0x000000061fc00000, 0x000000061fc00000| Untracked 
| 112|0x0000000620000000, 0x0000000620000000, 0x0000000620400000|  0%| F|  |TAMS 0x0000000620000000, 0x0000000620000000| Untracked 
| 113|0x0000000620400000, 0x0000000620400000, 0x0000000620800000|  0%| F|  |TAMS 0x0000000620400000, 0x0000000620400000| Untracked 
| 114|0x0000000620800000, 0x0000000620800000, 0x0000000620c00000|  0%| F|  |TAMS 0x0000000620800000, 0x0000000620800000| Untracked 
| 115|0x0000000620c00000, 0x0000000620c00000, 0x0000000621000000|  0%| F|  |TAMS 0x0000000620c00000, 0x0000000620c00000| Untracked 
| 116|0x0000000621000000, 0x0000000621000000, 0x0000000621400000|  0%| F|  |TAMS 0x0000000621000000, 0x0000000621000000| Untracked 
| 117|0x0000000621400000, 0x0000000621400000, 0x0000000621800000|  0%| F|  |TAMS 0x0000000621400000, 0x0000000621400000| Untracked 
| 118|0x0000000621800000, 0x0000000621800000, 0x0000000621c00000|  0%| F|  |TAMS 0x0000000621800000, 0x0000000621800000| Untracked 
| 119|0x0000000621c00000, 0x0000000621c00000, 0x0000000622000000|  0%| F|  |TAMS 0x0000000621c00000, 0x0000000621c00000| Untracked 
| 120|0x0000000622000000, 0x0000000622000000, 0x0000000622400000|  0%| F|  |TAMS 0x0000000622000000, 0x0000000622000000| Untracked 
| 121|0x0000000622400000, 0x0000000622400000, 0x0000000622800000|  0%| F|  |TAMS 0x0000000622400000, 0x0000000622400000| Untracked 
| 122|0x0000000622800000, 0x0000000622800000, 0x0000000622c00000|  0%| F|  |TAMS 0x0000000622800000, 0x0000000622800000| Untracked 
| 123|0x0000000622c00000, 0x0000000622c00000, 0x0000000623000000|  0%| F|  |TAMS 0x0000000622c00000, 0x0000000622c00000| Untracked 
| 124|0x0000000623000000, 0x0000000623000000, 0x0000000623400000|  0%| F|  |TAMS 0x0000000623000000, 0x0000000623000000| Untracked 
| 125|0x0000000623400000, 0x0000000623400000, 0x0000000623800000|  0%| F|  |TAMS 0x0000000623400000, 0x0000000623400000| Untracked 
| 126|0x0000000623800000, 0x0000000623800000, 0x0000000623c00000|  0%| F|  |TAMS 0x0000000623800000, 0x0000000623800000| Untracked 
| 127|0x0000000623c00000, 0x0000000623c00000, 0x0000000624000000|  0%| F|  |TAMS 0x0000000623c00000, 0x0000000623c00000| Untracked 
| 128|0x0000000624000000, 0x0000000624000000, 0x0000000624400000|  0%| F|  |TAMS 0x0000000624000000, 0x0000000624000000| Untracked 
| 129|0x0000000624400000, 0x0000000624400000, 0x0000000624800000|  0%| F|  |TAMS 0x0000000624400000, 0x0000000624400000| Untracked 
| 130|0x0000000624800000, 0x0000000624800000, 0x0000000624c00000|  0%| F|  |TAMS 0x0000000624800000, 0x0000000624800000| Untracked 
| 131|0x0000000624c00000, 0x0000000624c00000, 0x0000000625000000|  0%| F|  |TAMS 0x0000000624c00000, 0x0000000624c00000| Untracked 
| 132|0x0000000625000000, 0x0000000625000000, 0x0000000625400000|  0%| F|  |TAMS 0x0000000625000000, 0x0000000625000000| Untracked 
| 133|0x0000000625400000, 0x0000000625400000, 0x0000000625800000|  0%| F|  |TAMS 0x0000000625400000, 0x0000000625400000| Untracked 
| 134|0x0000000625800000, 0x0000000625800000, 0x0000000625c00000|  0%| F|  |TAMS 0x0000000625800000, 0x0000000625800000| Untracked 
| 135|0x0000000625c00000, 0x0000000625c00000, 0x0000000626000000|  0%| F|  |TAMS 0x0000000625c00000, 0x0000000625c00000| Untracked 
| 136|0x0000000626000000, 0x0000000626000000, 0x0000000626400000|  0%| F|  |TAMS 0x0000000626000000, 0x0000000626000000| Untracked 
| 137|0x0000000626400000, 0x0000000626400000, 0x0000000626800000|  0%| F|  |TAMS 0x0000000626400000, 0x0000000626400000| Untracked 
| 138|0x0000000626800000, 0x0000000626800000, 0x0000000626c00000|  0%| F|  |TAMS 0x0000000626800000, 0x0000000626800000| Untracked 
| 139|0x0000000626c00000, 0x0000000626c00000, 0x0000000627000000|  0%| F|  |TAMS 0x0000000626c00000, 0x0000000626c00000| Untracked 
| 140|0x0000000627000000, 0x0000000627000000, 0x0000000627400000|  0%| F|  |TAMS 0x0000000627000000, 0x0000000627000000| Untracked 
| 141|0x0000000627400000, 0x0000000627400000, 0x0000000627800000|  0%| F|  |TAMS 0x0000000627400000, 0x0000000627400000| Untracked 
| 142|0x0000000627800000, 0x0000000627800000, 0x0000000627c00000|  0%| F|  |TAMS 0x0000000627800000, 0x0000000627800000| Untracked 
| 143|0x0000000627c00000, 0x0000000627c00000, 0x0000000628000000|  0%| F|  |TAMS 0x0000000627c00000, 0x0000000627c00000| Untracked 
| 144|0x0000000628000000, 0x0000000628000000, 0x0000000628400000|  0%| F|  |TAMS 0x0000000628000000, 0x0000000628000000| Untracked 
| 145|0x0000000628400000, 0x0000000628400000, 0x0000000628800000|  0%| F|  |TAMS 0x0000000628400000, 0x0000000628400000| Untracked 
| 146|0x0000000628800000, 0x0000000628800000, 0x0000000628c00000|  0%| F|  |TAMS 0x0000000628800000, 0x0000000628800000| Untracked 
| 147|0x0000000628c00000, 0x0000000628c00000, 0x0000000629000000|  0%| F|  |TAMS 0x0000000628c00000, 0x0000000628c00000| Untracked 
| 148|0x0000000629000000, 0x0000000629000000, 0x0000000629400000|  0%| F|  |TAMS 0x0000000629000000, 0x0000000629000000| Untracked 
| 149|0x0000000629400000, 0x0000000629400000, 0x0000000629800000|  0%| F|  |TAMS 0x0000000629400000, 0x0000000629400000| Untracked 
| 150|0x0000000629800000, 0x0000000629800000, 0x0000000629c00000|  0%| F|  |TAMS 0x0000000629800000, 0x0000000629800000| Untracked 
| 151|0x0000000629c00000, 0x0000000629c00000, 0x000000062a000000|  0%| F|  |TAMS 0x0000000629c00000, 0x0000000629c00000| Untracked 
| 152|0x000000062a000000, 0x000000062a000000, 0x000000062a400000|  0%| F|  |TAMS 0x000000062a000000, 0x000000062a000000| Untracked 
| 153|0x000000062a400000, 0x000000062a400000, 0x000000062a800000|  0%| F|  |TAMS 0x000000062a400000, 0x000000062a400000| Untracked 
| 154|0x000000062a800000, 0x000000062a800000, 0x000000062ac00000|  0%| F|  |TAMS 0x000000062a800000, 0x000000062a800000| Untracked 
| 155|0x000000062ac00000, 0x000000062ac00000, 0x000000062b000000|  0%| F|  |TAMS 0x000000062ac00000, 0x000000062ac00000| Untracked 
| 156|0x000000062b000000, 0x000000062b000000, 0x000000062b400000|  0%| F|  |TAMS 0x000000062b000000, 0x000000062b000000| Untracked 
| 157|0x000000062b400000, 0x000000062b400000, 0x000000062b800000|  0%| F|  |TAMS 0x000000062b400000, 0x000000062b400000| Untracked 
| 158|0x000000062b800000, 0x000000062b800000, 0x000000062bc00000|  0%| F|  |TAMS 0x000000062b800000, 0x000000062b800000| Untracked 
| 159|0x000000062bc00000, 0x000000062bc00000, 0x000000062c000000|  0%| F|  |TAMS 0x000000062bc00000, 0x000000062bc00000| Untracked 
| 160|0x000000062c000000, 0x000000062c000000, 0x000000062c400000|  0%| F|  |TAMS 0x000000062c000000, 0x000000062c000000| Untracked 
| 161|0x000000062c400000, 0x000000062c400000, 0x000000062c800000|  0%| F|  |TAMS 0x000000062c400000, 0x000000062c400000| Untracked 
| 162|0x000000062c800000, 0x000000062c800000, 0x000000062cc00000|  0%| F|  |TAMS 0x000000062c800000, 0x000000062c800000| Untracked 
| 163|0x000000062cc00000, 0x000000062cc00000, 0x000000062d000000|  0%| F|  |TAMS 0x000000062cc00000, 0x000000062cc00000| Untracked 
| 164|0x000000062d000000, 0x000000062d000000, 0x000000062d400000|  0%| F|  |TAMS 0x000000062d000000, 0x000000062d000000| Untracked 
| 165|0x000000062d400000, 0x000000062d400000, 0x000000062d800000|  0%| F|  |TAMS 0x000000062d400000, 0x000000062d400000| Untracked 
| 166|0x000000062d800000, 0x000000062d800000, 0x000000062dc00000|  0%| F|  |TAMS 0x000000062d800000, 0x000000062d800000| Untracked 
| 167|0x000000062dc00000, 0x000000062dc00000, 0x000000062e000000|  0%| F|  |TAMS 0x000000062dc00000, 0x000000062dc00000| Untracked 
| 168|0x000000062e000000, 0x000000062e000000, 0x000000062e400000|  0%| F|  |TAMS 0x000000062e000000, 0x000000062e000000| Untracked 
| 169|0x000000062e400000, 0x000000062e400000, 0x000000062e800000|  0%| F|  |TAMS 0x000000062e400000, 0x000000062e400000| Untracked 
| 170|0x000000062e800000, 0x000000062e800000, 0x000000062ec00000|  0%| F|  |TAMS 0x000000062e800000, 0x000000062e800000| Untracked 
| 171|0x000000062ec00000, 0x000000062ec00000, 0x000000062f000000|  0%| F|  |TAMS 0x000000062ec00000, 0x000000062ec00000| Untracked 
| 172|0x000000062f000000, 0x000000062f000000, 0x000000062f400000|  0%| F|  |TAMS 0x000000062f000000, 0x000000062f000000| Untracked 
| 173|0x000000062f400000, 0x000000062f400000, 0x000000062f800000|  0%| F|  |TAMS 0x000000062f400000, 0x000000062f400000| Untracked 
| 174|0x000000062f800000, 0x000000062f800000, 0x000000062fc00000|  0%| F|  |TAMS 0x000000062f800000, 0x000000062f800000| Untracked 
| 175|0x000000062fc00000, 0x000000062fc00000, 0x0000000630000000|  0%| F|  |TAMS 0x000000062fc00000, 0x000000062fc00000| Untracked 
| 176|0x0000000630000000, 0x0000000630000000, 0x0000000630400000|  0%| F|  |TAMS 0x0000000630000000, 0x0000000630000000| Untracked 
| 177|0x0000000630400000, 0x0000000630400000, 0x0000000630800000|  0%| F|  |TAMS 0x0000000630400000, 0x0000000630400000| Untracked 
| 178|0x0000000630800000, 0x0000000630800000, 0x0000000630c00000|  0%| F|  |TAMS 0x0000000630800000, 0x0000000630800000| Untracked 
| 179|0x0000000630c00000, 0x0000000630c00000, 0x0000000631000000|  0%| F|  |TAMS 0x0000000630c00000, 0x0000000630c00000| Untracked 
| 180|0x0000000631000000, 0x0000000631000000, 0x0000000631400000|  0%| F|  |TAMS 0x0000000631000000, 0x0000000631000000| Untracked 
| 181|0x0000000631400000, 0x0000000631400000, 0x0000000631800000|  0%| F|  |TAMS 0x0000000631400000, 0x0000000631400000| Untracked 
| 182|0x0000000631800000, 0x0000000631800000, 0x0000000631c00000|  0%| F|  |TAMS 0x0000000631800000, 0x0000000631800000| Untracked 
| 183|0x0000000631c00000, 0x0000000631c00000, 0x0000000632000000|  0%| F|  |TAMS 0x0000000631c00000, 0x0000000631c00000| Untracked 
| 184|0x0000000632000000, 0x0000000632000000, 0x0000000632400000|  0%| F|  |TAMS 0x0000000632000000, 0x0000000632000000| Untracked 
| 185|0x0000000632400000, 0x0000000632400000, 0x0000000632800000|  0%| F|  |TAMS 0x0000000632400000, 0x0000000632400000| Untracked 
| 186|0x0000000632800000, 0x0000000632800000, 0x0000000632c00000|  0%| F|  |TAMS 0x0000000632800000, 0x0000000632800000| Untracked 
| 187|0x0000000632c00000, 0x0000000632c00000, 0x0000000633000000|  0%| F|  |TAMS 0x0000000632c00000, 0x0000000632c00000| Untracked 
| 188|0x0000000633000000, 0x0000000633000000, 0x0000000633400000|  0%| F|  |TAMS 0x0000000633000000, 0x0000000633000000| Untracked 
| 189|0x0000000633400000, 0x0000000633400000, 0x0000000633800000|  0%| F|  |TAMS 0x0000000633400000, 0x0000000633400000| Untracked 
| 190|0x0000000633800000, 0x0000000633800000, 0x0000000633c00000|  0%| F|  |TAMS 0x0000000633800000, 0x0000000633800000| Untracked 
| 191|0x0000000633c00000, 0x0000000633c00000, 0x0000000634000000|  0%| F|  |TAMS 0x0000000633c00000, 0x0000000633c00000| Untracked 
| 192|0x0000000634000000, 0x0000000634000000, 0x0000000634400000|  0%| F|  |TAMS 0x0000000634000000, 0x0000000634000000| Untracked 
| 193|0x0000000634400000, 0x0000000634400000, 0x0000000634800000|  0%| F|  |TAMS 0x0000000634400000, 0x0000000634400000| Untracked 
| 194|0x0000000634800000, 0x0000000634800000, 0x0000000634c00000|  0%| F|  |TAMS 0x0000000634800000, 0x0000000634800000| Untracked 
| 195|0x0000000634c00000, 0x0000000634c00000, 0x0000000635000000|  0%| F|  |TAMS 0x0000000634c00000, 0x0000000634c00000| Untracked 
| 196|0x0000000635000000, 0x0000000635000000, 0x0000000635400000|  0%| F|  |TAMS 0x0000000635000000, 0x0000000635000000| Untracked 
| 197|0x0000000635400000, 0x0000000635400000, 0x0000000635800000|  0%| F|  |TAMS 0x0000000635400000, 0x0000000635400000| Untracked 
| 198|0x0000000635800000, 0x0000000635800000, 0x0000000635c00000|  0%| F|  |TAMS 0x0000000635800000, 0x0000000635800000| Untracked 
| 199|0x0000000635c00000, 0x0000000635c00000, 0x0000000636000000|  0%| F|  |TAMS 0x0000000635c00000, 0x0000000635c00000| Untracked 
| 200|0x0000000636000000, 0x0000000636000000, 0x0000000636400000|  0%| F|  |TAMS 0x0000000636000000, 0x0000000636000000| Untracked 
| 201|0x0000000636400000, 0x0000000636400000, 0x0000000636800000|  0%| F|  |TAMS 0x0000000636400000, 0x0000000636400000| Untracked 
| 202|0x0000000636800000, 0x0000000636800000, 0x0000000636c00000|  0%| F|  |TAMS 0x0000000636800000, 0x0000000636800000| Untracked 
| 203|0x0000000636c00000, 0x0000000636c00000, 0x0000000637000000|  0%| F|  |TAMS 0x0000000636c00000, 0x0000000636c00000| Untracked 
| 204|0x0000000637000000, 0x0000000637000000, 0x0000000637400000|  0%| F|  |TAMS 0x0000000637000000, 0x0000000637000000| Untracked 
| 205|0x0000000637400000, 0x0000000637400000, 0x0000000637800000|  0%| F|  |TAMS 0x0000000637400000, 0x0000000637400000| Untracked 
| 206|0x0000000637800000, 0x0000000637800000, 0x0000000637c00000|  0%| F|  |TAMS 0x0000000637800000, 0x0000000637800000| Untracked 
| 207|0x0000000637c00000, 0x0000000637c00000, 0x0000000638000000|  0%| F|  |TAMS 0x0000000637c00000, 0x0000000637c00000| Untracked 
| 208|0x0000000638000000, 0x0000000638000000, 0x0000000638400000|  0%| F|  |TAMS 0x0000000638000000, 0x0000000638000000| Untracked 
| 209|0x0000000638400000, 0x0000000638400000, 0x0000000638800000|  0%| F|  |TAMS 0x0000000638400000, 0x0000000638400000| Untracked 
| 210|0x0000000638800000, 0x0000000638800000, 0x0000000638c00000|  0%| F|  |TAMS 0x0000000638800000, 0x0000000638800000| Untracked 
| 211|0x0000000638c00000, 0x0000000638c00000, 0x0000000639000000|  0%| F|  |TAMS 0x0000000638c00000, 0x0000000638c00000| Untracked 
| 212|0x0000000639000000, 0x0000000639000000, 0x0000000639400000|  0%| F|  |TAMS 0x0000000639000000, 0x0000000639000000| Untracked 
| 213|0x0000000639400000, 0x0000000639400000, 0x0000000639800000|  0%| F|  |TAMS 0x0000000639400000, 0x0000000639400000| Untracked 
| 214|0x0000000639800000, 0x0000000639800000, 0x0000000639c00000|  0%| F|  |TAMS 0x0000000639800000, 0x0000000639800000| Untracked 
| 215|0x0000000639c00000, 0x0000000639c00000, 0x000000063a000000|  0%| F|  |TAMS 0x0000000639c00000, 0x0000000639c00000| Untracked 
| 216|0x000000063a000000, 0x000000063a000000, 0x000000063a400000|  0%| F|  |TAMS 0x000000063a000000, 0x000000063a000000| Untracked 
| 217|0x000000063a400000, 0x000000063a400000, 0x000000063a800000|  0%| F|  |TAMS 0x000000063a400000, 0x000000063a400000| Untracked 
| 218|0x000000063a800000, 0x000000063a800000, 0x000000063ac00000|  0%| F|  |TAMS 0x000000063a800000, 0x000000063a800000| Untracked 
| 219|0x000000063ac00000, 0x000000063ac00000, 0x000000063b000000|  0%| F|  |TAMS 0x000000063ac00000, 0x000000063ac00000| Untracked 
| 220|0x000000063b000000, 0x000000063b000000, 0x000000063b400000|  0%| F|  |TAMS 0x000000063b000000, 0x000000063b000000| Untracked 
| 221|0x000000063b400000, 0x000000063b400000, 0x000000063b800000|  0%| F|  |TAMS 0x000000063b400000, 0x000000063b400000| Untracked 
| 222|0x000000063b800000, 0x000000063b800000, 0x000000063bc00000|  0%| F|  |TAMS 0x000000063b800000, 0x000000063b800000| Untracked 
| 223|0x000000063bc00000, 0x000000063bc00000, 0x000000063c000000|  0%| F|  |TAMS 0x000000063bc00000, 0x000000063bc00000| Untracked 
| 224|0x000000063c000000, 0x000000063c000000, 0x000000063c400000|  0%| F|  |TAMS 0x000000063c000000, 0x000000063c000000| Untracked 
| 225|0x000000063c400000, 0x000000063c400000, 0x000000063c800000|  0%| F|  |TAMS 0x000000063c400000, 0x000000063c400000| Untracked 
| 226|0x000000063c800000, 0x000000063c800000, 0x000000063cc00000|  0%| F|  |TAMS 0x000000063c800000, 0x000000063c800000| Untracked 
| 227|0x000000063cc00000, 0x000000063cc00000, 0x000000063d000000|  0%| F|  |TAMS 0x000000063cc00000, 0x000000063cc00000| Untracked 
| 228|0x000000063d000000, 0x000000063d000000, 0x000000063d400000|  0%| F|  |TAMS 0x000000063d000000, 0x000000063d000000| Untracked 
| 229|0x000000063d400000, 0x000000063d400000, 0x000000063d800000|  0%| F|  |TAMS 0x000000063d400000, 0x000000063d400000| Untracked 
| 230|0x000000063d800000, 0x000000063d800000, 0x000000063dc00000|  0%| F|  |TAMS 0x000000063d800000, 0x000000063d800000| Untracked 
| 231|0x000000063dc00000, 0x000000063dc00000, 0x000000063e000000|  0%| F|  |TAMS 0x000000063dc00000, 0x000000063dc00000| Untracked 
| 232|0x000000063e000000, 0x000000063e000000, 0x000000063e400000|  0%| F|  |TAMS 0x000000063e000000, 0x000000063e000000| Untracked 
| 233|0x000000063e400000, 0x000000063e400000, 0x000000063e800000|  0%| F|  |TAMS 0x000000063e400000, 0x000000063e400000| Untracked 
| 234|0x000000063e800000, 0x000000063e800000, 0x000000063ec00000|  0%| F|  |TAMS 0x000000063e800000, 0x000000063e800000| Untracked 
| 235|0x000000063ec00000, 0x000000063ec00000, 0x000000063f000000|  0%| F|  |TAMS 0x000000063ec00000, 0x000000063ec00000| Untracked 
| 236|0x000000063f000000, 0x000000063f000000, 0x000000063f400000|  0%| F|  |TAMS 0x000000063f000000, 0x000000063f000000| Untracked 
| 237|0x000000063f400000, 0x000000063f400000, 0x000000063f800000|  0%| F|  |TAMS 0x000000063f400000, 0x000000063f400000| Untracked 
| 238|0x000000063f800000, 0x000000063f800000, 0x000000063fc00000|  0%| F|  |TAMS 0x000000063f800000, 0x000000063f800000| Untracked 
| 239|0x000000063fc00000, 0x000000063fc00000, 0x0000000640000000|  0%| F|  |TAMS 0x000000063fc00000, 0x000000063fc00000| Untracked 
| 240|0x0000000640000000, 0x0000000640000000, 0x0000000640400000|  0%| F|  |TAMS 0x0000000640000000, 0x0000000640000000| Untracked 
| 241|0x0000000640400000, 0x0000000640400000, 0x0000000640800000|  0%| F|  |TAMS 0x0000000640400000, 0x0000000640400000| Untracked 
| 242|0x0000000640800000, 0x0000000640800000, 0x0000000640c00000|  0%| F|  |TAMS 0x0000000640800000, 0x0000000640800000| Untracked 
| 243|0x0000000640c00000, 0x0000000640c00000, 0x0000000641000000|  0%| F|  |TAMS 0x0000000640c00000, 0x0000000640c00000| Untracked 
| 244|0x0000000641000000, 0x0000000641000000, 0x0000000641400000|  0%| F|  |TAMS 0x0000000641000000, 0x0000000641000000| Untracked 
| 245|0x0000000641400000, 0x0000000641400000, 0x0000000641800000|  0%| F|  |TAMS 0x0000000641400000, 0x0000000641400000| Untracked 
| 246|0x0000000641800000, 0x0000000641800000, 0x0000000641c00000|  0%| F|  |TAMS 0x0000000641800000, 0x0000000641800000| Untracked 
| 247|0x0000000641c00000, 0x0000000641c00000, 0x0000000642000000|  0%| F|  |TAMS 0x0000000641c00000, 0x0000000641c00000| Untracked 
| 248|0x0000000642000000, 0x0000000642000000, 0x0000000642400000|  0%| F|  |TAMS 0x0000000642000000, 0x0000000642000000| Untracked 
| 249|0x0000000642400000, 0x0000000642400000, 0x0000000642800000|  0%| F|  |TAMS 0x0000000642400000, 0x0000000642400000| Untracked 
| 250|0x0000000642800000, 0x0000000642800000, 0x0000000642c00000|  0%| F|  |TAMS 0x0000000642800000, 0x0000000642800000| Untracked 
| 251|0x0000000642c00000, 0x0000000642c00000, 0x0000000643000000|  0%| F|  |TAMS 0x0000000642c00000, 0x0000000642c00000| Untracked 
| 252|0x0000000643000000, 0x0000000643000000, 0x0000000643400000|  0%| F|  |TAMS 0x0000000643000000, 0x0000000643000000| Untracked 
| 253|0x0000000643400000, 0x0000000643400000, 0x0000000643800000|  0%| F|  |TAMS 0x0000000643400000, 0x0000000643400000| Untracked 
| 254|0x0000000643800000, 0x0000000643800000, 0x0000000643c00000|  0%| F|  |TAMS 0x0000000643800000, 0x0000000643800000| Untracked 
| 255|0x0000000643c00000, 0x0000000643c00000, 0x0000000644000000|  0%| F|  |TAMS 0x0000000643c00000, 0x0000000643c00000| Untracked 
| 256|0x0000000644000000, 0x0000000644000000, 0x0000000644400000|  0%| F|  |TAMS 0x0000000644000000, 0x0000000644000000| Untracked 
| 257|0x0000000644400000, 0x0000000644400000, 0x0000000644800000|  0%| F|  |TAMS 0x0000000644400000, 0x0000000644400000| Untracked 
| 258|0x0000000644800000, 0x0000000644800000, 0x0000000644c00000|  0%| F|  |TAMS 0x0000000644800000, 0x0000000644800000| Untracked 
| 259|0x0000000644c00000, 0x0000000644c00000, 0x0000000645000000|  0%| F|  |TAMS 0x0000000644c00000, 0x0000000644c00000| Untracked 
| 260|0x0000000645000000, 0x0000000645000000, 0x0000000645400000|  0%| F|  |TAMS 0x0000000645000000, 0x0000000645000000| Untracked 
| 261|0x0000000645400000, 0x0000000645400000, 0x0000000645800000|  0%| F|  |TAMS 0x0000000645400000, 0x0000000645400000| Untracked 
| 262|0x0000000645800000, 0x0000000645800000, 0x0000000645c00000|  0%| F|  |TAMS 0x0000000645800000, 0x0000000645800000| Untracked 
| 263|0x0000000645c00000, 0x0000000645c00000, 0x0000000646000000|  0%| F|  |TAMS 0x0000000645c00000, 0x0000000645c00000| Untracked 
| 264|0x0000000646000000, 0x0000000646000000, 0x0000000646400000|  0%| F|  |TAMS 0x0000000646000000, 0x0000000646000000| Untracked 
| 265|0x0000000646400000, 0x0000000646400000, 0x0000000646800000|  0%| F|  |TAMS 0x0000000646400000, 0x0000000646400000| Untracked 
| 266|0x0000000646800000, 0x0000000646800000, 0x0000000646c00000|  0%| F|  |TAMS 0x0000000646800000, 0x0000000646800000| Untracked 
| 267|0x0000000646c00000, 0x0000000646c00000, 0x0000000647000000|  0%| F|  |TAMS 0x0000000646c00000, 0x0000000646c00000| Untracked 
| 268|0x0000000647000000, 0x0000000647000000, 0x0000000647400000|  0%| F|  |TAMS 0x0000000647000000, 0x0000000647000000| Untracked 
| 269|0x0000000647400000, 0x0000000647400000, 0x0000000647800000|  0%| F|  |TAMS 0x0000000647400000, 0x0000000647400000| Untracked 
| 270|0x0000000647800000, 0x0000000647800000, 0x0000000647c00000|  0%| F|  |TAMS 0x0000000647800000, 0x0000000647800000| Untracked 
| 271|0x0000000647c00000, 0x0000000647c00000, 0x0000000648000000|  0%| F|  |TAMS 0x0000000647c00000, 0x0000000647c00000| Untracked 
| 272|0x0000000648000000, 0x0000000648000000, 0x0000000648400000|  0%| F|  |TAMS 0x0000000648000000, 0x0000000648000000| Untracked 
| 273|0x0000000648400000, 0x0000000648400000, 0x0000000648800000|  0%| F|  |TAMS 0x0000000648400000, 0x0000000648400000| Untracked 
| 274|0x0000000648800000, 0x0000000648800000, 0x0000000648c00000|  0%| F|  |TAMS 0x0000000648800000, 0x0000000648800000| Untracked 
| 275|0x0000000648c00000, 0x0000000648c00000, 0x0000000649000000|  0%| F|  |TAMS 0x0000000648c00000, 0x0000000648c00000| Untracked 
| 276|0x0000000649000000, 0x0000000649000000, 0x0000000649400000|  0%| F|  |TAMS 0x0000000649000000, 0x0000000649000000| Untracked 
| 277|0x0000000649400000, 0x0000000649400000, 0x0000000649800000|  0%| F|  |TAMS 0x0000000649400000, 0x0000000649400000| Untracked 
| 278|0x0000000649800000, 0x0000000649800000, 0x0000000649c00000|  0%| F|  |TAMS 0x0000000649800000, 0x0000000649800000| Untracked 
| 279|0x0000000649c00000, 0x0000000649c00000, 0x000000064a000000|  0%| F|  |TAMS 0x0000000649c00000, 0x0000000649c00000| Untracked 
| 280|0x000000064a000000, 0x000000064a000000, 0x000000064a400000|  0%| F|  |TAMS 0x000000064a000000, 0x000000064a000000| Untracked 
| 281|0x000000064a400000, 0x000000064a400000, 0x000000064a800000|  0%| F|  |TAMS 0x000000064a400000, 0x000000064a400000| Untracked 
| 282|0x000000064a800000, 0x000000064a800000, 0x000000064ac00000|  0%| F|  |TAMS 0x000000064a800000, 0x000000064a800000| Untracked 
| 283|0x000000064ac00000, 0x000000064ac00000, 0x000000064b000000|  0%| F|  |TAMS 0x000000064ac00000, 0x000000064ac00000| Untracked 
| 284|0x000000064b000000, 0x000000064b000000, 0x000000064b400000|  0%| F|  |TAMS 0x000000064b000000, 0x000000064b000000| Untracked 
| 285|0x000000064b400000, 0x000000064b400000, 0x000000064b800000|  0%| F|  |TAMS 0x000000064b400000, 0x000000064b400000| Untracked 
| 286|0x000000064b800000, 0x000000064b800000, 0x000000064bc00000|  0%| F|  |TAMS 0x000000064b800000, 0x000000064b800000| Untracked 
| 287|0x000000064bc00000, 0x000000064bc00000, 0x000000064c000000|  0%| F|  |TAMS 0x000000064bc00000, 0x000000064bc00000| Untracked 
| 288|0x000000064c000000, 0x000000064c000000, 0x000000064c400000|  0%| F|  |TAMS 0x000000064c000000, 0x000000064c000000| Untracked 
| 289|0x000000064c400000, 0x000000064c800000, 0x000000064c800000|100%| S|CS|TAMS 0x000000064c400000, 0x000000064c400000| Complete 
| 290|0x000000064c800000, 0x000000064cc00000, 0x000000064cc00000|100%| S|CS|TAMS 0x000000064c800000, 0x000000064c800000| Complete 
| 291|0x000000064cc00000, 0x000000064d000000, 0x000000064d000000|100%| S|CS|TAMS 0x000000064cc00000, 0x000000064cc00000| Complete 
| 292|0x000000064d000000, 0x000000064d400000, 0x000000064d400000|100%| S|CS|TAMS 0x000000064d000000, 0x000000064d000000| Complete 
| 293|0x000000064d400000, 0x000000064d800000, 0x000000064d800000|100%| S|CS|TAMS 0x000000064d400000, 0x000000064d400000| Complete 
| 294|0x000000064d800000, 0x000000064dc00000, 0x000000064dc00000|100%| S|CS|TAMS 0x000000064d800000, 0x000000064d800000| Complete 
| 295|0x000000064dc00000, 0x000000064e000000, 0x000000064e000000|100%| S|CS|TAMS 0x000000064dc00000, 0x000000064dc00000| Complete 
| 296|0x000000064e000000, 0x000000064e400000, 0x000000064e400000|100%| S|CS|TAMS 0x000000064e000000, 0x000000064e000000| Complete 
| 297|0x000000064e400000, 0x000000064e800000, 0x000000064e800000|100%| S|CS|TAMS 0x000000064e400000, 0x000000064e400000| Complete 
| 298|0x000000064e800000, 0x000000064ec00000, 0x000000064ec00000|100%| S|CS|TAMS 0x000000064e800000, 0x000000064e800000| Complete 
| 299|0x000000064ec00000, 0x000000064f000000, 0x000000064f000000|100%| S|CS|TAMS 0x000000064ec00000, 0x000000064ec00000| Complete 
| 300|0x000000064f000000, 0x000000064f000000, 0x000000064f400000|  0%| F|  |TAMS 0x000000064f000000, 0x000000064f000000| Untracked 
| 301|0x000000064f400000, 0x000000064f400000, 0x000000064f800000|  0%| F|  |TAMS 0x000000064f400000, 0x000000064f400000| Untracked 
| 302|0x000000064f800000, 0x000000064f800000, 0x000000064fc00000|  0%| F|  |TAMS 0x000000064f800000, 0x000000064f800000| Untracked 
| 303|0x000000064fc00000, 0x000000064fc00000, 0x0000000650000000|  0%| F|  |TAMS 0x000000064fc00000, 0x000000064fc00000| Untracked 
| 304|0x0000000650000000, 0x0000000650000000, 0x0000000650400000|  0%| F|  |TAMS 0x0000000650000000, 0x0000000650000000| Untracked 
| 305|0x0000000650400000, 0x0000000650400000, 0x0000000650800000|  0%| F|  |TAMS 0x0000000650400000, 0x0000000650400000| Untracked 
| 306|0x0000000650800000, 0x0000000650800000, 0x0000000650c00000|  0%| F|  |TAMS 0x0000000650800000, 0x0000000650800000| Untracked 
| 307|0x0000000650c00000, 0x0000000650c00000, 0x0000000651000000|  0%| F|  |TAMS 0x0000000650c00000, 0x0000000650c00000| Untracked 
| 308|0x0000000651000000, 0x0000000651000000, 0x0000000651400000|  0%| F|  |TAMS 0x0000000651000000, 0x0000000651000000| Untracked 
| 309|0x0000000651400000, 0x0000000651400000, 0x0000000651800000|  0%| F|  |TAMS 0x0000000651400000, 0x0000000651400000| Untracked 
| 310|0x0000000651800000, 0x0000000651800000, 0x0000000651c00000|  0%| F|  |TAMS 0x0000000651800000, 0x0000000651800000| Untracked 
| 311|0x0000000651c00000, 0x0000000651c00000, 0x0000000652000000|  0%| F|  |TAMS 0x0000000651c00000, 0x0000000651c00000| Untracked 
| 312|0x0000000652000000, 0x0000000652000000, 0x0000000652400000|  0%| F|  |TAMS 0x0000000652000000, 0x0000000652000000| Untracked 
| 313|0x0000000652400000, 0x0000000652400000, 0x0000000652800000|  0%| F|  |TAMS 0x0000000652400000, 0x0000000652400000| Untracked 
| 314|0x0000000652800000, 0x0000000652800000, 0x0000000652c00000|  0%| F|  |TAMS 0x0000000652800000, 0x0000000652800000| Untracked 
| 315|0x0000000652c00000, 0x0000000652c00000, 0x0000000653000000|  0%| F|  |TAMS 0x0000000652c00000, 0x0000000652c00000| Untracked 
| 316|0x0000000653000000, 0x0000000653000000, 0x0000000653400000|  0%| F|  |TAMS 0x0000000653000000, 0x0000000653000000| Untracked 
| 317|0x0000000653400000, 0x0000000653400000, 0x0000000653800000|  0%| F|  |TAMS 0x0000000653400000, 0x0000000653400000| Untracked 
| 318|0x0000000653800000, 0x0000000653800000, 0x0000000653c00000|  0%| F|  |TAMS 0x0000000653800000, 0x0000000653800000| Untracked 
| 319|0x0000000653c00000, 0x0000000653c00000, 0x0000000654000000|  0%| F|  |TAMS 0x0000000653c00000, 0x0000000653c00000| Untracked 
| 320|0x0000000654000000, 0x0000000654000000, 0x0000000654400000|  0%| F|  |TAMS 0x0000000654000000, 0x0000000654000000| Untracked 
| 321|0x0000000654400000, 0x0000000654400000, 0x0000000654800000|  0%| F|  |TAMS 0x0000000654400000, 0x0000000654400000| Untracked 
| 322|0x0000000654800000, 0x0000000654800000, 0x0000000654c00000|  0%| F|  |TAMS 0x0000000654800000, 0x0000000654800000| Untracked 
| 323|0x0000000654c00000, 0x0000000654c00000, 0x0000000655000000|  0%| F|  |TAMS 0x0000000654c00000, 0x0000000654c00000| Untracked 
| 324|0x0000000655000000, 0x0000000655000000, 0x0000000655400000|  0%| F|  |TAMS 0x0000000655000000, 0x0000000655000000| Untracked 
| 325|0x0000000655400000, 0x0000000655400000, 0x0000000655800000|  0%| F|  |TAMS 0x0000000655400000, 0x0000000655400000| Untracked 
| 326|0x0000000655800000, 0x0000000655800000, 0x0000000655c00000|  0%| F|  |TAMS 0x0000000655800000, 0x0000000655800000| Untracked 
| 327|0x0000000655c00000, 0x0000000655c00000, 0x0000000656000000|  0%| F|  |TAMS 0x0000000655c00000, 0x0000000655c00000| Untracked 
| 328|0x0000000656000000, 0x0000000656000000, 0x0000000656400000|  0%| F|  |TAMS 0x0000000656000000, 0x0000000656000000| Untracked 
| 329|0x0000000656400000, 0x0000000656400000, 0x0000000656800000|  0%| F|  |TAMS 0x0000000656400000, 0x0000000656400000| Untracked 
| 330|0x0000000656800000, 0x0000000656800000, 0x0000000656c00000|  0%| F|  |TAMS 0x0000000656800000, 0x0000000656800000| Untracked 
| 331|0x0000000656c00000, 0x0000000656c00000, 0x0000000657000000|  0%| F|  |TAMS 0x0000000656c00000, 0x0000000656c00000| Untracked 
| 332|0x0000000657000000, 0x0000000657000000, 0x0000000657400000|  0%| F|  |TAMS 0x0000000657000000, 0x0000000657000000| Untracked 
| 333|0x0000000657400000, 0x0000000657400000, 0x0000000657800000|  0%| F|  |TAMS 0x0000000657400000, 0x0000000657400000| Untracked 
| 334|0x0000000657800000, 0x0000000657800000, 0x0000000657c00000|  0%| F|  |TAMS 0x0000000657800000, 0x0000000657800000| Untracked 
| 335|0x0000000657c00000, 0x0000000657c00000, 0x0000000658000000|  0%| F|  |TAMS 0x0000000657c00000, 0x0000000657c00000| Untracked 
| 336|0x0000000658000000, 0x0000000658000000, 0x0000000658400000|  0%| F|  |TAMS 0x0000000658000000, 0x0000000658000000| Untracked 
| 337|0x0000000658400000, 0x0000000658400000, 0x0000000658800000|  0%| F|  |TAMS 0x0000000658400000, 0x0000000658400000| Untracked 
| 338|0x0000000658800000, 0x0000000658800000, 0x0000000658c00000|  0%| F|  |TAMS 0x0000000658800000, 0x0000000658800000| Untracked 
| 339|0x0000000658c00000, 0x0000000658c00000, 0x0000000659000000|  0%| F|  |TAMS 0x0000000658c00000, 0x0000000658c00000| Untracked 
| 340|0x0000000659000000, 0x0000000659000000, 0x0000000659400000|  0%| F|  |TAMS 0x0000000659000000, 0x0000000659000000| Untracked 
| 341|0x0000000659400000, 0x0000000659400000, 0x0000000659800000|  0%| F|  |TAMS 0x0000000659400000, 0x0000000659400000| Untracked 
| 342|0x0000000659800000, 0x0000000659800000, 0x0000000659c00000|  0%| F|  |TAMS 0x0000000659800000, 0x0000000659800000| Untracked 
| 343|0x0000000659c00000, 0x0000000659c00000, 0x000000065a000000|  0%| F|  |TAMS 0x0000000659c00000, 0x0000000659c00000| Untracked 
| 344|0x000000065a000000, 0x000000065a000000, 0x000000065a400000|  0%| F|  |TAMS 0x000000065a000000, 0x000000065a000000| Untracked 
| 345|0x000000065a400000, 0x000000065a400000, 0x000000065a800000|  0%| F|  |TAMS 0x000000065a400000, 0x000000065a400000| Untracked 
| 346|0x000000065a800000, 0x000000065a800000, 0x000000065ac00000|  0%| F|  |TAMS 0x000000065a800000, 0x000000065a800000| Untracked 
| 347|0x000000065ac00000, 0x000000065ac00000, 0x000000065b000000|  0%| F|  |TAMS 0x000000065ac00000, 0x000000065ac00000| Untracked 
| 348|0x000000065b000000, 0x000000065b000000, 0x000000065b400000|  0%| F|  |TAMS 0x000000065b000000, 0x000000065b000000| Untracked 
| 349|0x000000065b400000, 0x000000065b400000, 0x000000065b800000|  0%| F|  |TAMS 0x000000065b400000, 0x000000065b400000| Untracked 
| 350|0x000000065b800000, 0x000000065b800000, 0x000000065bc00000|  0%| F|  |TAMS 0x000000065b800000, 0x000000065b800000| Untracked 
| 351|0x000000065bc00000, 0x000000065bc00000, 0x000000065c000000|  0%| F|  |TAMS 0x000000065bc00000, 0x000000065bc00000| Untracked 
| 352|0x000000065c000000, 0x000000065c000000, 0x000000065c400000|  0%| F|  |TAMS 0x000000065c000000, 0x000000065c000000| Untracked 
| 353|0x000000065c400000, 0x000000065c400000, 0x000000065c800000|  0%| F|  |TAMS 0x000000065c400000, 0x000000065c400000| Untracked 
| 354|0x000000065c800000, 0x000000065c800000, 0x000000065cc00000|  0%| F|  |TAMS 0x000000065c800000, 0x000000065c800000| Untracked 
| 355|0x000000065cc00000, 0x000000065cc00000, 0x000000065d000000|  0%| F|  |TAMS 0x000000065cc00000, 0x000000065cc00000| Untracked 
| 356|0x000000065d000000, 0x000000065d000000, 0x000000065d400000|  0%| F|  |TAMS 0x000000065d000000, 0x000000065d000000| Untracked 
| 357|0x000000065d400000, 0x000000065d400000, 0x000000065d800000|  0%| F|  |TAMS 0x000000065d400000, 0x000000065d400000| Untracked 
| 358|0x000000065d800000, 0x000000065d800000, 0x000000065dc00000|  0%| F|  |TAMS 0x000000065d800000, 0x000000065d800000| Untracked 
| 359|0x000000065dc00000, 0x000000065dc00000, 0x000000065e000000|  0%| F|  |TAMS 0x000000065dc00000, 0x000000065dc00000| Untracked 
| 360|0x000000065e000000, 0x000000065e000000, 0x000000065e400000|  0%| F|  |TAMS 0x000000065e000000, 0x000000065e000000| Untracked 
| 361|0x000000065e400000, 0x000000065e400000, 0x000000065e800000|  0%| F|  |TAMS 0x000000065e400000, 0x000000065e400000| Untracked 
| 362|0x000000065e800000, 0x000000065e800000, 0x000000065ec00000|  0%| F|  |TAMS 0x000000065e800000, 0x000000065e800000| Untracked 
| 363|0x000000065ec00000, 0x000000065ec00000, 0x000000065f000000|  0%| F|  |TAMS 0x000000065ec00000, 0x000000065ec00000| Untracked 
| 364|0x000000065f000000, 0x000000065f000000, 0x000000065f400000|  0%| F|  |TAMS 0x000000065f000000, 0x000000065f000000| Untracked 
| 365|0x000000065f400000, 0x000000065f400000, 0x000000065f800000|  0%| F|  |TAMS 0x000000065f400000, 0x000000065f400000| Untracked 
| 366|0x000000065f800000, 0x000000065f800000, 0x000000065fc00000|  0%| F|  |TAMS 0x000000065f800000, 0x000000065f800000| Untracked 
| 367|0x000000065fc00000, 0x000000065fc00000, 0x0000000660000000|  0%| F|  |TAMS 0x000000065fc00000, 0x000000065fc00000| Untracked 
| 368|0x0000000660000000, 0x0000000660000000, 0x0000000660400000|  0%| F|  |TAMS 0x0000000660000000, 0x0000000660000000| Untracked 
| 369|0x0000000660400000, 0x0000000660400000, 0x0000000660800000|  0%| F|  |TAMS 0x0000000660400000, 0x0000000660400000| Untracked 
| 370|0x0000000660800000, 0x0000000660800000, 0x0000000660c00000|  0%| F|  |TAMS 0x0000000660800000, 0x0000000660800000| Untracked 
| 371|0x0000000660c00000, 0x0000000660c00000, 0x0000000661000000|  0%| F|  |TAMS 0x0000000660c00000, 0x0000000660c00000| Untracked 
| 372|0x0000000661000000, 0x0000000661000000, 0x0000000661400000|  0%| F|  |TAMS 0x0000000661000000, 0x0000000661000000| Untracked 
| 373|0x0000000661400000, 0x0000000661400000, 0x0000000661800000|  0%| F|  |TAMS 0x0000000661400000, 0x0000000661400000| Untracked 
| 374|0x0000000661800000, 0x0000000661800000, 0x0000000661c00000|  0%| F|  |TAMS 0x0000000661800000, 0x0000000661800000| Untracked 
| 375|0x0000000661c00000, 0x0000000661c00000, 0x0000000662000000|  0%| F|  |TAMS 0x0000000661c00000, 0x0000000661c00000| Untracked 
| 376|0x0000000662000000, 0x0000000662000000, 0x0000000662400000|  0%| F|  |TAMS 0x0000000662000000, 0x0000000662000000| Untracked 
| 377|0x0000000662400000, 0x0000000662400000, 0x0000000662800000|  0%| F|  |TAMS 0x0000000662400000, 0x0000000662400000| Untracked 
| 378|0x0000000662800000, 0x0000000662800000, 0x0000000662c00000|  0%| F|  |TAMS 0x0000000662800000, 0x0000000662800000| Untracked 
| 379|0x0000000662c00000, 0x0000000662c00000, 0x0000000663000000|  0%| F|  |TAMS 0x0000000662c00000, 0x0000000662c00000| Untracked 
| 380|0x0000000663000000, 0x0000000663000000, 0x0000000663400000|  0%| F|  |TAMS 0x0000000663000000, 0x0000000663000000| Untracked 
| 381|0x0000000663400000, 0x0000000663400000, 0x0000000663800000|  0%| F|  |TAMS 0x0000000663400000, 0x0000000663400000| Untracked 
| 382|0x0000000663800000, 0x0000000663800000, 0x0000000663c00000|  0%| F|  |TAMS 0x0000000663800000, 0x0000000663800000| Untracked 
| 383|0x0000000663c00000, 0x0000000663c00000, 0x0000000664000000|  0%| F|  |TAMS 0x0000000663c00000, 0x0000000663c00000| Untracked 

Card table byte_map: [0x00000261d5ff0000,0x00000261d6fd0000] _byte_map_base: 0x00000261d2fd0000

Marking Bits (Prev, Next): (CMBitMap*) 0x00000261bda654f0, (CMBitMap*) 0x00000261bda65530
 Prev Bits: [0x00000261d7fb0000, 0x00000261dfeb0000)
 Next Bits: [0x00000261dfeb0000, 0x00000261e7db0000)

Polling page: 0x00000261bd1c0000

Metaspace:

Usage:
  Non-class:      8.85 MB used.
      Class:    969.09 KB used.
       Both:      9.79 MB used.

Virtual space:
  Non-class space:       16.00 MB reserved,       9.00 MB ( 56%) committed,  2 nodes.
      Class space:        1.00 GB reserved,       1.06 MB ( <1%) committed,  1 nodes.
             Both:        1.02 GB reserved,      10.06 MB ( <1%) committed. 

Chunk freelists:
   Non-Class:  2.28 MB
       Class:  2.83 MB
        Both:  5.11 MB

MaxMetaspaceSize: unlimited
CompressedClassSpaceSize: 1.00 GB
Initial GC threshold: 21.00 MB
Current GC threshold: 21.00 MB
CDS: on
MetaspaceReclaimPolicy: balanced
 - commit_granule_bytes: 65536.
 - commit_granule_words: 8192.
 - virtual_space_node_default_size: 1048576.
 - enlarge_chunks_in_place: 1.
 - new_chunks_are_fully_committed: 0.
 - uncommit_free_chunks: 1.
 - use_allocation_guard: 0.
 - handle_deallocations: 1.


Internal statistics:

num_allocs_failed_limit: 0.
num_arena_births: 376.
num_arena_deaths: 0.
num_vsnodes_births: 3.
num_vsnodes_deaths: 0.
num_space_committed: 161.
num_space_uncommitted: 0.
num_chunks_returned_to_freelist: 0.
num_chunks_taken_from_freelist: 830.
num_chunk_merges: 0.
num_chunk_splits: 487.
num_chunks_enlarged: 185.
num_purges: 0.
num_inconsistent_stats: 0.

CodeHeap 'non-profiled nmethods': size=119168Kb used=3571Kb max_used=4062Kb free=115596Kb
 bounds [0x00000261ccde0000, 0x00000261cd1e0000, 0x00000261d4240000]
CodeHeap 'profiled nmethods': size=119104Kb used=5964Kb max_used=7263Kb free=113139Kb
 bounds [0x00000261c5990000, 0x00000261c60b0000, 0x00000261ccde0000]
CodeHeap 'non-nmethods': size=7488Kb used=2858Kb max_used=2953Kb free=4630Kb
 bounds [0x00000261c5240000, 0x00000261c5530000, 0x00000261c5990000]
 total_blobs=3658 nmethods=3196 adapters=371
 compilation: enabled
              stopped_count=0, restarted_count=0
 full_count=0

Compilation events (20 events):
Event: 3.518 Thread 0x00000261eaf939c0 3987       4       org.objectweb.asm.tree.analysis.BasicVerifier::isSubTypeOf (6 bytes)
Event: 3.518 Thread 0x00000261eee9a770 3949       4       org.objectweb.asm.ByteVector::put12 (64 bytes)
Event: 3.519 Thread 0x00000261eaf939c0 nmethod 3987 0x00000261ccfcd790 code [0x00000261ccfcd920, 0x00000261ccfcda08]
Event: 3.519 Thread 0x00000261eaf939c0 4181       4       org.objectweb.asm.tree.analysis.Analyzer::newControlFlowExceptionEdge (17 bytes)
Event: 3.521 Thread 0x00000261eee99840 nmethod 4300 0x00000261cceb4690 code [0x00000261cceb4820, 0x00000261cceb4d98]
Event: 3.521 Thread 0x00000261eee99840 4302       4       org.objectweb.asm.SymbolTable$Entry::<init> (18 bytes)
Event: 3.522 Thread 0x00000261eee9a770 nmethod 3949 0x00000261ccfecc90 code [0x00000261ccfece20, 0x00000261ccfed358]
Event: 3.522 Thread 0x00000261eee9a770 3940       4       org.objectweb.asm.util.CheckMethodAdapter::checkInternalName (69 bytes)
Event: 3.522 Thread 0x00000261eee99840 nmethod 4302 0x00000261cd047b10 code [0x00000261cd047c80, 0x00000261cd047f18]
Event: 3.522 Thread 0x00000261eee99840 3979       4       org.objectweb.asm.util.CheckMethodAdapter::visitInsn (31 bytes)
Event: 3.523 Thread 0x00000261eaf939c0 nmethod 4181 0x00000261ccf53f10 code [0x00000261ccf540a0, 0x00000261ccf54578]
Event: 3.523 Thread 0x00000261eaf939c0 4021       4       org.objectweb.asm.MethodWriter::visitEnd (1 bytes)
Event: 3.524 Thread 0x00000261eaf939c0 nmethod 4021 0x00000261ccf53a90 code [0x00000261ccf53c00, 0x00000261ccf53c78]
Event: 3.524 Thread 0x00000261eaf939c0 3980       4       org.objectweb.asm.MethodWriter::visitInsn (115 bytes)
Event: 3.524 Thread 0x00000261eee9a770 nmethod 3940 0x00000261cce16c90 code [0x00000261cce16e40, 0x00000261cce17008]
Event: 3.524 Thread 0x00000261eee9a770 4163       4       org.objectweb.asm.tree.LabelNode::getLabel (23 bytes)
Event: 3.525 Thread 0x00000261eee9a770 nmethod 4163 0x00000261cced4d10 code [0x00000261cced4ea0, 0x00000261cced5078]
Event: 3.525 Thread 0x00000261eee9a770 4013       4       org.objectweb.asm.MethodWriter::visitCode (1 bytes)
Event: 3.526 Thread 0x00000261eee9a770 nmethod 4013 0x00000261cced4910 code [0x00000261cced4a80, 0x00000261cced4af8]
Event: 3.526 Thread 0x00000261eee9a770 4015       4       org.objectweb.asm.MethodWriter::visitVarInsn (302 bytes)

GC Heap History (20 events):
Event: 0.454 GC heap after
{Heap after GC invocations=5 (full 0):
 garbage-first heap   total 520192K, used 57894K [0x0000000604000000, 0x0000000800000000)
  region size 4096K, 5 young (20480K), 5 survivors (20480K)
 Metaspace       used 4983K, committed 5184K, reserved 1056768K
  class space    used 527K, committed 640K, reserved 1048576K
}
Event: 0.513 GC heap before
{Heap before GC invocations=5 (full 0):
 garbage-first heap   total 520192K, used 217638K [0x0000000604000000, 0x0000000800000000)
  region size 4096K, 44 young (180224K), 5 survivors (20480K)
 Metaspace       used 5013K, committed 5248K, reserved 1056768K
  class space    used 530K, committed 640K, reserved 1048576K
}
Event: 0.522 GC heap after
{Heap after GC invocations=6 (full 0):
 garbage-first heap   total 954368K, used 79115K [0x0000000604000000, 0x0000000800000000)
  region size 4096K, 5 young (20480K), 5 survivors (20480K)
 Metaspace       used 5013K, committed 5248K, reserved 1056768K
  class space    used 530K, committed 640K, reserved 1048576K
}
Event: 0.641 GC heap before
{Heap before GC invocations=6 (full 0):
 garbage-first heap   total 954368K, used 283915K [0x0000000604000000, 0x0000000800000000)
  region size 4096K, 55 young (225280K), 5 survivors (20480K)
 Metaspace       used 5136K, committed 5376K, reserved 1056768K
  class space    used 533K, committed 640K, reserved 1048576K
}
Event: 0.649 GC heap after
{Heap after GC invocations=7 (full 0):
 garbage-first heap   total 954368K, used 106304K [0x0000000604000000, 0x0000000800000000)
  region size 4096K, 7 young (28672K), 7 survivors (28672K)
 Metaspace       used 5136K, committed 5376K, reserved 1056768K
  class space    used 533K, committed 640K, reserved 1048576K
}
Event: 0.908 GC heap before
{Heap before GC invocations=7 (full 0):
 garbage-first heap   total 954368K, used 458560K [0x0000000604000000, 0x0000000800000000)
  region size 4096K, 93 young (380928K), 7 survivors (28672K)
 Metaspace       used 5251K, committed 5504K, reserved 1056768K
  class space    used 539K, committed 704K, reserved 1048576K
}
Event: 0.920 GC heap after
{Heap after GC invocations=8 (full 0):
 garbage-first heap   total 954368K, used 142371K [0x0000000604000000, 0x0000000800000000)
  region size 4096K, 9 young (36864K), 9 survivors (36864K)
 Metaspace       used 5251K, committed 5504K, reserved 1056768K
  class space    used 539K, committed 704K, reserved 1048576K
}
Event: 1.178 GC heap before
{Heap before GC invocations=8 (full 0):
 garbage-first heap   total 954368K, used 465955K [0x0000000604000000, 0x0000000800000000)
  region size 4096K, 88 young (360448K), 9 survivors (36864K)
 Metaspace       used 6235K, committed 6528K, reserved 1056768K
  class space    used 633K, committed 768K, reserved 1048576K
}
Event: 1.188 GC heap after
{Heap after GC invocations=9 (full 0):
 garbage-first heap   total 954368K, used 174069K [0x0000000604000000, 0x0000000800000000)
  region size 4096K, 8 young (32768K), 8 survivors (32768K)
 Metaspace       used 6235K, committed 6528K, reserved 1056768K
  class space    used 633K, committed 768K, reserved 1048576K
}
Event: 1.687 GC heap before
{Heap before GC invocations=9 (full 0):
 garbage-first heap   total 954368K, used 681973K [0x0000000604000000, 0x0000000800000000)
  region size 4096K, 132 young (540672K), 8 survivors (32768K)
 Metaspace       used 9036K, committed 9408K, reserved 1064960K
  class space    used 910K, committed 1088K, reserved 1048576K
}
Event: 1.694 GC heap after
{Heap after GC invocations=10 (full 0):
 garbage-first heap   total 1572864K, used 178107K [0x0000000604000000, 0x0000000800000000)
  region size 4096K, 9 young (36864K), 9 survivors (36864K)
 Metaspace       used 9036K, committed 9408K, reserved 1064960K
  class space    used 910K, committed 1088K, reserved 1048576K
}
Event: 2.518 GC heap before
{Heap before GC invocations=10 (full 0):
 garbage-first heap   total 1572864K, used 1095611K [0x0000000604000000, 0x0000000800000000)
  region size 4096K, 230 young (942080K), 9 survivors (36864K)
 Metaspace       used 9129K, committed 9472K, reserved 1064960K
  class space    used 913K, committed 1088K, reserved 1048576K
}
Event: 2.543 GC heap after
{Heap after GC invocations=11 (full 0):
 garbage-first heap   total 1572864K, used 316764K [0x0000000604000000, 0x0000000800000000)
  region size 4096K, 29 young (118784K), 29 survivors (118784K)
 Metaspace       used 9129K, committed 9472K, reserved 1064960K
  class space    used 913K, committed 1088K, reserved 1048576K
}
Event: 2.546 GC heap before
{Heap before GC invocations=11 (full 0):
 garbage-first heap   total 1572864K, used 320860K [0x0000000604000000, 0x0000000800000000)
  region size 4096K, 30 young (122880K), 29 survivors (118784K)
 Metaspace       used 9130K, committed 9472K, reserved 1064960K
  class space    used 913K, committed 1088K, reserved 1048576K
}
Event: 2.565 GC heap after
{Heap after GC invocations=12 (full 0):
 garbage-first heap   total 1572864K, used 335220K [0x0000000604000000, 0x0000000800000000)
  region size 4096K, 4 young (16384K), 4 survivors (16384K)
 Metaspace       used 9130K, committed 9472K, reserved 1064960K
  class space    used 913K, committed 1088K, reserved 1048576K
}
Event: 2.600 GC heap before
{Heap before GC invocations=12 (full 0):
 garbage-first heap   total 1572864K, used 396660K [0x0000000604000000, 0x0000000800000000)
  region size 4096K, 19 young (77824K), 4 survivors (16384K)
 Metaspace       used 9131K, committed 9472K, reserved 1064960K
  class space    used 913K, committed 1088K, reserved 1048576K
}
Event: 2.606 GC heap after
{Heap after GC invocations=13 (full 0):
 garbage-first heap   total 1572864K, used 376832K [0x0000000604000000, 0x0000000800000000)
  region size 4096K, 3 young (12288K), 3 survivors (12288K)
 Metaspace       used 9131K, committed 9472K, reserved 1064960K
  class space    used 913K, committed 1088K, reserved 1048576K
}
Event: 2.986 GC heap before
{Heap before GC invocations=13 (full 0):
 garbage-first heap   total 1572864K, used 598016K [0x0000000604000000, 0x0000000800000000)
  region size 4096K, 57 young (233472K), 3 survivors (12288K)
 Metaspace       used 9984K, committed 10240K, reserved 1064960K
  class space    used 969K, committed 1088K, reserved 1048576K
}
Event: 2.999 GC heap after
{Heap after GC invocations=14 (full 0):
 garbage-first heap   total 1572864K, used 446464K [0x0000000604000000, 0x0000000800000000)
  region size 4096K, 8 young (32768K), 8 survivors (32768K)
 Metaspace       used 9984K, committed 10240K, reserved 1064960K
  class space    used 969K, committed 1088K, reserved 1048576K
}
Event: 3.526 GC heap before
{Heap before GC invocations=14 (full 0):
 garbage-first heap   total 1572864K, used 757760K [0x0000000604000000, 0x0000000800000000)
  region size 4096K, 84 young (344064K), 8 survivors (32768K)
 Metaspace       used 10028K, committed 10304K, reserved 1064960K
  class space    used 969K, committed 1088K, reserved 1048576K
}

Deoptimization events (20 events):
Event: 3.462 Thread 0x00000261bd9ea980 DEOPT PACKING pc=0x00000261cd137884 sp=0x000000c3870feb60
Event: 3.462 Thread 0x00000261bd9ea980 DEOPT UNPACKING pc=0x00000261c52923a3 sp=0x000000c3870feaf0 mode 2
Event: 3.474 Thread 0x00000261bd9ea980 DEOPT PACKING pc=0x00000261c5d7aa7f sp=0x000000c3870fe960
Event: 3.474 Thread 0x00000261bd9ea980 DEOPT UNPACKING pc=0x00000261c5292b43 sp=0x000000c3870fdf38 mode 0
Event: 3.484 Thread 0x00000261bd9ea980 DEOPT PACKING pc=0x00000261c5d7aa7f sp=0x000000c3870fe960
Event: 3.484 Thread 0x00000261bd9ea980 DEOPT UNPACKING pc=0x00000261c5292b43 sp=0x000000c3870fdf38 mode 0
Event: 3.486 Thread 0x00000261bd9ea980 DEOPT PACKING pc=0x00000261c5d7aa7f sp=0x000000c3870fe960
Event: 3.486 Thread 0x00000261bd9ea980 DEOPT UNPACKING pc=0x00000261c5292b43 sp=0x000000c3870fdf38 mode 0
Event: 3.489 Thread 0x00000261bd9ea980 Uncommon trap: trap_request=0xffffff45 fr.pc=0x00000261ccf3b4bc relative=0x000000000000489c
Event: 3.489 Thread 0x00000261bd9ea980 Uncommon trap: reason=unstable_if action=reinterpret pc=0x00000261ccf3b4bc method=net.runelite.asm.attributes.code.instructions.LDC.accept(Lorg/objectweb/asm/MethodVisitor;)V @ 128 c2
Event: 3.489 Thread 0x00000261bd9ea980 DEOPT PACKING pc=0x00000261ccf3b4bc sp=0x000000c3870fef70
Event: 3.489 Thread 0x00000261bd9ea980 DEOPT UNPACKING pc=0x00000261c52923a3 sp=0x000000c3870fef68 mode 2
Event: 3.492 Thread 0x00000261bd9ea980 DEOPT PACKING pc=0x00000261c5d7aa7f sp=0x000000c3870fe960
Event: 3.492 Thread 0x00000261bd9ea980 DEOPT UNPACKING pc=0x00000261c5292b43 sp=0x000000c3870fdf38 mode 0
Event: 3.496 Thread 0x00000261bd9ea980 DEOPT PACKING pc=0x00000261c5d7aa7f sp=0x000000c3870fe960
Event: 3.496 Thread 0x00000261bd9ea980 DEOPT UNPACKING pc=0x00000261c5292b43 sp=0x000000c3870fdf38 mode 0
Event: 3.501 Thread 0x00000261bd9ea980 DEOPT PACKING pc=0x00000261c5d7aa7f sp=0x000000c3870fe960
Event: 3.501 Thread 0x00000261bd9ea980 DEOPT UNPACKING pc=0x00000261c5292b43 sp=0x000000c3870fdf38 mode 0
Event: 3.512 Thread 0x00000261bd9ea980 DEOPT PACKING pc=0x00000261c5d7aa7f sp=0x000000c3870fe5e0
Event: 3.513 Thread 0x00000261bd9ea980 DEOPT UNPACKING pc=0x00000261c5292b43 sp=0x000000c3870fdbb8 mode 0

Classes unloaded (0 events):
No events

Classes redefined (0 events):
No events

Internal exceptions (20 events):
Event: 1.239 Thread 0x00000261bd9ea980 Implicit null exception at 0x00000261c5ed0796 to 0x00000261c5ed1d09
Event: 1.239 Thread 0x00000261bd9ea980 Exception <a 'java/lang/NullPointerException'{0x0000000634884e58}> (0x0000000634884e58) 
thrown [t:\workspace\open\src\hotspot\share\runtime\sharedRuntime.cpp, line 628]
Event: 1.273 Thread 0x00000261bd9ea980 Exception <a 'java/lang/ArrayIndexOutOfBoundsException'{0x0000000631824940}: Index 1 out of bounds for length 1> (0x0000000631824940) 
thrown [t:\workspace\open\src\hotspot\share\interpreter\interpreterRuntime.cpp, line 428]
Event: 1.275 Thread 0x00000261bd9ea980 Exception <a 'java/lang/ArrayIndexOutOfBoundsException'{0x0000000631963fc0}: Index 1 out of bounds for length 1> (0x0000000631963fc0) 
thrown [t:\workspace\open\src\hotspot\share\interpreter\interpreterRuntime.cpp, line 428]
Event: 1.275 Thread 0x00000261bd9ea980 Exception <a 'java/lang/ArrayIndexOutOfBoundsException'{0x0000000631a06d40}: Index 1 out of bounds for length 1> (0x0000000631a06d40) 
thrown [t:\workspace\open\src\hotspot\share\interpreter\interpreterRuntime.cpp, line 428]
Event: 1.285 Thread 0x00000261bd9ea980 Exception <a 'java/lang/ArrayIndexOutOfBoundsException'{0x0000000631286778}: Index 1 out of bounds for length 1> (0x0000000631286778) 
thrown [t:\workspace\open\src\hotspot\share\interpreter\interpreterRuntime.cpp, line 428]
Event: 1.286 Thread 0x00000261bd9ea980 Exception <a 'java/lang/ArrayIndexOutOfBoundsException'{0x000000063137abc8}: Index 1 out of bounds for length 1> (0x000000063137abc8) 
thrown [t:\workspace\open\src\hotspot\share\interpreter\interpreterRuntime.cpp, line 428]
Event: 1.287 Thread 0x00000261bd9ea980 Exception <a 'java/lang/ArrayIndexOutOfBoundsException'{0x0000000630c66c18}: Index 1 out of bounds for length 1> (0x0000000630c66c18) 
thrown [t:\workspace\open\src\hotspot\share\interpreter\interpreterRuntime.cpp, line 428]
Event: 1.305 Thread 0x00000261bd9ea980 Exception <a 'java/lang/NoSuchMethodError'{0x0000000630895ec0}: 'int java.lang.invoke.DirectMethodHandle$Holder.invokeVirtual(java.lang.Object, java.lang.Object, java.lang.Object)'> (0x0000000630895ec0) 
thrown [t:\workspace\open\src\hotspot\share\interpreter\linkResolver.cpp, line 766]
Event: 1.317 Thread 0x00000261bd9ea980 Exception <a 'java/lang/NoSuchMethodError'{0x00000006309cbb50}: 'void java.lang.invoke.DirectMethodHandle$Holder.invokeSpecial(java.lang.Object, java.lang.Object, java.lang.Object, java.lang.Object, java.lang.Object)'> (0x00000006309cbb50) 
thrown [t:\workspace\open\src\hotspot\share\interpreter\linkResolver.cpp, line 766]
Event: 1.318 Thread 0x00000261bd9ea980 Exception <a 'java/lang/NoSuchMethodError'{0x00000006309dde00}: 'void java.lang.invoke.DirectMethodHandle$Holder.invokeStatic(java.lang.Object, java.lang.Object, java.lang.Object)'> (0x00000006309dde00) 
thrown [t:\workspace\open\src\hotspot\share\interpreter\linkResolver.cpp, line 766]
Event: 1.599 Thread 0x00000261bd9ea980 Implicit null exception at 0x00000261ccfaeaa0 to 0x00000261ccfaeed0
Event: 1.727 Thread 0x00000261bd9ea980 Implicit null exception at 0x00000261ccf0bc80 to 0x00000261ccf0be94
Event: 1.727 Thread 0x00000261bd9ea980 Implicit null exception at 0x00000261ccf0cb82 to 0x00000261ccf0ccc7
Event: 1.903 Thread 0x00000261bd9ea980 Implicit null exception at 0x00000261cd06a23a to 0x00000261cd06c80c
Event: 2.220 Thread 0x00000261bd9ea980 Implicit null exception at 0x00000261cd05f5d5 to 0x00000261cd0621bc
Event: 2.220 Thread 0x00000261bd9ea980 Implicit null exception at 0x00000261cd0592e4 to 0x00000261cd05a994
Event: 2.220 Thread 0x00000261bd9ea980 Implicit null exception at 0x00000261cd053b5c to 0x00000261cd05545c
Event: 2.681 Thread 0x00000261bd9ea980 Exception <a 'java/lang/NoSuchMethodError'{0x000000065e2a49f0}: 'int java.lang.invoke.DirectMethodHandle$Holder.invokeVirtual(java.lang.Object, java.lang.Object)'> (0x000000065e2a49f0) 
thrown [t:\workspace\open\src\hotspot\share\interpreter\linkResolver.cpp, line 766]
Event: 2.683 Thread 0x00000261bd9ea980 Exception <a 'java/lang/NoSuchMethodError'{0x000000065e2ba9e0}: 'void java.lang.invoke.DirectMethodHandle$Holder.invokeSpecial(java.lang.Object, java.lang.Object, java.lang.Object)'> (0x000000065e2ba9e0) 
thrown [t:\workspace\open\src\hotspot\share\interpreter\linkResolver.cpp, line 766]

VM Operations (20 events):
Event: 2.684 Executing VM operation: HandshakeAllThreads done
Event: 2.688 Executing VM operation: HandshakeAllThreads
Event: 2.688 Executing VM operation: HandshakeAllThreads done
Event: 2.697 Executing VM operation: HandshakeAllThreads
Event: 2.697 Executing VM operation: HandshakeAllThreads done
Event: 2.702 Executing VM operation: HandshakeAllThreads
Event: 2.702 Executing VM operation: HandshakeAllThreads done
Event: 2.733 Executing VM operation: ICBufferFull
Event: 2.733 Executing VM operation: ICBufferFull done
Event: 2.777 Executing VM operation: HandshakeAllThreads
Event: 2.777 Executing VM operation: HandshakeAllThreads done
Event: 2.986 Executing VM operation: G1CollectForAllocation
Event: 2.999 Executing VM operation: G1CollectForAllocation done
Event: 3.092 Executing VM operation: HandshakeAllThreads
Event: 3.092 Executing VM operation: HandshakeAllThreads done
Event: 3.150 Executing VM operation: HandshakeAllThreads
Event: 3.150 Executing VM operation: HandshakeAllThreads done
Event: 3.164 Executing VM operation: HandshakeAllThreads
Event: 3.164 Executing VM operation: HandshakeAllThreads done
Event: 3.526 Executing VM operation: G1CollectForAllocation

Events (20 events):
Event: 3.167 Thread 0x00000261eaf97d80 flushing nmethod 0x00000261c5f88290
Event: 3.167 Thread 0x00000261eaf97d80 flushing nmethod 0x00000261c5f8a510
Event: 3.167 Thread 0x00000261eaf97d80 flushing nmethod 0x00000261c5f92d90
Event: 3.167 Thread 0x00000261eaf97d80 flushing nmethod 0x00000261c5fa4290
Event: 3.167 Thread 0x00000261eaf97d80 flushing nmethod 0x00000261c5fa6d10
Event: 3.167 Thread 0x00000261eaf97d80 flushing nmethod 0x00000261c5fb0490
Event: 3.167 Thread 0x00000261eaf97d80 flushing nmethod 0x00000261c5fbc190
Event: 3.167 Thread 0x00000261eaf97d80 flushing nmethod 0x00000261c5fc7510
Event: 3.167 Thread 0x00000261eaf97d80 flushing nmethod 0x00000261c5febf10
Event: 3.168 Thread 0x00000261eaf97d80 flushing nmethod 0x00000261c600a110
Event: 3.168 Thread 0x00000261eaf97d80 flushing nmethod 0x00000261c601c410
Event: 3.168 Thread 0x00000261eaf97d80 flushing nmethod 0x00000261c6041190
Event: 3.168 Thread 0x00000261eaf97d80 flushing nmethod 0x00000261c6051990
Event: 3.168 Thread 0x00000261eaf97d80 flushing nmethod 0x00000261c606e390
Event: 3.168 Thread 0x00000261eaf97d80 flushing nmethod 0x00000261c6070a10
Event: 3.168 Thread 0x00000261eaf97d80 flushing nmethod 0x00000261c6073810
Event: 3.168 Thread 0x00000261eaf97d80 flushing nmethod 0x00000261c6077e90
Event: 3.168 Thread 0x00000261eaf97d80 flushing nmethod 0x00000261c6080a10
Event: 3.168 Thread 0x00000261eaf97d80 flushing nmethod 0x00000261c6082b90
Event: 3.168 Thread 0x00000261eaf97d80 flushing nmethod 0x00000261c6083890


Dynamic libraries:
0x00007ff751650000 - 0x00007ff751660000 	C:\Program Files\Java\jdk-17.0.2\bin\java.exe
0x00007ffe9a100000 - 0x00007ffe9a309000 	C:\Windows\SYSTEM32\ntdll.dll
0x00007ffe98fd0000 - 0x00007ffe9908d000 	C:\Windows\System32\KERNEL32.DLL
0x00007ffe97920000 - 0x00007ffe97c94000 	C:\Windows\System32\KERNELBASE.dll
0x00007ffe97dd0000 - 0x00007ffe97ee1000 	C:\Windows\System32\ucrtbase.dll
0x00007ffe6d7e0000 - 0x00007ffe6d7f8000 	C:\Program Files\Java\jdk-17.0.2\bin\jli.dll
0x00007ffe6d7c0000 - 0x00007ffe6d7da000 	C:\Program Files\Java\jdk-17.0.2\bin\VCRUNTIME140.dll
0x00007ffe991b0000 - 0x00007ffe9925e000 	C:\Windows\System32\ADVAPI32.dll
0x00007ffe982c0000 - 0x00007ffe98363000 	C:\Windows\System32\msvcrt.dll
0x00007ffe99c10000 - 0x00007ffe99cae000 	C:\Windows\System32\sechost.dll
0x00007ffe98110000 - 0x00007ffe98230000 	C:\Windows\System32\RPCRT4.dll
0x00007ffe98600000 - 0x00007ffe987ac000 	C:\Windows\System32\USER32.dll
0x00007ffe97f70000 - 0x00007ffe97f96000 	C:\Windows\System32\win32u.dll
0x00007ffe856a0000 - 0x00007ffe85945000 	C:\Windows\WinSxS\amd64_microsoft.windows.common-controls_6595b64144ccf1df_6.0.22000.120_none_9d947278b86cc467\COMCTL32.dll
0x00007ffe99170000 - 0x00007ffe99199000 	C:\Windows\System32\GDI32.dll
0x00007ffe97760000 - 0x00007ffe97872000 	C:\Windows\System32\gdi32full.dll
0x00007ffe97880000 - 0x00007ffe9791d000 	C:\Windows\System32\msvcp_win.dll
0x00007ffe8f4c0000 - 0x00007ffe8f4ca000 	C:\Windows\SYSTEM32\VERSION.dll
0x00007ffe989d0000 - 0x00007ffe98a01000 	C:\Windows\System32\IMM32.DLL
0x00007ffe94350000 - 0x00007ffe9435c000 	C:\Program Files\Java\jdk-17.0.2\bin\vcruntime140_1.dll
0x00007ffe6cbf0000 - 0x00007ffe6cc7d000 	C:\Program Files\Java\jdk-17.0.2\bin\msvcp140.dll
0x00007ffe16560000 - 0x00007ffe17121000 	C:\Program Files\Java\jdk-17.0.2\bin\server\jvm.dll
0x00007ffe99090000 - 0x00007ffe99098000 	C:\Windows\System32\PSAPI.DLL
0x00007ffe7d140000 - 0x00007ffe7d149000 	C:\Windows\SYSTEM32\WSOCK32.dll
0x00007ffe98f60000 - 0x00007ffe98fcf000 	C:\Windows\System32\WS2_32.dll
0x00007ffe8d500000 - 0x00007ffe8d533000 	C:\Windows\SYSTEM32\WINMM.dll
0x00007ffe967a0000 - 0x00007ffe967b8000 	C:\Windows\SYSTEM32\kernel.appcore.dll
0x00007ffe6fe20000 - 0x00007ffe6fe2a000 	C:\Program Files\Java\jdk-17.0.2\bin\jimage.dll
0x00007ffe87080000 - 0x00007ffe872a1000 	C:\Windows\SYSTEM32\DBGHELP.DLL
0x00007ffe80f20000 - 0x00007ffe80f51000 	C:\Windows\SYSTEM32\dbgcore.DLL
0x00007ffe97ef0000 - 0x00007ffe97f6f000 	C:\Windows\System32\bcryptPrimitives.dll
0x00007ffe6d790000 - 0x00007ffe6d7b5000 	C:\Program Files\Java\jdk-17.0.2\bin\java.dll
0x00007ffe5b380000 - 0x00007ffe5b456000 	C:\Program Files\Java\jdk-17.0.2\bin\jsvml.dll
0x00007ffe99460000 - 0x00007ffe99c0f000 	C:\Windows\System32\SHELL32.dll
0x00007ffe95730000 - 0x00007ffe95f98000 	C:\Windows\SYSTEM32\windows.storage.dll
0x00007ffe99d40000 - 0x00007ffe9a0b8000 	C:\Windows\System32\combase.dll
0x00007ffe955c0000 - 0x00007ffe95726000 	C:\Windows\SYSTEM32\wintypes.dll
0x00007ffe98510000 - 0x00007ffe985fa000 	C:\Windows\System32\SHCORE.dll
0x00007ffe99260000 - 0x00007ffe992bd000 	C:\Windows\System32\shlwapi.dll
0x00007ffe97520000 - 0x00007ffe97541000 	C:\Windows\SYSTEM32\profapi.dll
0x00007ffe6cbd0000 - 0x00007ffe6cbe9000 	C:\Program Files\Java\jdk-17.0.2\bin\net.dll
0x00007ffe91f80000 - 0x00007ffe9208c000 	C:\Windows\SYSTEM32\WINHTTP.dll
0x00007ffe96bc0000 - 0x00007ffe96c27000 	C:\Windows\system32\mswsock.dll
0x00007ffe6cbb0000 - 0x00007ffe6cbc6000 	C:\Program Files\Java\jdk-17.0.2\bin\nio.dll
0x00007ffe6cb90000 - 0x00007ffe6cba8000 	C:\Program Files\Java\jdk-17.0.2\bin\zip.dll
0x00007ffe6d1d0000 - 0x00007ffe6d1e0000 	C:\Program Files\Java\jdk-17.0.2\bin\verify.dll

dbghelp: loaded successfully - version: 4.0.5 - missing functions: none
symbol engine: initialized successfully - sym options: 0x614 - pdb path: .;C:\Program Files\Java\jdk-17.0.2\bin;C:\Windows\SYSTEM32;C:\Windows\WinSxS\amd64_microsoft.windows.common-controls_6595b64144ccf1df_6.0.22000.120_none_9d947278b86cc467;C:\Program Files\Java\jdk-17.0.2\bin\server

VM Arguments:
jvm_args: -Dfile.encoding=windows-1252 -Duser.country=US -Duser.language=en -Duser.variant 
java_command: com.openosrs.injector.Injector
java_class_path (initial): C:\repo\meteor-api\injector\build\classes\java\main;C:\repo\meteor-api\injector\build\resources\main;C:\Users\Tyler\.gradle\caches\7.4.2\generated-gradle-jars\gradle-api-7.4.2.jar;C:\Users\Tyler\.gradle\wrapper\dists\gradle-7.4.2-bin\48ivgl02cpt2ed3fh9dbalvx8\gradle-7.4.2\lib\groovy-3.0.9.jar;C:\Users\Tyler\.gradle\wrapper\dists\gradle-7.4.2-bin\48ivgl02cpt2ed3fh9dbalvx8\gradle-7.4.2\lib\groovy-ant-3.0.9.jar;C:\Users\Tyler\.gradle\wrapper\dists\gradle-7.4.2-bin\48ivgl02cpt2ed3fh9dbalvx8\gradle-7.4.2\lib\groovy-astbuilder-3.0.9.jar;C:\Users\Tyler\.gradle\wrapper\dists\gradle-7.4.2-bin\48ivgl02cpt2ed3fh9dbalvx8\gradle-7.4.2\lib\groovy-console-3.0.9.jar;C:\Users\Tyler\.gradle\wrapper\dists\gradle-7.4.2-bin\48ivgl02cpt2ed3fh9dbalvx8\gradle-7.4.2\lib\groovy-datetime-3.0.9.jar;C:\Users\Tyler\.gradle\wrapper\dists\gradle-7.4.2-bin\48ivgl02cpt2ed3fh9dbalvx8\gradle-7.4.2\lib\groovy-dateutil-3.0.9.jar;C:\Users\Tyler\.gradle\wrapper\dists\gradle-7.4.2-bin\48ivgl02cpt2ed3fh9dbalvx8\gradle-7.4.2\lib\groovy-groovydoc-3.0.9.jar;C:\Users\Tyler\.gradle\wrapper\dists\gradle-7.4.2-bin\48ivgl02cpt2ed3fh9dbalvx8\gradle-7.4.2\lib\groovy-json-3.0.9.jar;C:\Users\Tyler\.gradle\wrapper\dists\gradle-7.4.2-bin\48ivgl02cpt2ed3fh9dbalvx8\gradle-7.4.2\lib\groovy-nio-3.0.9.jar;C:\Users\Tyler\.gradle\wrapper\dists\gradle-7.4.2-bin\48ivgl02cpt2ed3fh9dbalvx8\gradle-7.4.2\lib\groovy-sql-3.0.9.jar;C:\Users\Tyler\.gradle\wrapper\dists\gradle-7.4.2-bin\48ivgl02cpt2ed3fh9dbalvx8\gradle-7.4.2\lib\groovy-templates-3.0.9.jar;C:\Users\Tyler\.gradle\wrapper\dists\gradle-7.4.2-bin\48ivgl02cpt2ed3fh9dbalvx8\gradle-7.4.2\lib\groovy-test-3.0.9.jar;C:\Users\Tyler\.gradle\wrapper\dists\gradle-7.4.2-bin\48ivgl02cpt2ed3fh9dbalvx8\gradle-7.4.2\lib\groovy-xml-3.0.9.jar;C:\Users\Tyler\.gradle\wrapper\dists\gradle-7.4.2-bin\48ivgl02cpt2ed3fh9dbalvx8\gradle-7.4.2\lib\javaparser-core-3.17.0.jar;C:\Users\Tyler\.gradle\wrapper\dists\gradle-7.4.2-bin\48ivgl02cpt2ed3fh9dbalvx8\gradle-7.4.2\lib\kotli
Launcher Type: SUN_STANDARD

[Global flags]
     intx CICompilerCount                          = 12                                        {product} {ergonomic}
     uint ConcGCThreads                            = 5                                         {product} {ergonomic}
     uint G1ConcRefinementThreads                  = 18                                        {product} {ergonomic}
   size_t G1HeapRegionSize                         = 4194304                                   {product} {ergonomic}
    uintx GCDrainStackTargetSize                   = 64                                        {product} {ergonomic}
   size_t InitialHeapSize                          = 532676608                                 {product} {ergonomic}
   size_t MarkStackSize                            = 4194304                                   {product} {ergonomic}
   size_t MaxHeapSize                              = 8522825728                                {product} {ergonomic}
   size_t MaxNewSize                               = 5112856576                                {product} {ergonomic}
   size_t MinHeapDeltaBytes                        = 4194304                                   {product} {ergonomic}
   size_t MinHeapSize                              = 8388608                                   {product} {ergonomic}
    uintx NonNMethodCodeHeapSize                   = 7602480                                {pd product} {ergonomic}
    uintx NonProfiledCodeHeapSize                  = 122027880                              {pd product} {ergonomic}
    uintx ProfiledCodeHeapSize                     = 122027880                              {pd product} {ergonomic}
    uintx ReservedCodeCacheSize                    = 251658240                              {pd product} {ergonomic}
     bool SegmentedCodeCache                       = true                                      {product} {ergonomic}
   size_t SoftMaxHeapSize                          = 8522825728                             {manageable} {ergonomic}
     bool UseCompressedClassPointers               = true                           {product lp64_product} {ergonomic}
     bool UseCompressedOops                        = true                           {product lp64_product} {ergonomic}
     bool UseG1GC                                  = true                                      {product} {ergonomic}
     bool UseLargePagesIndividualAllocation        = false                                  {pd product} {ergonomic}

Logging:
Log output configuration:
 #0: stdout all=warning uptime,level,tags
 #1: stderr all=off uptime,level,tags

Environment Variables:
PATH=C:\Program Files\Common Files\Oracle\Java\javapath;C:\Program Files (x86)\VMware\VMware Workstation\bin\;C:\Program Files\Java\jdk-17.0.2\bin;C:\Program Files (x86)\Razer Chroma SDK\bin;C:\Program Files\Razer Chroma SDK\bin;C:\Program Files (x86)\Razer\ChromaBroadcast\bin;C:\Program Files\Razer\ChromaBroadcast\bin;C:\Windows\system32;C:\Windows;C:\Windows\System32\Wbem;C:\Windows\System32\WindowsPowerShell\v1.0\;C:\Windows\System32\OpenSSH\;C:\Program Files\NVIDIA Corporation\NVIDIA NvDLISR;C:\Program Files (x86)\NVIDIA Corporation\PhysX\Common;C:\Program Files\dotnet\;C:\Program Files\Git\cmd;C:\Windows\system32\config\systemprofile\AppData\Local\Microsoft\WindowsApps;C:\Program Files\LLVM\bin;C:\Program Files (x86)\Windows Kits\10\Windows Performance Toolkit\;C:\Users\Tyler\AppData\Local\Microsoft\WindowsApps;
USERNAME=Tyler
OS=Windows_NT
PROCESSOR_IDENTIFIER=Intel64 Family 6 Model 151 Stepping 2, GenuineIntel



---------------  S Y S T E M  ---------------

OS:
 Windows 11 , 64 bit Build 22000 (10.0.22000.613)
OS uptime: 0 days 1:18 hours
Hyper-V role detected

CPU: total 24 (initial active 24) (12 cores per cpu, 2 threads per core) family 6 model 151 stepping 2 microcode 0xf, cx8, cmov, fxsr, ht, mmx, 3dnowpref, sse, sse2, sse3, ssse3, sse4.1, sse4.2, popcnt, lzcnt, tsc, tscinvbit, avx, avx2, aes, erms, clmul, bmi1, bmi2, adx, sha, fma, vzeroupper, clflush, clflushopt, clwb, hv

Memory: 4k page, system-wide physical 32509M (5262M free)
TotalPageFile size 32509M (AvailPageFile size 1183M)
current process WorkingSet (physical memory assigned to process): 1707M, peak: 1712M
current process commit charge ("private bytes"): 1842M, peak: 4170M

vm_info: Java HotSpot(TM) 64-Bit Server VM (17.0.2+8-LTS-86) for windows-amd64 JRE (17.0.2+8-LTS-86), built on Dec  7 2021 21:51:03 by "mach5one" with MS VC++ 16.8 / 16.9 (VS2019)

END.
